[ 2017-03-08T09:03:57+08:00 ] 127.0.0.1 /?c=admin
ERR: 无法加载控制器:Admin

[ 2017-03-08T09:08:38+08:00 ] 127.0.0.1 /Home/user/index.html
ERR: 非法操作:index

[ 2017-03-08T09:08:46+08:00 ] 127.0.0.1 /Home/user/index.html
ERR: 非法操作:index

[ 2017-03-08T10:13:17+08:00 ] 127.0.0.1 /index.php/Home/user/register
ERR: Unable to load template file 'www\tp\ThinkPHP/Tpl/dispatch_jump.tpl'

[ 2017-03-08T10:16:45+08:00 ] 127.0.0.1 /index.php/Home/user/register
ERR: Unable to load template file 'www\tp\ThinkPHP/Tpl/dispatch_jump.tpl'

[ 2017-03-08T10:36:40+08:00 ] 127.0.0.1 /index.php/Home/User/verifyImg
ERR: 非法操作:verifyImg

[ 2017-03-08T10:44:53+08:00 ] 127.0.0.1 /index.php/Home/user/login?username=&password=&verifyImg=
INFO: [ app_begin ] --START--
INFO: Run Behavior\ReadHtmlCacheBehavior [ RunTime:0.001000s ]
INFO: [ app_begin ] --END-- [ RunTime:0.001000s ]
INFO: [ app_end ] --START--
INFO: Run Behavior\ShowPageTraceBehavior [ RunTime:0.001000s ]
INFO: [ app_end ] --END-- [ RunTime:0.001000s ]

[ 2017-03-08T10:48:28+08:00 ] 127.0.0.1 /index.php/Home/user/login?username=&password=&verifyImg=
INFO: [ app_begin ] --START--
INFO: Run Behavior\ReadHtmlCacheBehavior [ RunTime:0.002000s ]
INFO: [ app_begin ] --END-- [ RunTime:0.002000s ]

[ 2017-03-08T10:48:36+08:00 ] 127.0.0.1 /index.php/Home/user/login?username=&password=&verifyImg=
INFO: [ app_begin ] --START--
INFO: Run Behavior\ReadHtmlCacheBehavior [ RunTime:0.001000s ]
INFO: [ app_begin ] --END-- [ RunTime:0.002000s ]

[ 2017-03-08T10:48:42+08:00 ] 127.0.0.1 /index.php/Home/user/login?username=&password=&verifyImg=
INFO: [ app_begin ] --START--
INFO: Run Behavior\ReadHtmlCacheBehavior [ RunTime:0.001000s ]
INFO: [ app_begin ] --END-- [ RunTime:0.002000s ]

[ 2017-03-08T10:48:47+08:00 ] 127.0.0.1 /index.php/Home/user/login?username=&password=&verifyImg=
INFO: [ app_begin ] --START--
INFO: Run Behavior\ReadHtmlCacheBehavior [ RunTime:0.001000s ]
INFO: [ app_begin ] --END-- [ RunTime:0.001000s ]

[ 2017-03-08T10:48:52+08:00 ] 127.0.0.1 /index.php/Home/user/login?username=&password=&verifyImg=
INFO: [ app_begin ] --START--
INFO: Run Behavior\ReadHtmlCacheBehavior [ RunTime:0.001000s ]
INFO: [ app_begin ] --END-- [ RunTime:0.001000s ]

[ 2017-03-08T10:49:30+08:00 ] 127.0.0.1 /index.php/Home/user/login?username=&password=&verifyImg=
INFO: [ app_begin ] --START--
INFO: Run Behavior\ReadHtmlCacheBehavior [ RunTime:0.001000s ]
INFO: [ app_begin ] --END-- [ RunTime:0.001000s ]

[ 2017-03-08T10:49:32+08:00 ] 127.0.0.1 /index.php/Home/user/login?username=&password=&verifyImg=
INFO: [ app_begin ] --START--
INFO: Run Behavior\ReadHtmlCacheBehavior [ RunTime:0.001000s ]
INFO: [ app_begin ] --END-- [ RunTime:0.002000s ]

[ 2017-03-08T10:49:34+08:00 ] 127.0.0.1 /index.php/Home/user/login?username=&password=&verifyImg=
INFO: [ app_begin ] --START--
INFO: Run Behavior\ReadHtmlCacheBehavior [ RunTime:0.000000s ]
INFO: [ app_begin ] --END-- [ RunTime:0.001000s ]

[ 2017-03-08T10:49:36+08:00 ] 127.0.0.1 /index.php/Home/user/login?username=&password=&verifyImg=
INFO: [ app_begin ] --START--
INFO: Run Behavior\ReadHtmlCacheBehavior [ RunTime:0.001000s ]
INFO: [ app_begin ] --END-- [ RunTime:0.003000s ]

[ 2017-03-08T10:50:35+08:00 ] 127.0.0.1 /index.php/Home/user/login?username=&password=&verifyImg=
INFO: [ app_begin ] --START--
INFO: Run Behavior\ReadHtmlCacheBehavior [ RunTime:0.001000s ]
INFO: [ app_begin ] --END-- [ RunTime:0.001000s ]

[ 2017-03-08T10:50:38+08:00 ] 127.0.0.1 /index.php/Home/user/login?username=&password=&verifyImg=
INFO: [ app_begin ] --START--
INFO: Run Behavior\ReadHtmlCacheBehavior [ RunTime:0.001000s ]
INFO: [ app_begin ] --END-- [ RunTime:0.002000s ]

[ 2017-03-08T10:50:40+08:00 ] 127.0.0.1 /index.php/Home/user/login?username=&password=&verifyImg=
INFO: [ app_begin ] --START--
INFO: Run Behavior\ReadHtmlCacheBehavior [ RunTime:0.001000s ]
INFO: [ app_begin ] --END-- [ RunTime:0.002000s ]

[ 2017-03-08T10:50:47+08:00 ] 127.0.0.1 /index.php/Home/user/login?username=&password=&verifyImg=
INFO: [ app_begin ] --START--
INFO: Run Behavior\ReadHtmlCacheBehavior [ RunTime:0.001000s ]
INFO: [ app_begin ] --END-- [ RunTime:0.001000s ]
INFO: [ app_end ] --START--
INFO: Run Behavior\ShowPageTraceBehavior [ RunTime:0.001000s ]
INFO: [ app_end ] --END-- [ RunTime:0.001000s ]

[ 2017-03-08T10:55:48+08:00 ] 127.0.0.1 /index.php/Home/user/login?username=&password=&verifyImg=
INFO: [ app_begin ] --START--
INFO: Run Behavior\ReadHtmlCacheBehavior [ RunTime:0.001000s ]
INFO: [ app_begin ] --END-- [ RunTime:0.001000s ]
SQL: SHOW COLUMNS FROM `sw_user` [ RunTime:0.0000s ]
SQL: SELECT * FROM `sw_user` WHERE `username` = '郑保坤' AND `password` = '76d86f7f6f4fde52e601c4123a15da8d' LIMIT 1   [ RunTime:0.0000s ]
INFO: [ app_end ] --START--
INFO: Run Behavior\ShowPageTraceBehavior [ RunTime:0.000000s ]
INFO: [ app_end ] --END-- [ RunTime:0.001000s ]

[ 2017-03-08T10:56:02+08:00 ] 127.0.0.1 /index.php/Home/user/login?username=&password=&verifyImg=
INFO: [ app_begin ] --START--
INFO: Run Behavior\ReadHtmlCacheBehavior [ RunTime:0.001000s ]
INFO: [ app_begin ] --END-- [ RunTime:0.002000s ]

[ 2017-03-08T10:56:09+08:00 ] 127.0.0.1 /index.php/Home/user/login?username=&password=&verifyImg=
INFO: [ app_begin ] --START--
INFO: Run Behavior\ReadHtmlCacheBehavior [ RunTime:0.001000s ]
INFO: [ app_begin ] --END-- [ RunTime:0.002000s ]
SQL: SHOW COLUMNS FROM `sw_user` [ RunTime:0.0010s ]
SQL: SELECT * FROM `sw_user` WHERE `username` = '郑保' AND `password` = '76d86f7f6f4fde52e601c4123a15da8d' LIMIT 1   [ RunTime:0.0010s ]
INFO: [ app_end ] --START--
INFO: Run Behavior\ShowPageTraceBehavior [ RunTime:0.001000s ]
INFO: [ app_end ] --END-- [ RunTime:0.001000s ]

[ 2017-03-08T10:56:26+08:00 ] 127.0.0.1 /index.php/Home/user/login?username=&password=&verifyImg=
INFO: [ app_begin ] --START--
INFO: Run Behavior\ReadHtmlCacheBehavior [ RunTime:0.001000s ]
INFO: [ app_begin ] --END-- [ RunTime:0.001000s ]

[ 2017-03-08T10:56:37+08:00 ] 127.0.0.1 /index.php/Home/user/login?username=&password=&verifyImg=
INFO: [ app_begin ] --START--
INFO: Run Behavior\ReadHtmlCacheBehavior [ RunTime:0.001000s ]
INFO: [ app_begin ] --END-- [ RunTime:0.002000s ]
SQL: SHOW COLUMNS FROM `sw_user` [ RunTime:0.0010s ]
SQL: SELECT * FROM `sw_user` WHERE `username` = '郑保坤\'#\'' AND `password` = '12054593510133c9b099e0c69fa72ec3' LIMIT 1   [ RunTime:0.0010s ]
INFO: [ app_end ] --START--
INFO: Run Behavior\ShowPageTraceBehavior [ RunTime:0.000000s ]
INFO: [ app_end ] --END-- [ RunTime:0.000000s ]

[ 2017-03-08T10:56:44+08:00 ] 127.0.0.1 /index.php/Home/user/login?username=&password=&verifyImg=
INFO: [ app_begin ] --START--
INFO: Run Behavior\ReadHtmlCacheBehavior [ RunTime:0.001000s ]
INFO: [ app_begin ] --END-- [ RunTime:0.002001s ]

[ 2017-03-08T10:56:52+08:00 ] 127.0.0.1 /index.php/Home/user/login?username=&password=&verifyImg=
INFO: [ app_begin ] --START--
INFO: Run Behavior\ReadHtmlCacheBehavior [ RunTime:0.001000s ]
INFO: [ app_begin ] --END-- [ RunTime:0.001000s ]
SQL: SHOW COLUMNS FROM `sw_user` [ RunTime:0.0000s ]
SQL: SELECT * FROM `sw_user` WHERE `username` = '郑保坤\'#' AND `password` = '12054593510133c9b099e0c69fa72ec3' LIMIT 1   [ RunTime:0.0010s ]
INFO: [ app_end ] --START--
INFO: Run Behavior\ShowPageTraceBehavior [ RunTime:0.000000s ]
INFO: [ app_end ] --END-- [ RunTime:0.000000s ]

[ 2017-03-08T10:56:56+08:00 ] 127.0.0.1 /index.php/Home/user/login?username=&password=&verifyImg=
INFO: [ app_begin ] --START--
INFO: Run Behavior\ReadHtmlCacheBehavior [ RunTime:0.001000s ]
INFO: [ app_begin ] --END-- [ RunTime:0.002000s ]

[ 2017-03-08T10:57:06+08:00 ] 127.0.0.1 /index.php/Home/user/login?username=&password=&verifyImg=
INFO: [ app_begin ] --START--
INFO: Run Behavior\ReadHtmlCacheBehavior [ RunTime:0.001000s ]
INFO: [ app_begin ] --END-- [ RunTime:0.002000s ]
SQL: SHOW COLUMNS FROM `sw_user` [ RunTime:0.0010s ]
SQL: SELECT * FROM `sw_user` WHERE `username` = '郑保坤\'#' AND `password` = '12054593510133c9b099e0c69fa72ec3' LIMIT 1   [ RunTime:0.0000s ]
INFO: [ app_end ] --START--
INFO: Run Behavior\ShowPageTraceBehavior [ RunTime:0.001000s ]
INFO: [ app_end ] --END-- [ RunTime:0.001000s ]

[ 2017-03-08T10:58:34+08:00 ] 127.0.0.1 /index.php/Home/user/login?username=&password=&verifyImg=
INFO: [ app_begin ] --START--
INFO: Run Behavior\ReadHtmlCacheBehavior [ RunTime:0.002000s ]
INFO: [ app_begin ] --END-- [ RunTime:0.002000s ]
SQL: SHOW COLUMNS FROM `sw_user` [ RunTime:0.0010s ]
SQL: SELECT `user_id`,`username` FROM `sw_user` WHERE `username` = '郑保坤' AND `password` = '04b2db7a47358170255a0cfcbca22f77' LIMIT 1   [ RunTime:0.0000s ]

[ 2017-03-08T10:58:47+08:00 ] 127.0.0.1 /index.php/Home/user/login?username=&password=&verifyImg=
INFO: [ app_begin ] --START--
INFO: Run Behavior\ReadHtmlCacheBehavior [ RunTime:0.001000s ]
INFO: [ app_begin ] --END-- [ RunTime:0.002000s ]
SQL: SHOW COLUMNS FROM `sw_user` [ RunTime:0.0000s ]
SQL: SELECT `user_id`,`username` FROM `sw_user` WHERE `username` = '郑保坤' AND `password` = '76d86f7f6f4fde52e601c4123a15da8d' LIMIT 1   [ RunTime:0.0000s ]
INFO: [ app_end ] --START--
INFO: Run Behavior\ShowPageTraceBehavior [ RunTime:0.000000s ]
INFO: [ app_end ] --END-- [ RunTime:0.000000s ]

[ 2017-03-08T10:58:51+08:00 ] 127.0.0.1 /index.php/Home/user/login?username=&password=&verifyImg=
INFO: [ app_begin ] --START--
INFO: Run Behavior\ReadHtmlCacheBehavior [ RunTime:0.001000s ]
INFO: [ app_begin ] --END-- [ RunTime:0.002001s ]

[ 2017-03-08T10:59:00+08:00 ] 127.0.0.1 /index.php/Home/user/login?username=&password=&verifyImg=
INFO: [ app_begin ] --START--
INFO: Run Behavior\ReadHtmlCacheBehavior [ RunTime:0.001000s ]
INFO: [ app_begin ] --END-- [ RunTime:0.002000s ]
SQL: SHOW COLUMNS FROM `sw_user` [ RunTime:0.0010s ]
SQL: SELECT `user_id`,`username` FROM `sw_user` WHERE `username` = '郑保坤' AND `password` = '76d86f7f6f4fde52e601c4123a15da8d' LIMIT 1   [ RunTime:0.0000s ]
INFO: [ app_end ] --START--
INFO: Run Behavior\ShowPageTraceBehavior [ RunTime:0.001000s ]
INFO: [ app_end ] --END-- [ RunTime:0.001000s ]

[ 2017-03-08T11:00:09+08:00 ] 127.0.0.1 /index.php/Home/user/login?username=&password=&verifyImg=
INFO: [ app_begin ] --START--
INFO: Run Behavior\ReadHtmlCacheBehavior [ RunTime:0.001000s ]
INFO: [ app_begin ] --END-- [ RunTime:0.002000s ]
SQL: SHOW COLUMNS FROM `sw_user` [ RunTime:0.0010s ]
SQL: SELECT `user_id`,`username` FROM `sw_user` WHERE `username` = '郑保坤' AND `password` = '76d86f7f6f4fde52e601c4123a15da8d' LIMIT 1   [ RunTime:0.0000s ]

[ 2017-03-08T11:03:13+08:00 ] 127.0.0.1 /Index/index
ERR: Syntax Error in template "D:/wamp64/www/tp/shop/Home/View\Index\header.html"  on line 51 "{else/}"  - Unexpected "}"

[ 2017-03-08T11:03:23+08:00 ] 127.0.0.1 /Index/index
ERR: Syntax Error in template "D:/wamp64/www/tp/shop/Home/View\Index\header.html"  on line 51 "{/else}" unknown tag "elseclose"

[ 2017-03-08T11:03:44+08:00 ] 127.0.0.1 /index.php/Home/user/login
INFO: [ app_begin ] --START--
INFO: Run Behavior\ReadHtmlCacheBehavior [ RunTime:0.001000s ]
INFO: [ app_begin ] --END-- [ RunTime:0.001000s ]
SQL: SHOW COLUMNS FROM `sw_user` [ RunTime:0.0000s ]
SQL: SELECT `user_id`,`username` FROM `sw_user` WHERE `username` = '郑保坤' AND `password` = '76d86f7f6f4fde52e601c4123a15da8d' LIMIT 1   [ RunTime:0.0000s ]

