[ 2017-03-09T16:12:09+08:00 ] 127.0.0.1 /index.php/Admin/Manager/login
INFO: [ app_begin ] --START--
INFO: Run Behavior\ReadHtmlCacheBehavior [ RunTime:0.000000s ]
INFO: [ app_begin ] --END-- [ RunTime:0.001001s ]
SQL: SHOW COLUMNS FROM `sw_manager` [ RunTime:0.0000s ]
SQL: SELECT * FROM `sw_manager` LIMIT 1   [ RunTime:0.0000s ]
SQL: SHOW COLUMNS FROM `sw_role` [ RunTime:0.0010s ]
SQL: SELECT * FROM `sw_role` WHERE `role_id` = 100 LIMIT 1   [ RunTime:0.0000s ]

[ 2017-03-09T16:12:15+08:00 ] 127.0.0.1 /index.php/Admin/Manager/login
INFO: [ app_begin ] --START--
INFO: Run Behavior\ReadHtmlCacheBehavior [ RunTime:0.001000s ]
INFO: [ app_begin ] --END-- [ RunTime:0.001000s ]
SQL: SHOW COLUMNS FROM `sw_manager` [ RunTime:0.0010s ]
SQL: SELECT * FROM `sw_manager` LIMIT 1   [ RunTime:0.0000s ]
SQL: SHOW COLUMNS FROM `sw_role` [ RunTime:0.0000s ]
SQL: SELECT * FROM `sw_role` WHERE `role_id` = 100 LIMIT 1   [ RunTime:0.0000s ]

[ 2017-03-09T16:12:22+08:00 ] 127.0.0.1 /index.php/Admin/Manager/login
INFO: [ app_begin ] --START--
INFO: Run Behavior\ReadHtmlCacheBehavior [ RunTime:0.001000s ]
INFO: [ app_begin ] --END-- [ RunTime:0.001000s ]
SQL: SHOW COLUMNS FROM `sw_manager` [ RunTime:0.0000s ]
SQL: SELECT * FROM `sw_manager` LIMIT 1   [ RunTime:0.0000s ]
SQL: SHOW COLUMNS FROM `sw_role` [ RunTime:0.0010s ]
SQL: SELECT * FROM `sw_role` WHERE `role_id` = 100 LIMIT 1   [ RunTime:0.0000s ]
SQL: SELECT * FROM `sw_manager` WHERE `mg_name` = 'admin' AND `mg_pwd` = 'a66abb5684c45962d887564f08346e8d' LIMIT 1   [ RunTime:0.0010s ]

[ 2017-03-09T16:18:31+08:00 ] 127.0.0.1 /index.php/Admin/Goods/cateAdd
ERR: 非法操作:cateAdd

[ 2017-03-09T16:19:27+08:00 ] 127.0.0.1 /index.php/Admin/Order/search
ERR: 无法加载控制器:Order

[ 2017-03-09T16:19:30+08:00 ] 127.0.0.1 /index.php/Admin/Goods/cateAdd
ERR: 模板不存在:D:/wamp64/www/tp/shop/Admin/View/Goods/cateAdd.html

[ 2017-03-09T16:20:08+08:00 ] 127.0.0.1 /index.php/Admin/Goods/add
ERR: 非法操作:add

[ 2017-03-09T16:20:24+08:00 ] 127.0.0.1 /index.php/Admin/Goods/cateAdd
ERR: 模板不存在:D:/wamp64/www/tp/shop/Admin/View/Goods/cateAdd.html

[ 2017-03-09T16:20:31+08:00 ] 127.0.0.1 /index.php/Admin/Goods/upd/goods_id/
ERR: 参数错误或者未定义:goods_id

[ 2017-03-09T16:31:40+08:00 ] 127.0.0.1 /index.php/Admin/Goods/cateAdd
INFO: [ app_begin ] --START--
INFO: Run Behavior\ReadHtmlCacheBehavior [ RunTime:0.001000s ]
INFO: [ app_begin ] --END-- [ RunTime:0.001000s ]
SQL: SHOW COLUMNS FROM `sw_manager` [ RunTime:0.0010s ]
SQL: SELECT * FROM `sw_manager` WHERE `mg_id` = 3 LIMIT 1   [ RunTime:0.0010s ]
SQL: SHOW COLUMNS FROM `sw_role` [ RunTime:0.0000s ]
SQL: SELECT * FROM `sw_role` WHERE `role_id` = 0 LIMIT 1   [ RunTime:0.0000s ]
NOTIC: [2048] Declaration of Admin\Model\CategoryModel::select() should be compatible with Think\Model::select($options = Array) D:\wamp64\www\tp\shop\Admin\Model\CategoryModel.class.php 第 18 行.
SQL: SHOW COLUMNS FROM `sw_category` [ RunTime:0.0010s ]
SQL: SELECT `cat_id`,`path`,`cat_name`,`pid`,`status`,concat(path,',',cat_id) AS `fullpath` FROM `sw_category` WHERE ( status != -1 ) ORDER BY fullpath,path  [ RunTime:0.0000s ]
INFO: [ view_parse ] --START--
NOTIC: [8] Undefined index: post D:\wamp64\www\tp\shop\Runtime\Cache\1650485f0eb5dfc1ab7622f3832126cd6a4230d2.file.cateAdd.html.php 第 143 行.
NOTIC: [8] Trying to get property of non-object D:\wamp64\www\tp\shop\Runtime\Cache\1650485f0eb5dfc1ab7622f3832126cd6a4230d2.file.cateAdd.html.php 第 143 行.
NOTIC: [8] Undefined index: errorInfo D:\wamp64\www\tp\shop\Runtime\Cache\1650485f0eb5dfc1ab7622f3832126cd6a4230d2.file.cateAdd.html.php 第 145 行.
NOTIC: [8] Trying to get property of non-object D:\wamp64\www\tp\shop\Runtime\Cache\1650485f0eb5dfc1ab7622f3832126cd6a4230d2.file.cateAdd.html.php 第 145 行.
NOTIC: [8] Undefined index: errorInfo D:\wamp64\www\tp\shop\Runtime\Cache\1650485f0eb5dfc1ab7622f3832126cd6a4230d2.file.cateAdd.html.php 第 164 行.
NOTIC: [8] Trying to get property of non-object D:\wamp64\www\tp\shop\Runtime\Cache\1650485f0eb5dfc1ab7622f3832126cd6a4230d2.file.cateAdd.html.php 第 164 行.
NOTIC: [8] Undefined index: post D:\wamp64\www\tp\shop\Runtime\Cache\1650485f0eb5dfc1ab7622f3832126cd6a4230d2.file.cateAdd.html.php 第 169 行.
NOTIC: [8] Trying to get property of non-object D:\wamp64\www\tp\shop\Runtime\Cache\1650485f0eb5dfc1ab7622f3832126cd6a4230d2.file.cateAdd.html.php 第 169 行.
NOTIC: [8] Undefined index: post D:\wamp64\www\tp\shop\Runtime\Cache\1650485f0eb5dfc1ab7622f3832126cd6a4230d2.file.cateAdd.html.php 第 171 行.
NOTIC: [8] Trying to get property of non-object D:\wamp64\www\tp\shop\Runtime\Cache\1650485f0eb5dfc1ab7622f3832126cd6a4230d2.file.cateAdd.html.php 第 171 行.
NOTIC: [8] Undefined index: errorInfo D:\wamp64\www\tp\shop\Runtime\Cache\1650485f0eb5dfc1ab7622f3832126cd6a4230d2.file.cateAdd.html.php 第 173 行.
NOTIC: [8] Trying to get property of non-object D:\wamp64\www\tp\shop\Runtime\Cache\1650485f0eb5dfc1ab7622f3832126cd6a4230d2.file.cateAdd.html.php 第 173 行.
INFO: Run Behavior\ParseTemplateBehavior [ RunTime:0.008000s ]
INFO: [ view_parse ] --END-- [ RunTime:0.008000s ]
INFO: [ view_filter ] --START--
INFO: Run Behavior\WriteHtmlCacheBehavior [ RunTime:0.001000s ]
INFO: [ view_filter ] --END-- [ RunTime:0.001000s ]
INFO: [ app_end ] --START--
INFO: Run Behavior\ShowPageTraceBehavior [ RunTime:0.001000s ]
INFO: [ app_end ] --END-- [ RunTime:0.001000s ]

[ 2017-03-09T16:32:43+08:00 ] 127.0.0.1 /index.php/Admin/Goods/cateAdd
INFO: [ app_begin ] --START--
INFO: Run Behavior\ReadHtmlCacheBehavior [ RunTime:0.001000s ]
INFO: [ app_begin ] --END-- [ RunTime:0.001000s ]
SQL: SHOW COLUMNS FROM `sw_manager` [ RunTime:0.0000s ]
SQL: SELECT * FROM `sw_manager` WHERE `mg_id` = 3 LIMIT 1   [ RunTime:0.0000s ]
SQL: SHOW COLUMNS FROM `sw_role` [ RunTime:0.0000s ]
SQL: SELECT * FROM `sw_role` WHERE `role_id` = 0 LIMIT 1   [ RunTime:0.0010s ]
INFO: [ app_end ] --START--
INFO: Run Behavior\ShowPageTraceBehavior [ RunTime:0.000000s ]
INFO: [ app_end ] --END-- [ RunTime:0.000000s ]

[ 2017-03-09T16:32:59+08:00 ] 127.0.0.1 /index.php/Admin/Goods/cateAdd
INFO: [ app_begin ] --START--
INFO: Run Behavior\ReadHtmlCacheBehavior [ RunTime:0.001000s ]
INFO: [ app_begin ] --END-- [ RunTime:0.001000s ]
SQL: SHOW COLUMNS FROM `sw_manager` [ RunTime:0.0000s ]
SQL: SELECT * FROM `sw_manager` WHERE `mg_id` = 3 LIMIT 1   [ RunTime:0.0000s ]
SQL: SHOW COLUMNS FROM `sw_role` [ RunTime:0.0000s ]
SQL: SELECT * FROM `sw_role` WHERE `role_id` = 0 LIMIT 1   [ RunTime:0.0000s ]
INFO: [ app_end ] --START--
INFO: Run Behavior\ShowPageTraceBehavior [ RunTime:0.001000s ]
INFO: [ app_end ] --END-- [ RunTime:0.001000s ]

[ 2017-03-09T16:33:15+08:00 ] 127.0.0.1 /index.php/Admin/Goods/cateAdd
INFO: [ app_begin ] --START--
INFO: Run Behavior\ReadHtmlCacheBehavior [ RunTime:0.001000s ]
INFO: [ app_begin ] --END-- [ RunTime:0.002000s ]
SQL: SHOW COLUMNS FROM `sw_manager` [ RunTime:0.0000s ]
SQL: SELECT * FROM `sw_manager` WHERE `mg_id` = 3 LIMIT 1   [ RunTime:0.0000s ]
SQL: SHOW COLUMNS FROM `sw_role` [ RunTime:0.0000s ]
SQL: SELECT * FROM `sw_role` WHERE `role_id` = 0 LIMIT 1   [ RunTime:0.0000s ]
INFO: [ app_end ] --START--
INFO: Run Behavior\ShowPageTraceBehavior [ RunTime:0.001000s ]
INFO: [ app_end ] --END-- [ RunTime:0.001000s ]

[ 2017-03-09T16:33:18+08:00 ] 127.0.0.1 /index.php/Admin/Goods/cateAdd
INFO: [ app_begin ] --START--
INFO: Run Behavior\ReadHtmlCacheBehavior [ RunTime:0.001000s ]
INFO: [ app_begin ] --END-- [ RunTime:0.002000s ]
SQL: SHOW COLUMNS FROM `sw_manager` [ RunTime:0.0010s ]
SQL: SELECT * FROM `sw_manager` WHERE `mg_id` = 3 LIMIT 1   [ RunTime:0.0000s ]
SQL: SHOW COLUMNS FROM `sw_role` [ RunTime:0.0010s ]
SQL: SELECT * FROM `sw_role` WHERE `role_id` = 0 LIMIT 1   [ RunTime:0.0010s ]
INFO: [ app_end ] --START--
INFO: Run Behavior\ShowPageTraceBehavior [ RunTime:0.001000s ]
INFO: [ app_end ] --END-- [ RunTime:0.001000s ]

[ 2017-03-09T16:41:22+08:00 ] 127.0.0.1 /index.php/Admin/Goods/cateAdd
INFO: [ app_begin ] --START--
INFO: Run Behavior\ReadHtmlCacheBehavior [ RunTime:0.001000s ]
INFO: [ app_begin ] --END-- [ RunTime:0.002000s ]
SQL: SHOW COLUMNS FROM `sw_manager` [ RunTime:0.0010s ]
SQL: SELECT * FROM `sw_manager` WHERE `mg_id` = 3 LIMIT 1   [ RunTime:0.0000s ]
SQL: SHOW COLUMNS FROM `sw_role` [ RunTime:0.0010s ]
SQL: SELECT * FROM `sw_role` WHERE `role_id` = 0 LIMIT 1   [ RunTime:0.0010s ]
NOTIC: [2048] Declaration of Admin\Model\CategoryModel::select() should be compatible with Think\Model::select($options = Array) D:\wamp64\www\tp\shop\Admin\Model\CategoryModel.class.php 第 29 行.
SQL: SHOW COLUMNS FROM `sw_category` [ RunTime:0.0000s ]
NOTIC: [8] Undefined index: validate D:\wamp64\www\tp\ThinkPHP\Library\Think\Model.class.php 第 1185 行.
SQL: SELECT `cat_id`,`path`,`cat_name`,`pid`,`status`,concat(path,',',cat_id) AS `fullpath` FROM `sw_category` WHERE ( status != -1 ) ORDER BY fullpath,path  [ RunTime:0.0000s ]
NOTIC: [8] Undefined variable: goods D:\wamp64\www\tp\shop\Admin\Controller\GoodsController.class.php 第 214 行.

[ 2017-03-09T16:41:23+08:00 ] 127.0.0.1 /index.php/Admin/Goods/cateAdd
INFO: [ app_begin ] --START--
INFO: Run Behavior\ReadHtmlCacheBehavior [ RunTime:0.002000s ]
INFO: [ app_begin ] --END-- [ RunTime:0.003000s ]
SQL: SHOW COLUMNS FROM `sw_manager` [ RunTime:0.0010s ]
SQL: SELECT * FROM `sw_manager` WHERE `mg_id` = 3 LIMIT 1   [ RunTime:0.0000s ]
SQL: SHOW COLUMNS FROM `sw_role` [ RunTime:0.0010s ]
SQL: SELECT * FROM `sw_role` WHERE `role_id` = 0 LIMIT 1   [ RunTime:0.0000s ]
NOTIC: [2048] Declaration of Admin\Model\CategoryModel::select() should be compatible with Think\Model::select($options = Array) D:\wamp64\www\tp\shop\Admin\Model\CategoryModel.class.php 第 29 行.
SQL: SHOW COLUMNS FROM `sw_category` [ RunTime:0.0010s ]
NOTIC: [8] Undefined index: validate D:\wamp64\www\tp\ThinkPHP\Library\Think\Model.class.php 第 1185 行.
SQL: SELECT `cat_id`,`path`,`cat_name`,`pid`,`status`,concat(path,',',cat_id) AS `fullpath` FROM `sw_category` WHERE ( status != -1 ) ORDER BY fullpath,path  [ RunTime:0.0010s ]
NOTIC: [8] Undefined variable: goods D:\wamp64\www\tp\shop\Admin\Controller\GoodsController.class.php 第 214 行.

[ 2017-03-09T16:41:23+08:00 ] 127.0.0.1 /index.php/Admin/Goods/cateAdd
INFO: [ app_begin ] --START--
INFO: Run Behavior\ReadHtmlCacheBehavior [ RunTime:0.002000s ]
INFO: [ app_begin ] --END-- [ RunTime:0.002000s ]
SQL: SHOW COLUMNS FROM `sw_manager` [ RunTime:0.0010s ]
SQL: SELECT * FROM `sw_manager` WHERE `mg_id` = 3 LIMIT 1   [ RunTime:0.0000s ]
SQL: SHOW COLUMNS FROM `sw_role` [ RunTime:0.0000s ]
SQL: SELECT * FROM `sw_role` WHERE `role_id` = 0 LIMIT 1   [ RunTime:0.0010s ]
NOTIC: [2048] Declaration of Admin\Model\CategoryModel::select() should be compatible with Think\Model::select($options = Array) D:\wamp64\www\tp\shop\Admin\Model\CategoryModel.class.php 第 29 行.
SQL: SHOW COLUMNS FROM `sw_category` [ RunTime:0.0000s ]
NOTIC: [8] Undefined index: validate D:\wamp64\www\tp\ThinkPHP\Library\Think\Model.class.php 第 1185 行.
SQL: SELECT `cat_id`,`path`,`cat_name`,`pid`,`status`,concat(path,',',cat_id) AS `fullpath` FROM `sw_category` WHERE ( status != -1 ) ORDER BY fullpath,path  [ RunTime:0.0010s ]
NOTIC: [8] Undefined variable: goods D:\wamp64\www\tp\shop\Admin\Controller\GoodsController.class.php 第 214 行.

[ 2017-03-09T16:41:42+08:00 ] 127.0.0.1 /index.php/Admin/Goods/cateAdd
INFO: [ app_begin ] --START--
INFO: Run Behavior\ReadHtmlCacheBehavior [ RunTime:0.001000s ]
INFO: [ app_begin ] --END-- [ RunTime:0.001000s ]
SQL: SHOW COLUMNS FROM `sw_manager` [ RunTime:0.0000s ]
SQL: SELECT * FROM `sw_manager` WHERE `mg_id` = 3 LIMIT 1   [ RunTime:0.0000s ]
SQL: SHOW COLUMNS FROM `sw_role` [ RunTime:0.0000s ]
SQL: SELECT * FROM `sw_role` WHERE `role_id` = 0 LIMIT 1   [ RunTime:0.0000s ]
NOTIC: [2048] Declaration of Admin\Model\CategoryModel::select() should be compatible with Think\Model::select($options = Array) D:\wamp64\www\tp\shop\Admin\Model\CategoryModel.class.php 第 29 行.
SQL: SHOW COLUMNS FROM `sw_category` [ RunTime:0.0010s ]
NOTIC: [8] Undefined index: validate D:\wamp64\www\tp\ThinkPHP\Library\Think\Model.class.php 第 1185 行.
SQL: SELECT `cat_id`,`path`,`cat_name`,`pid`,`status`,concat(path,',',cat_id) AS `fullpath` FROM `sw_category` WHERE ( status != -1 ) ORDER BY fullpath,path  [ RunTime:0.0000s ]
NOTIC: [8] Undefined variable: goods D:\wamp64\www\tp\shop\Admin\Controller\GoodsController.class.php 第 214 行.

[ 2017-03-09T16:42:09+08:00 ] 127.0.0.1 /index.php/Admin/Goods/cateAdd
INFO: [ app_begin ] --START--
INFO: Run Behavior\ReadHtmlCacheBehavior [ RunTime:0.001000s ]
INFO: [ app_begin ] --END-- [ RunTime:0.001000s ]
SQL: SHOW COLUMNS FROM `sw_manager` [ RunTime:0.0000s ]
SQL: SELECT * FROM `sw_manager` WHERE `mg_id` = 3 LIMIT 1   [ RunTime:0.0000s ]
SQL: SHOW COLUMNS FROM `sw_role` [ RunTime:0.0000s ]
SQL: SELECT * FROM `sw_role` WHERE `role_id` = 0 LIMIT 1   [ RunTime:0.0000s ]
NOTIC: [2048] Declaration of Admin\Model\CategoryModel::select() should be compatible with Think\Model::select($options = Array) D:\wamp64\www\tp\shop\Admin\Model\CategoryModel.class.php 第 29 行.
SQL: SHOW COLUMNS FROM `sw_category` [ RunTime:0.0010s ]
NOTIC: [8] Undefined index: validate D:\wamp64\www\tp\ThinkPHP\Library\Think\Model.class.php 第 1185 行.
SQL: SELECT `cat_id`,`path`,`cat_name`,`pid`,`status`,concat(path,',',cat_id) AS `fullpath` FROM `sw_category` WHERE ( status != -1 ) ORDER BY fullpath,path  [ RunTime:0.0000s ]
INFO: [ view_parse ] --START--
NOTIC: [8] Undefined index: pid D:\wamp64\www\tp\shop\Runtime\Cache\1650485f0eb5dfc1ab7622f3832126cd6a4230d2.file.cateAdd.html.php 第 164 行.
NOTIC: [8] Undefined index: status D:\wamp64\www\tp\shop\Runtime\Cache\1650485f0eb5dfc1ab7622f3832126cd6a4230d2.file.cateAdd.html.php 第 171 行.
INFO: Run Behavior\ParseTemplateBehavior [ RunTime:0.009001s ]
INFO: [ view_parse ] --END-- [ RunTime:0.010001s ]
INFO: [ view_filter ] --START--
INFO: Run Behavior\WriteHtmlCacheBehavior [ RunTime:0.000000s ]
INFO: [ view_filter ] --END-- [ RunTime:0.000000s ]
INFO: [ app_end ] --START--
INFO: Run Behavior\ShowPageTraceBehavior [ RunTime:0.000000s ]
INFO: [ app_end ] --END-- [ RunTime:0.000000s ]

[ 2017-03-09T16:43:54+08:00 ] 127.0.0.1 /index.php/Admin/Goods/cateAdd
INFO: [ app_begin ] --START--
INFO: Run Behavior\ReadHtmlCacheBehavior [ RunTime:0.000000s ]
INFO: [ app_begin ] --END-- [ RunTime:0.001000s ]
SQL: SHOW COLUMNS FROM `sw_manager` [ RunTime:0.0010s ]
SQL: SELECT * FROM `sw_manager` WHERE `mg_id` = 3 LIMIT 1   [ RunTime:0.0010s ]
SQL: SHOW COLUMNS FROM `sw_role` [ RunTime:0.0010s ]
SQL: SELECT * FROM `sw_role` WHERE `role_id` = 0 LIMIT 1   [ RunTime:0.0000s ]
NOTIC: [2048] Declaration of Admin\Model\CategoryModel::select() should be compatible with Think\Model::select($options = Array) D:\wamp64\www\tp\shop\Admin\Model\CategoryModel.class.php 第 29 行.
SQL: SHOW COLUMNS FROM `sw_category` [ RunTime:0.0000s ]
NOTIC: [8] Undefined index: validate D:\wamp64\www\tp\ThinkPHP\Library\Think\Model.class.php 第 1185 行.

[ 2017-03-09T16:44:47+08:00 ] 127.0.0.1 /index.php/Admin/Goods/cateAdd
INFO: [ app_begin ] --START--
INFO: Run Behavior\ReadHtmlCacheBehavior [ RunTime:0.001000s ]
INFO: [ app_begin ] --END-- [ RunTime:0.002000s ]
SQL: SHOW COLUMNS FROM `sw_manager` [ RunTime:0.0000s ]
SQL: SELECT * FROM `sw_manager` WHERE `mg_id` = 3 LIMIT 1   [ RunTime:0.0000s ]
SQL: SHOW COLUMNS FROM `sw_role` [ RunTime:0.0000s ]
SQL: SELECT * FROM `sw_role` WHERE `role_id` = 0 LIMIT 1   [ RunTime:0.0000s ]
NOTIC: [2048] Declaration of Admin\Model\CategoryModel::select() should be compatible with Think\Model::select($options = Array) D:\wamp64\www\tp\shop\Admin\Model\CategoryModel.class.php 第 29 行.
SQL: SHOW COLUMNS FROM `sw_category` [ RunTime:0.0010s ]
NOTIC: [8] Undefined index: validate D:\wamp64\www\tp\ThinkPHP\Library\Think\Model.class.php 第 1185 行.
NOTIC: [8] Undefined variable: error D:\wamp64\www\tp\shop\Admin\Controller\GoodsController.class.php 第 212 行.

[ 2017-03-09T16:45:01+08:00 ] 127.0.0.1 /index.php/Admin/Goods/cateAdd
INFO: [ app_begin ] --START--
INFO: Run Behavior\ReadHtmlCacheBehavior [ RunTime:0.000000s ]
INFO: [ app_begin ] --END-- [ RunTime:0.002000s ]
SQL: SHOW COLUMNS FROM `sw_manager` [ RunTime:0.0010s ]
SQL: SELECT * FROM `sw_manager` WHERE `mg_id` = 3 LIMIT 1   [ RunTime:0.0000s ]
SQL: SHOW COLUMNS FROM `sw_role` [ RunTime:0.0010s ]
SQL: SELECT * FROM `sw_role` WHERE `role_id` = 0 LIMIT 1   [ RunTime:0.0010s ]
NOTIC: [2048] Declaration of Admin\Model\CategoryModel::select() should be compatible with Think\Model::select($options = Array) D:\wamp64\www\tp\shop\Admin\Model\CategoryModel.class.php 第 29 行.
SQL: SHOW COLUMNS FROM `sw_category` [ RunTime:0.0010s ]
NOTIC: [8] Undefined index: validate D:\wamp64\www\tp\ThinkPHP\Library\Think\Model.class.php 第 1185 行.

[ 2017-03-09T16:45:06+08:00 ] 127.0.0.1 /index.php/Admin/Goods/cateAdd
INFO: [ app_begin ] --START--
INFO: Run Behavior\ReadHtmlCacheBehavior [ RunTime:0.000000s ]
INFO: [ app_begin ] --END-- [ RunTime:0.001000s ]
SQL: SHOW COLUMNS FROM `sw_manager` [ RunTime:0.0000s ]
SQL: SELECT * FROM `sw_manager` WHERE `mg_id` = 3 LIMIT 1   [ RunTime:0.0000s ]
SQL: SHOW COLUMNS FROM `sw_role` [ RunTime:0.0000s ]
SQL: SELECT * FROM `sw_role` WHERE `role_id` = 0 LIMIT 1   [ RunTime:0.0000s ]
NOTIC: [2048] Declaration of Admin\Model\CategoryModel::select() should be compatible with Think\Model::select($options = Array) D:\wamp64\www\tp\shop\Admin\Model\CategoryModel.class.php 第 29 行.
SQL: SHOW COLUMNS FROM `sw_category` [ RunTime:0.0010s ]
NOTIC: [8] Undefined index: validate D:\wamp64\www\tp\ThinkPHP\Library\Think\Model.class.php 第 1185 行.

[ 2017-03-09T16:45:56+08:00 ] 127.0.0.1 /index.php/Admin/Goods/cateAdd
INFO: [ app_begin ] --START--
INFO: Run Behavior\ReadHtmlCacheBehavior [ RunTime:0.001000s ]
INFO: [ app_begin ] --END-- [ RunTime:0.002000s ]
SQL: SHOW COLUMNS FROM `sw_manager` [ RunTime:0.0010s ]
SQL: SELECT * FROM `sw_manager` WHERE `mg_id` = 3 LIMIT 1   [ RunTime:0.0000s ]
SQL: SHOW COLUMNS FROM `sw_role` [ RunTime:0.0010s ]
SQL: SELECT * FROM `sw_role` WHERE `role_id` = 0 LIMIT 1   [ RunTime:0.0000s ]
NOTIC: [2048] Declaration of Admin\Model\CategoryModel::select() should be compatible with Think\Model::select($options = Array) D:\wamp64\www\tp\shop\Admin\Model\CategoryModel.class.php 第 29 行.
SQL: SHOW COLUMNS FROM `sw_category` [ RunTime:0.0010s ]
NOTIC: [8] Undefined index: validate D:\wamp64\www\tp\ThinkPHP\Library\Think\Model.class.php 第 1185 行.

[ 2017-03-09T16:46:19+08:00 ] 127.0.0.1 /index.php/Admin/Goods/cateAdd
INFO: [ app_begin ] --START--
INFO: Run Behavior\ReadHtmlCacheBehavior [ RunTime:0.001000s ]
INFO: [ app_begin ] --END-- [ RunTime:0.001000s ]
SQL: SHOW COLUMNS FROM `sw_manager` [ RunTime:0.0000s ]
SQL: SELECT * FROM `sw_manager` WHERE `mg_id` = 3 LIMIT 1   [ RunTime:0.0000s ]
SQL: SHOW COLUMNS FROM `sw_role` [ RunTime:0.0000s ]
SQL: SELECT * FROM `sw_role` WHERE `role_id` = 0 LIMIT 1   [ RunTime:0.0000s ]
NOTIC: [2048] Declaration of Admin\Model\CategoryModel::select() should be compatible with Think\Model::select($options = Array) D:\wamp64\www\tp\shop\Admin\Model\CategoryModel.class.php 第 29 行.
SQL: SHOW COLUMNS FROM `sw_category` [ RunTime:0.0000s ]
NOTIC: [8] Undefined index: validate D:\wamp64\www\tp\ThinkPHP\Library\Think\Model.class.php 第 1185 行.
NOTIC: [8] Undefined variable: error D:\wamp64\www\tp\shop\Admin\Controller\GoodsController.class.php 第 212 行.

[ 2017-03-09T16:46:45+08:00 ] 127.0.0.1 /index.php/Admin/Goods/cateAdd
INFO: [ app_begin ] --START--
INFO: Run Behavior\ReadHtmlCacheBehavior [ RunTime:0.001000s ]
INFO: [ app_begin ] --END-- [ RunTime:0.002000s ]
SQL: SHOW COLUMNS FROM `sw_manager` [ RunTime:0.0000s ]
SQL: SELECT * FROM `sw_manager` WHERE `mg_id` = 3 LIMIT 1   [ RunTime:0.0000s ]
SQL: SHOW COLUMNS FROM `sw_role` [ RunTime:0.0000s ]
SQL: SELECT * FROM `sw_role` WHERE `role_id` = 0 LIMIT 1   [ RunTime:0.0000s ]
NOTIC: [2048] Declaration of Admin\Model\CategoryModel::select() should be compatible with Think\Model::select($options = Array) D:\wamp64\www\tp\shop\Admin\Model\CategoryModel.class.php 第 29 行.
SQL: SHOW COLUMNS FROM `sw_category` [ RunTime:0.0010s ]
NOTIC: [8] Undefined index: validate D:\wamp64\www\tp\ThinkPHP\Library\Think\Model.class.php 第 1185 行.

[ 2017-03-09T16:49:03+08:00 ] 127.0.0.1 /index.php/Admin/Goods/cateAdd
INFO: [ app_begin ] --START--
INFO: Run Behavior\ReadHtmlCacheBehavior [ RunTime:0.001000s ]
INFO: [ app_begin ] --END-- [ RunTime:0.001000s ]
SQL: SHOW COLUMNS FROM `sw_manager` [ RunTime:0.0000s ]
SQL: SELECT * FROM `sw_manager` WHERE `mg_id` = 3 LIMIT 1   [ RunTime:0.0000s ]
SQL: SHOW COLUMNS FROM `sw_role` [ RunTime:0.0010s ]
SQL: SELECT * FROM `sw_role` WHERE `role_id` = 0 LIMIT 1   [ RunTime:0.0000s ]
SQL: SHOW COLUMNS FROM `sw_category` [ RunTime:0.0000s ]
NOTIC: [8] Undefined index: validate D:\wamp64\www\tp\ThinkPHP\Library\Think\Model.class.php 第 1185 行.
NOTIC: [8] Undefined variable: error D:\wamp64\www\tp\shop\Admin\Controller\GoodsController.class.php 第 212 行.

[ 2017-03-09T16:49:12+08:00 ] 127.0.0.1 /index.php/Admin/Goods/cateAdd
INFO: [ app_begin ] --START--
INFO: Run Behavior\ReadHtmlCacheBehavior [ RunTime:0.001000s ]
INFO: [ app_begin ] --END-- [ RunTime:0.001000s ]
SQL: SHOW COLUMNS FROM `sw_manager` [ RunTime:0.0010s ]
SQL: SELECT * FROM `sw_manager` WHERE `mg_id` = 3 LIMIT 1   [ RunTime:0.0010s ]
SQL: SHOW COLUMNS FROM `sw_role` [ RunTime:0.0010s ]
SQL: SELECT * FROM `sw_role` WHERE `role_id` = 0 LIMIT 1   [ RunTime:0.0000s ]
SQL: SHOW COLUMNS FROM `sw_category` [ RunTime:0.0010s ]
NOTIC: [8] Undefined index: validate D:\wamp64\www\tp\ThinkPHP\Library\Think\Model.class.php 第 1185 行.

[ 2017-03-09T16:50:12+08:00 ] 127.0.0.1 /index.php/Admin/Goods/cateAdd
INFO: [ app_begin ] --START--
INFO: Run Behavior\ReadHtmlCacheBehavior [ RunTime:0.000000s ]
INFO: [ app_begin ] --END-- [ RunTime:0.002000s ]
SQL: SHOW COLUMNS FROM `sw_manager` [ RunTime:0.0000s ]
SQL: SELECT * FROM `sw_manager` WHERE `mg_id` = 3 LIMIT 1   [ RunTime:0.0000s ]
SQL: SHOW COLUMNS FROM `sw_role` [ RunTime:0.0000s ]
SQL: SELECT * FROM `sw_role` WHERE `role_id` = 0 LIMIT 1   [ RunTime:0.0010s ]
SQL: SHOW COLUMNS FROM `sw_category` [ RunTime:0.0010s ]
NOTIC: [8] Undefined index: validate D:\wamp64\www\tp\ThinkPHP\Library\Think\Model.class.php 第 1185 行.
NOTIC: [8] Undefined variable: error D:\wamp64\www\tp\shop\Admin\Controller\GoodsController.class.php 第 212 行.

[ 2017-03-09T16:50:28+08:00 ] 127.0.0.1 /index.php/Admin/Goods/cateAdd
INFO: [ app_begin ] --START--
INFO: Run Behavior\ReadHtmlCacheBehavior [ RunTime:0.001000s ]
INFO: [ app_begin ] --END-- [ RunTime:0.002000s ]
SQL: SHOW COLUMNS FROM `sw_manager` [ RunTime:0.0010s ]
SQL: SELECT * FROM `sw_manager` WHERE `mg_id` = 3 LIMIT 1   [ RunTime:0.0010s ]
SQL: SHOW COLUMNS FROM `sw_role` [ RunTime:0.0010s ]
SQL: SELECT * FROM `sw_role` WHERE `role_id` = 0 LIMIT 1   [ RunTime:0.0000s ]
SQL: SHOW COLUMNS FROM `sw_category` [ RunTime:0.0000s ]
NOTIC: [8] Undefined index: validate D:\wamp64\www\tp\ThinkPHP\Library\Think\Model.class.php 第 1185 行.
NOTIC: [8] Undefined variable: error D:\wamp64\www\tp\shop\Admin\Controller\GoodsController.class.php 第 212 行.

[ 2017-03-09T16:50:38+08:00 ] 127.0.0.1 /index.php/Admin/Goods/cateAdd
INFO: [ app_begin ] --START--
INFO: Run Behavior\ReadHtmlCacheBehavior [ RunTime:0.001000s ]
INFO: [ app_begin ] --END-- [ RunTime:0.002001s ]
SQL: SHOW COLUMNS FROM `sw_manager` [ RunTime:0.0000s ]
SQL: SELECT * FROM `sw_manager` WHERE `mg_id` = 3 LIMIT 1   [ RunTime:0.0000s ]
SQL: SHOW COLUMNS FROM `sw_role` [ RunTime:0.0000s ]
SQL: SELECT * FROM `sw_role` WHERE `role_id` = 0 LIMIT 1   [ RunTime:0.0010s ]
SQL: SHOW COLUMNS FROM `sw_category` [ RunTime:0.0010s ]
NOTIC: [8] Undefined index: validate D:\wamp64\www\tp\ThinkPHP\Library\Think\Model.class.php 第 1185 行.
NOTIC: [8] Undefined variable: error D:\wamp64\www\tp\shop\Admin\Controller\GoodsController.class.php 第 212 行.

[ 2017-03-09T16:51:01+08:00 ] 127.0.0.1 /index.php/Admin/Goods/cateAdd
INFO: [ app_begin ] --START--
INFO: Run Behavior\ReadHtmlCacheBehavior [ RunTime:0.001000s ]
INFO: [ app_begin ] --END-- [ RunTime:0.002000s ]
SQL: SHOW COLUMNS FROM `sw_manager` [ RunTime:0.0010s ]
SQL: SELECT * FROM `sw_manager` WHERE `mg_id` = 3 LIMIT 1   [ RunTime:0.0010s ]
SQL: SHOW COLUMNS FROM `sw_role` [ RunTime:0.0000s ]
SQL: SELECT * FROM `sw_role` WHERE `role_id` = 0 LIMIT 1   [ RunTime:0.0010s ]
SQL: SHOW COLUMNS FROM `sw_category` [ RunTime:0.0010s ]
NOTIC: [8] Undefined index: validate D:\wamp64\www\tp\ThinkPHP\Library\Think\Model.class.php 第 1185 行.
NOTIC: [8] Undefined variable: error D:\wamp64\www\tp\shop\Admin\Controller\GoodsController.class.php 第 212 行.

[ 2017-03-09T16:51:54+08:00 ] 127.0.0.1 /index.php/Admin/Goods/cateAdd
INFO: [ app_begin ] --START--
INFO: Run Behavior\ReadHtmlCacheBehavior [ RunTime:0.001000s ]
INFO: [ app_begin ] --END-- [ RunTime:0.001000s ]
SQL: SHOW COLUMNS FROM `sw_manager` [ RunTime:0.0000s ]
SQL: SELECT * FROM `sw_manager` WHERE `mg_id` = 3 LIMIT 1   [ RunTime:0.0000s ]
SQL: SHOW COLUMNS FROM `sw_role` [ RunTime:0.0000s ]
SQL: SELECT * FROM `sw_role` WHERE `role_id` = 0 LIMIT 1   [ RunTime:0.0000s ]
SQL: SHOW COLUMNS FROM `sw_category` [ RunTime:0.0000s ]
NOTIC: [8] Undefined index: validate D:\wamp64\www\tp\ThinkPHP\Library\Think\Model.class.php 第 1185 行.
NOTIC: [8] Undefined variable: error D:\wamp64\www\tp\shop\Admin\Controller\GoodsController.class.php 第 212 行.

[ 2017-03-09T16:53:03+08:00 ] 127.0.0.1 /index.php/Admin/Goods/cateAdd
INFO: [ app_begin ] --START--
INFO: Run Behavior\ReadHtmlCacheBehavior [ RunTime:0.000000s ]
INFO: [ app_begin ] --END-- [ RunTime:0.001000s ]
SQL: SHOW COLUMNS FROM `sw_manager` [ RunTime:0.0000s ]
SQL: SELECT * FROM `sw_manager` WHERE `mg_id` = 3 LIMIT 1   [ RunTime:0.0000s ]
SQL: SHOW COLUMNS FROM `sw_role` [ RunTime:0.0000s ]
SQL: SELECT * FROM `sw_role` WHERE `role_id` = 0 LIMIT 1   [ RunTime:0.0000s ]
SQL: SHOW COLUMNS FROM `sw_category` [ RunTime:0.0010s ]
NOTIC: [8] Undefined index: validate D:\wamp64\www\tp\ThinkPHP\Library\Think\Model.class.php 第 1185 行.
NOTIC: [8] Undefined variable: error D:\wamp64\www\tp\shop\Admin\Controller\GoodsController.class.php 第 212 行.

[ 2017-03-09T16:53:18+08:00 ] 127.0.0.1 /index.php/Admin/Goods/cateAdd
INFO: [ app_begin ] --START--
INFO: Run Behavior\ReadHtmlCacheBehavior [ RunTime:0.000000s ]
INFO: [ app_begin ] --END-- [ RunTime:0.001000s ]
SQL: SHOW COLUMNS FROM `sw_manager` [ RunTime:0.0010s ]
SQL: SELECT * FROM `sw_manager` WHERE `mg_id` = 3 LIMIT 1   [ RunTime:0.0000s ]
SQL: SHOW COLUMNS FROM `sw_role` [ RunTime:0.0000s ]
SQL: SELECT * FROM `sw_role` WHERE `role_id` = 0 LIMIT 1   [ RunTime:0.0010s ]
SQL: SHOW COLUMNS FROM `sw_category` [ RunTime:0.0010s ]
NOTIC: [8] Undefined index: validate D:\wamp64\www\tp\ThinkPHP\Library\Think\Model.class.php 第 1185 行.
NOTIC: [8] Undefined variable: error D:\wamp64\www\tp\shop\Admin\Controller\GoodsController.class.php 第 212 行.

[ 2017-03-09T16:53:33+08:00 ] 127.0.0.1 /index.php/Admin/Goods/cateAdd
INFO: [ app_begin ] --START--
INFO: Run Behavior\ReadHtmlCacheBehavior [ RunTime:0.001000s ]
INFO: [ app_begin ] --END-- [ RunTime:0.001000s ]
SQL: SHOW COLUMNS FROM `sw_manager` [ RunTime:0.0010s ]
SQL: SELECT * FROM `sw_manager` WHERE `mg_id` = 3 LIMIT 1   [ RunTime:0.0000s ]
SQL: SHOW COLUMNS FROM `sw_role` [ RunTime:0.0000s ]
SQL: SELECT * FROM `sw_role` WHERE `role_id` = 0 LIMIT 1   [ RunTime:0.0000s ]
SQL: SHOW COLUMNS FROM `sw_category` [ RunTime:0.0000s ]
NOTIC: [8] Undefined index: validate D:\wamp64\www\tp\ThinkPHP\Library\Think\Model.class.php 第 1185 行.
NOTIC: [8] Undefined variable: error D:\wamp64\www\tp\shop\Admin\Controller\GoodsController.class.php 第 212 行.

[ 2017-03-09T16:53:57+08:00 ] 127.0.0.1 /index.php/Admin/Goods/cateAdd
INFO: [ app_begin ] --START--
INFO: Run Behavior\ReadHtmlCacheBehavior [ RunTime:0.001000s ]
INFO: [ app_begin ] --END-- [ RunTime:0.001000s ]
SQL: SHOW COLUMNS FROM `sw_manager` [ RunTime:0.0010s ]
SQL: SELECT * FROM `sw_manager` WHERE `mg_id` = 3 LIMIT 1   [ RunTime:0.0000s ]
SQL: SHOW COLUMNS FROM `sw_role` [ RunTime:0.0010s ]
SQL: SELECT * FROM `sw_role` WHERE `role_id` = 0 LIMIT 1   [ RunTime:0.0000s ]
SQL: SHOW COLUMNS FROM `sw_category` [ RunTime:0.0000s ]
NOTIC: [8] Undefined index: validate D:\wamp64\www\tp\ThinkPHP\Library\Think\Model.class.php 第 1185 行.
NOTIC: [8] Undefined variable: error D:\wamp64\www\tp\shop\Admin\Controller\GoodsController.class.php 第 212 行.

[ 2017-03-09T16:54:01+08:00 ] 127.0.0.1 /index.php/Admin/Goods/cateAdd
INFO: [ app_begin ] --START--
INFO: Run Behavior\ReadHtmlCacheBehavior [ RunTime:0.001000s ]
INFO: [ app_begin ] --END-- [ RunTime:0.002000s ]
SQL: SHOW COLUMNS FROM `sw_manager` [ RunTime:0.0010s ]
SQL: SELECT * FROM `sw_manager` WHERE `mg_id` = 3 LIMIT 1   [ RunTime:0.0010s ]
SQL: SHOW COLUMNS FROM `sw_role` [ RunTime:0.0010s ]
SQL: SELECT * FROM `sw_role` WHERE `role_id` = 0 LIMIT 1   [ RunTime:0.0000s ]
SQL: SHOW COLUMNS FROM `sw_category` [ RunTime:0.0000s ]
NOTIC: [8] Undefined index: validate D:\wamp64\www\tp\ThinkPHP\Library\Think\Model.class.php 第 1185 行.
NOTIC: [8] Undefined variable: error D:\wamp64\www\tp\shop\Admin\Controller\GoodsController.class.php 第 212 行.

[ 2017-03-09T16:54:52+08:00 ] 127.0.0.1 /index.php/Admin/Goods/cateAdd
INFO: [ app_begin ] --START--
INFO: Run Behavior\ReadHtmlCacheBehavior [ RunTime:0.001000s ]
INFO: [ app_begin ] --END-- [ RunTime:0.002000s ]
SQL: SHOW COLUMNS FROM `sw_manager` [ RunTime:0.0010s ]
SQL: SELECT * FROM `sw_manager` WHERE `mg_id` = 3 LIMIT 1   [ RunTime:0.0000s ]
SQL: SHOW COLUMNS FROM `sw_role` [ RunTime:0.0000s ]
SQL: SELECT * FROM `sw_role` WHERE `role_id` = 0 LIMIT 1   [ RunTime:0.0000s ]
SQL: SHOW COLUMNS FROM `sw_category` [ RunTime:0.0000s ]
NOTIC: [8] Undefined index: validate D:\wamp64\www\tp\ThinkPHP\Library\Think\Model.class.php 第 1185 行.

[ 2017-03-09T16:55:36+08:00 ] 127.0.0.1 /index.php/Admin/Goods/cateAdd
INFO: [ app_begin ] --START--
INFO: Run Behavior\ReadHtmlCacheBehavior [ RunTime:0.001000s ]
INFO: [ app_begin ] --END-- [ RunTime:0.002000s ]
SQL: SHOW COLUMNS FROM `sw_manager` [ RunTime:0.0010s ]
SQL: SELECT * FROM `sw_manager` WHERE `mg_id` = 3 LIMIT 1   [ RunTime:0.0000s ]
SQL: SHOW COLUMNS FROM `sw_role` [ RunTime:0.0010s ]
SQL: SELECT * FROM `sw_role` WHERE `role_id` = 0 LIMIT 1   [ RunTime:0.0000s ]
SQL: SHOW COLUMNS FROM `sw_category` [ RunTime:0.0010s ]
NOTIC: [8] Undefined index: validate D:\wamp64\www\tp\ThinkPHP\Library\Think\Model.class.php 第 1185 行.

[ 2017-03-09T16:55:59+08:00 ] 127.0.0.1 /index.php/Admin/Goods/cateAdd
INFO: [ app_begin ] --START--
INFO: Run Behavior\ReadHtmlCacheBehavior [ RunTime:0.001000s ]
INFO: [ app_begin ] --END-- [ RunTime:0.002000s ]
SQL: SHOW COLUMNS FROM `sw_manager` [ RunTime:0.0000s ]
SQL: SELECT * FROM `sw_manager` WHERE `mg_id` = 3 LIMIT 1   [ RunTime:0.0000s ]
SQL: SHOW COLUMNS FROM `sw_role` [ RunTime:0.0000s ]
SQL: SELECT * FROM `sw_role` WHERE `role_id` = 0 LIMIT 1   [ RunTime:0.0010s ]
SQL: SHOW COLUMNS FROM `sw_category` [ RunTime:0.0000s ]
NOTIC: [8] Undefined index: validate D:\wamp64\www\tp\ThinkPHP\Library\Think\Model.class.php 第 1185 行.
NOTIC: [8] Undefined variable: error D:\wamp64\www\tp\shop\Admin\Controller\GoodsController.class.php 第 212 行.

[ 2017-03-09T16:56:01+08:00 ] 127.0.0.1 /index.php/Admin/Goods/cateAdd
INFO: [ app_begin ] --START--
INFO: Run Behavior\ReadHtmlCacheBehavior [ RunTime:0.000000s ]
INFO: [ app_begin ] --END-- [ RunTime:0.002001s ]
SQL: SHOW COLUMNS FROM `sw_manager` [ RunTime:0.0000s ]
SQL: SELECT * FROM `sw_manager` WHERE `mg_id` = 3 LIMIT 1   [ RunTime:0.0000s ]
SQL: SHOW COLUMNS FROM `sw_role` [ RunTime:0.0000s ]
SQL: SELECT * FROM `sw_role` WHERE `role_id` = 0 LIMIT 1   [ RunTime:0.0000s ]
SQL: SHOW COLUMNS FROM `sw_category` [ RunTime:0.0010s ]
NOTIC: [8] Undefined index: validate D:\wamp64\www\tp\ThinkPHP\Library\Think\Model.class.php 第 1185 行.
NOTIC: [8] Undefined variable: error D:\wamp64\www\tp\shop\Admin\Controller\GoodsController.class.php 第 212 行.

[ 2017-03-09T16:56:07+08:00 ] 127.0.0.1 /index.php/Admin/Goods/cateAdd
INFO: [ app_begin ] --START--
INFO: Run Behavior\ReadHtmlCacheBehavior [ RunTime:0.001000s ]
INFO: [ app_begin ] --END-- [ RunTime:0.002000s ]
SQL: SHOW COLUMNS FROM `sw_manager` [ RunTime:0.0000s ]
SQL: SELECT * FROM `sw_manager` WHERE `mg_id` = 3 LIMIT 1   [ RunTime:0.0000s ]
SQL: SHOW COLUMNS FROM `sw_role` [ RunTime:0.0000s ]
SQL: SELECT * FROM `sw_role` WHERE `role_id` = 0 LIMIT 1   [ RunTime:0.0000s ]
SQL: SHOW COLUMNS FROM `sw_category` [ RunTime:0.0000s ]
NOTIC: [8] Undefined index: validate D:\wamp64\www\tp\ThinkPHP\Library\Think\Model.class.php 第 1185 行.

[ 2017-03-09T16:57:52+08:00 ] 127.0.0.1 /index.php/Admin/Goods/cateAdd
INFO: [ app_begin ] --START--
INFO: Run Behavior\ReadHtmlCacheBehavior [ RunTime:0.001000s ]
INFO: [ app_begin ] --END-- [ RunTime:0.002000s ]
SQL: SHOW COLUMNS FROM `sw_manager` [ RunTime:0.0000s ]
SQL: SELECT * FROM `sw_manager` WHERE `mg_id` = 3 LIMIT 1   [ RunTime:0.0000s ]
SQL: SHOW COLUMNS FROM `sw_role` [ RunTime:0.0000s ]
SQL: SELECT * FROM `sw_role` WHERE `role_id` = 0 LIMIT 1   [ RunTime:0.0000s ]
SQL: SHOW COLUMNS FROM `sw_category` [ RunTime:0.0010s ]
NOTIC: [8] Undefined index: validate D:\wamp64\www\tp\ThinkPHP\Library\Think\Model.class.php 第 1185 行.

[ 2017-03-09T16:57:59+08:00 ] 127.0.0.1 /index.php/Admin/Goods/cateAdd
INFO: [ app_begin ] --START--
INFO: Run Behavior\ReadHtmlCacheBehavior [ RunTime:0.001000s ]
INFO: [ app_begin ] --END-- [ RunTime:0.001000s ]
SQL: SHOW COLUMNS FROM `sw_manager` [ RunTime:0.0000s ]
SQL: SELECT * FROM `sw_manager` WHERE `mg_id` = 3 LIMIT 1   [ RunTime:0.0000s ]
SQL: SHOW COLUMNS FROM `sw_role` [ RunTime:0.0000s ]
SQL: SELECT * FROM `sw_role` WHERE `role_id` = 0 LIMIT 1   [ RunTime:0.0000s ]
SQL: SHOW COLUMNS FROM `sw_category` [ RunTime:0.0000s ]
NOTIC: [8] Undefined index: validate D:\wamp64\www\tp\ThinkPHP\Library\Think\Model.class.php 第 1185 行.

[ 2017-03-09T16:59:11+08:00 ] 127.0.0.1 /index.php/Admin/Goods/cateAdd
INFO: [ app_begin ] --START--
INFO: Run Behavior\ReadHtmlCacheBehavior [ RunTime:0.001000s ]
INFO: [ app_begin ] --END-- [ RunTime:0.001000s ]
SQL: SHOW COLUMNS FROM `sw_manager` [ RunTime:0.0010s ]
SQL: SELECT * FROM `sw_manager` WHERE `mg_id` = 3 LIMIT 1   [ RunTime:0.0000s ]
SQL: SHOW COLUMNS FROM `sw_role` [ RunTime:0.0000s ]
SQL: SELECT * FROM `sw_role` WHERE `role_id` = 0 LIMIT 1   [ RunTime:0.0000s ]
SQL: SHOW COLUMNS FROM `sw_category` [ RunTime:0.0000s ]
NOTIC: [8] Undefined index: validate D:\wamp64\www\tp\ThinkPHP\Library\Think\Model.class.php 第 1185 行.

[ 2017-03-09T16:59:28+08:00 ] 127.0.0.1 /index.php/Admin/Goods/cateAdd
INFO: [ app_begin ] --START--
INFO: Run Behavior\ReadHtmlCacheBehavior [ RunTime:0.001000s ]
INFO: [ app_begin ] --END-- [ RunTime:0.001000s ]
SQL: SHOW COLUMNS FROM `sw_manager` [ RunTime:0.0000s ]
SQL: SELECT * FROM `sw_manager` WHERE `mg_id` = 3 LIMIT 1   [ RunTime:0.0000s ]
SQL: SHOW COLUMNS FROM `sw_role` [ RunTime:0.0000s ]
SQL: SELECT * FROM `sw_role` WHERE `role_id` = 0 LIMIT 1   [ RunTime:0.0010s ]
SQL: SHOW COLUMNS FROM `sw_category` [ RunTime:0.0000s ]
NOTIC: [8] Undefined index: validate D:\wamp64\www\tp\ThinkPHP\Library\Think\Model.class.php 第 1185 行.

[ 2017-03-09T17:00:35+08:00 ] 127.0.0.1 /index.php/Admin/Manager/login.html
INFO: [ app_begin ] --START--
INFO: Run Behavior\ReadHtmlCacheBehavior [ RunTime:0.001000s ]
INFO: [ app_begin ] --END-- [ RunTime:0.002000s ]
SQL: SHOW COLUMNS FROM `sw_manager` [ RunTime:0.0000s ]
SQL: SELECT * FROM `sw_manager` LIMIT 1   [ RunTime:0.0000s ]
SQL: SHOW COLUMNS FROM `sw_role` [ RunTime:0.0000s ]
SQL: SELECT * FROM `sw_role` WHERE `role_id` = 100 LIMIT 1   [ RunTime:0.0010s ]
SQL: SELECT * FROM `sw_manager` WHERE `mg_name` = 'admin' AND `mg_pwd` = 'a66abb5684c45962d887564f08346e8d' LIMIT 1   [ RunTime:0.0000s ]

[ 2017-03-09T17:04:03+08:00 ] 127.0.0.1 /index.php/Admin/Goods/cateAdd
INFO: [ app_begin ] --START--
INFO: Run Behavior\ReadHtmlCacheBehavior [ RunTime:0.000000s ]
INFO: [ app_begin ] --END-- [ RunTime:0.001000s ]
SQL: SHOW COLUMNS FROM `sw_manager` [ RunTime:0.0010s ]
SQL: SELECT * FROM `sw_manager` WHERE `mg_id` = 3 LIMIT 1   [ RunTime:0.0000s ]
SQL: SHOW COLUMNS FROM `sw_role` [ RunTime:0.0000s ]
SQL: SELECT * FROM `sw_role` WHERE `role_id` = 0 LIMIT 1   [ RunTime:0.0000s ]
SQL: SHOW COLUMNS FROM `sw_category` [ RunTime:0.0010s ]
NOTIC: [8] Undefined index: validate D:\wamp64\www\tp\ThinkPHP\Library\Think\Model.class.php 第 1185 行.

[ 2017-03-09T17:07:24+08:00 ] 127.0.0.1 /index.php/Admin/Goods/cateAdd
INFO: [ app_begin ] --START--
INFO: Run Behavior\ReadHtmlCacheBehavior [ RunTime:0.001000s ]
INFO: [ app_begin ] --END-- [ RunTime:0.002000s ]
SQL: SHOW COLUMNS FROM `sw_manager` [ RunTime:0.0000s ]
SQL: SELECT * FROM `sw_manager` WHERE `mg_id` = 3 LIMIT 1   [ RunTime:0.0000s ]
SQL: SHOW COLUMNS FROM `sw_role` [ RunTime:0.0000s ]
SQL: SELECT * FROM `sw_role` WHERE `role_id` = 0 LIMIT 1   [ RunTime:0.0010s ]
SQL: SHOW COLUMNS FROM `sw_category` [ RunTime:0.0000s ]
NOTIC: [8] Undefined index: validate D:\wamp64\www\tp\ThinkPHP\Library\Think\Model.class.php 第 1185 行.

[ 2017-03-09T17:07:28+08:00 ] 127.0.0.1 /index.php/Admin/Goods/cateAdd
INFO: [ app_begin ] --START--
INFO: Run Behavior\ReadHtmlCacheBehavior [ RunTime:0.001000s ]
INFO: [ app_begin ] --END-- [ RunTime:0.002000s ]
SQL: SHOW COLUMNS FROM `sw_manager` [ RunTime:0.0000s ]
SQL: SELECT * FROM `sw_manager` WHERE `mg_id` = 3 LIMIT 1   [ RunTime:0.0000s ]
SQL: SHOW COLUMNS FROM `sw_role` [ RunTime:0.0000s ]
SQL: SELECT * FROM `sw_role` WHERE `role_id` = 0 LIMIT 1   [ RunTime:0.0000s ]
SQL: SHOW COLUMNS FROM `sw_category` [ RunTime:0.0000s ]
NOTIC: [8] Undefined index: validate D:\wamp64\www\tp\ThinkPHP\Library\Think\Model.class.php 第 1185 行.

[ 2017-03-09T17:07:36+08:00 ] 127.0.0.1 /index.php/Admin/Goods/cateAdd
INFO: [ app_begin ] --START--
INFO: Run Behavior\ReadHtmlCacheBehavior [ RunTime:0.001000s ]
INFO: [ app_begin ] --END-- [ RunTime:0.002000s ]
SQL: SHOW COLUMNS FROM `sw_manager` [ RunTime:0.0000s ]
SQL: SELECT * FROM `sw_manager` WHERE `mg_id` = 3 LIMIT 1   [ RunTime:0.0000s ]
SQL: SHOW COLUMNS FROM `sw_role` [ RunTime:0.0000s ]
SQL: SELECT * FROM `sw_role` WHERE `role_id` = 0 LIMIT 1   [ RunTime:0.0010s ]
SQL: SHOW COLUMNS FROM `sw_category` [ RunTime:0.0000s ]
NOTIC: [8] Undefined index: validate D:\wamp64\www\tp\ThinkPHP\Library\Think\Model.class.php 第 1185 行.

[ 2017-03-09T17:08:32+08:00 ] 127.0.0.1 /index.php/Admin/Manager/add
INFO: [ app_begin ] --START--
INFO: Run Behavior\ReadHtmlCacheBehavior [ RunTime:0.001000s ]
INFO: [ app_begin ] --END-- [ RunTime:0.002000s ]
SQL: SHOW COLUMNS FROM `sw_manager` [ RunTime:0.0000s ]
SQL: SELECT * FROM `sw_manager` WHERE `mg_id` = 3 LIMIT 1   [ RunTime:0.0000s ]
SQL: SHOW COLUMNS FROM `sw_role` [ RunTime:0.0000s ]
SQL: SELECT * FROM `sw_role` WHERE `role_id` = 0 LIMIT 1   [ RunTime:0.0000s ]
SQL: SELECT * FROM `sw_role` WHERE `role_id` = 100 LIMIT 1   [ RunTime:0.0000s ]
NOTIC: [8] Undefined index: validate D:\wamp64\www\tp\ThinkPHP\Library\Think\Model.class.php 第 1185 行.
SQL: SELECT * FROM `sw_manager` WHERE `mg_name` = 'admin' LIMIT 1   [ RunTime:0.0000s ]

[ 2017-03-09T17:10:41+08:00 ] 127.0.0.1 /index.php/Admin/Manager/add
INFO: [ app_begin ] --START--
INFO: Run Behavior\ReadHtmlCacheBehavior [ RunTime:0.001000s ]
INFO: [ app_begin ] --END-- [ RunTime:0.002000s ]
SQL: SHOW COLUMNS FROM `sw_manager` [ RunTime:0.0000s ]
SQL: SELECT * FROM `sw_manager` WHERE `mg_id` = 3 LIMIT 1   [ RunTime:0.0000s ]
SQL: SHOW COLUMNS FROM `sw_role` [ RunTime:0.0000s ]
SQL: SELECT * FROM `sw_role` WHERE `role_id` = 0 LIMIT 1   [ RunTime:0.0010s ]
SQL: SELECT * FROM `sw_role` WHERE `role_id` = 100 LIMIT 1   [ RunTime:0.0000s ]
NOTIC: [8] Undefined index: validate D:\wamp64\www\tp\ThinkPHP\Library\Think\Model.class.php 第 1185 行.

[ 2017-03-09T17:10:43+08:00 ] 127.0.0.1 /index.php/Admin/Manager/add
INFO: [ app_begin ] --START--
INFO: Run Behavior\ReadHtmlCacheBehavior [ RunTime:0.001000s ]
INFO: [ app_begin ] --END-- [ RunTime:0.002000s ]
SQL: SHOW COLUMNS FROM `sw_manager` [ RunTime:0.0010s ]
SQL: SELECT * FROM `sw_manager` WHERE `mg_id` = 3 LIMIT 1   [ RunTime:0.0000s ]
SQL: SHOW COLUMNS FROM `sw_role` [ RunTime:0.0010s ]
SQL: SELECT * FROM `sw_role` WHERE `role_id` = 0 LIMIT 1   [ RunTime:0.0000s ]
SQL: SELECT * FROM `sw_role` WHERE `role_id` = 100 LIMIT 1   [ RunTime:0.0000s ]
NOTIC: [8] Undefined index: validate D:\wamp64\www\tp\ThinkPHP\Library\Think\Model.class.php 第 1185 行.

[ 2017-03-09T17:10:49+08:00 ] 127.0.0.1 /index.php/Admin/Goods/cateAdd
INFO: [ app_begin ] --START--
INFO: Run Behavior\ReadHtmlCacheBehavior [ RunTime:0.000000s ]
INFO: [ app_begin ] --END-- [ RunTime:0.002000s ]
SQL: SHOW COLUMNS FROM `sw_manager` [ RunTime:0.0010s ]
SQL: SELECT * FROM `sw_manager` WHERE `mg_id` = 3 LIMIT 1   [ RunTime:0.0000s ]
SQL: SHOW COLUMNS FROM `sw_role` [ RunTime:0.0000s ]
SQL: SELECT * FROM `sw_role` WHERE `role_id` = 0 LIMIT 1   [ RunTime:0.0000s ]
SQL: SHOW COLUMNS FROM `sw_category` [ RunTime:0.0000s ]
NOTIC: [8] Undefined index: validate D:\wamp64\www\tp\ThinkPHP\Library\Think\Model.class.php 第 1185 行.

[ 2017-03-09T17:10:54+08:00 ] 127.0.0.1 /index.php/Admin/Goods/cateAdd
INFO: [ app_begin ] --START--
INFO: Run Behavior\ReadHtmlCacheBehavior [ RunTime:0.001000s ]
INFO: [ app_begin ] --END-- [ RunTime:0.001000s ]
SQL: SHOW COLUMNS FROM `sw_manager` [ RunTime:0.0010s ]
SQL: SELECT * FROM `sw_manager` WHERE `mg_id` = 3 LIMIT 1   [ RunTime:0.0000s ]
SQL: SHOW COLUMNS FROM `sw_role` [ RunTime:0.0000s ]
SQL: SELECT * FROM `sw_role` WHERE `role_id` = 0 LIMIT 1   [ RunTime:0.0000s ]
SQL: SHOW COLUMNS FROM `sw_category` [ RunTime:0.0000s ]
NOTIC: [8] Undefined index: validate D:\wamp64\www\tp\ThinkPHP\Library\Think\Model.class.php 第 1185 行.

[ 2017-03-09T17:11:24+08:00 ] 127.0.0.1 /index.php/Admin/Goods/cateAdd
INFO: [ app_begin ] --START--
INFO: Run Behavior\ReadHtmlCacheBehavior [ RunTime:0.001000s ]
INFO: [ app_begin ] --END-- [ RunTime:0.002000s ]
SQL: SHOW COLUMNS FROM `sw_manager` [ RunTime:0.0010s ]
SQL: SELECT * FROM `sw_manager` WHERE `mg_id` = 3 LIMIT 1   [ RunTime:0.0010s ]
SQL: SHOW COLUMNS FROM `sw_role` [ RunTime:0.0010s ]
SQL: SELECT * FROM `sw_role` WHERE `role_id` = 0 LIMIT 1   [ RunTime:0.0000s ]
SQL: SHOW COLUMNS FROM `sw_category` [ RunTime:0.0000s ]
NOTIC: [8] Undefined index: validate D:\wamp64\www\tp\ThinkPHP\Library\Think\Model.class.php 第 1185 行.

[ 2017-03-09T17:13:52+08:00 ] 127.0.0.1 /index.php/Admin/Goods/cateAdd
INFO: [ app_begin ] --START--
INFO: Run Behavior\ReadHtmlCacheBehavior [ RunTime:0.001000s ]
INFO: [ app_begin ] --END-- [ RunTime:0.001000s ]
SQL: SHOW COLUMNS FROM `sw_manager` [ RunTime:0.0000s ]
SQL: SELECT * FROM `sw_manager` WHERE `mg_id` = 3 LIMIT 1   [ RunTime:0.0000s ]
SQL: SHOW COLUMNS FROM `sw_role` [ RunTime:0.0000s ]
SQL: SELECT * FROM `sw_role` WHERE `role_id` = 0 LIMIT 1   [ RunTime:0.0000s ]
SQL: SHOW COLUMNS FROM `sw_category` [ RunTime:0.0000s ]
NOTIC: [8] Undefined index: validate D:\wamp64\www\tp\ThinkPHP\Library\Think\Model.class.php 第 1185 行.

[ 2017-03-09T17:13:59+08:00 ] 127.0.0.1 /index.php/Admin/Goods/cateAdd
INFO: [ app_begin ] --START--
INFO: Run Behavior\ReadHtmlCacheBehavior [ RunTime:0.000000s ]
INFO: [ app_begin ] --END-- [ RunTime:0.002000s ]
SQL: SHOW COLUMNS FROM `sw_manager` [ RunTime:0.0010s ]
SQL: SELECT * FROM `sw_manager` WHERE `mg_id` = 3 LIMIT 1   [ RunTime:0.0010s ]
SQL: SHOW COLUMNS FROM `sw_role` [ RunTime:0.0000s ]
SQL: SELECT * FROM `sw_role` WHERE `role_id` = 0 LIMIT 1   [ RunTime:0.0000s ]
SQL: SHOW COLUMNS FROM `sw_category` [ RunTime:0.0000s ]
NOTIC: [8] Undefined index: validate D:\wamp64\www\tp\ThinkPHP\Library\Think\Model.class.php 第 1185 行.

[ 2017-03-09T17:14:15+08:00 ] 127.0.0.1 /index.php/Admin/Goods/cateAdd
INFO: [ app_begin ] --START--
INFO: Run Behavior\ReadHtmlCacheBehavior [ RunTime:0.000000s ]
INFO: [ app_begin ] --END-- [ RunTime:0.001000s ]
SQL: SHOW COLUMNS FROM `sw_manager` [ RunTime:0.0010s ]
SQL: SELECT * FROM `sw_manager` WHERE `mg_id` = 3 LIMIT 1   [ RunTime:0.0000s ]
SQL: SHOW COLUMNS FROM `sw_role` [ RunTime:0.0010s ]
SQL: SELECT * FROM `sw_role` WHERE `role_id` = 0 LIMIT 1   [ RunTime:0.0010s ]
SQL: SHOW COLUMNS FROM `sw_category` [ RunTime:0.0000s ]
NOTIC: [8] Undefined index: validate D:\wamp64\www\tp\ThinkPHP\Library\Think\Model.class.php 第 1185 行.

[ 2017-03-09T17:14:21+08:00 ] 127.0.0.1 /index.php/Admin/Goods/cateAdd
INFO: [ app_begin ] --START--
INFO: Run Behavior\ReadHtmlCacheBehavior [ RunTime:0.001000s ]
INFO: [ app_begin ] --END-- [ RunTime:0.001000s ]
SQL: SHOW COLUMNS FROM `sw_manager` [ RunTime:0.0000s ]
SQL: SELECT * FROM `sw_manager` WHERE `mg_id` = 3 LIMIT 1   [ RunTime:0.0000s ]
SQL: SHOW COLUMNS FROM `sw_role` [ RunTime:0.0000s ]
SQL: SELECT * FROM `sw_role` WHERE `role_id` = 0 LIMIT 1   [ RunTime:0.0010s ]
SQL: SHOW COLUMNS FROM `sw_category` [ RunTime:0.0000s ]
NOTIC: [8] Undefined index: validate D:\wamp64\www\tp\ThinkPHP\Library\Think\Model.class.php 第 1185 行.

[ 2017-03-09T17:14:23+08:00 ] 127.0.0.1 /index.php/Admin/Goods/cateAdd
INFO: [ app_begin ] --START--
INFO: Run Behavior\ReadHtmlCacheBehavior [ RunTime:0.001000s ]
INFO: [ app_begin ] --END-- [ RunTime:0.002000s ]
SQL: SHOW COLUMNS FROM `sw_manager` [ RunTime:0.0000s ]
SQL: SELECT * FROM `sw_manager` WHERE `mg_id` = 3 LIMIT 1   [ RunTime:0.0000s ]
SQL: SHOW COLUMNS FROM `sw_role` [ RunTime:0.0000s ]
SQL: SELECT * FROM `sw_role` WHERE `role_id` = 0 LIMIT 1   [ RunTime:0.0010s ]
SQL: SHOW COLUMNS FROM `sw_category` [ RunTime:0.0000s ]
NOTIC: [8] Undefined index: validate D:\wamp64\www\tp\ThinkPHP\Library\Think\Model.class.php 第 1185 行.

[ 2017-03-09T17:17:44+08:00 ] 127.0.0.1 /index.php/Admin/Goods/cateAdd
INFO: [ app_begin ] --START--
INFO: Run Behavior\ReadHtmlCacheBehavior [ RunTime:0.001000s ]
INFO: [ app_begin ] --END-- [ RunTime:0.001000s ]
SQL: SHOW COLUMNS FROM `sw_manager` [ RunTime:0.0010s ]
SQL: SELECT * FROM `sw_manager` WHERE `mg_id` = 3 LIMIT 1   [ RunTime:0.0010s ]
SQL: SHOW COLUMNS FROM `sw_role` [ RunTime:0.0000s ]
SQL: SELECT * FROM `sw_role` WHERE `role_id` = 0 LIMIT 1   [ RunTime:0.0000s ]
SQL: SHOW COLUMNS FROM `sw_category` [ RunTime:0.0000s ]
NOTIC: [8] Undefined index: validate D:\wamp64\www\tp\ThinkPHP\Library\Think\Model.class.php 第 1185 行.

[ 2017-03-09T17:18:20+08:00 ] 127.0.0.1 /index.php/Admin/Goods/cateAdd
ERR: Think\Model:catInit方法不存在！

[ 2017-03-09T17:18:42+08:00 ] 127.0.0.1 /index.php/Admin/Goods/cateAdd
INFO: [ app_begin ] --START--
INFO: Run Behavior\ReadHtmlCacheBehavior [ RunTime:0.001000s ]
INFO: [ app_begin ] --END-- [ RunTime:0.002000s ]
SQL: SHOW COLUMNS FROM `sw_manager` [ RunTime:0.0010s ]
SQL: SELECT * FROM `sw_manager` WHERE `mg_id` = 3 LIMIT 1   [ RunTime:0.0010s ]
SQL: SHOW COLUMNS FROM `sw_role` [ RunTime:0.0010s ]
SQL: SELECT * FROM `sw_role` WHERE `role_id` = 0 LIMIT 1   [ RunTime:0.0000s ]
SQL: SHOW COLUMNS FROM `sw_category` [ RunTime:0.0010s ]
NOTIC: [8] Undefined index: validate D:\wamp64\www\tp\ThinkPHP\Library\Think\Model.class.php 第 1185 行.

[ 2017-03-09T17:18:43+08:00 ] 127.0.0.1 /index.php/Admin/Goods/cateAdd
INFO: [ app_begin ] --START--
INFO: Run Behavior\ReadHtmlCacheBehavior [ RunTime:0.001000s ]
INFO: [ app_begin ] --END-- [ RunTime:0.002000s ]
SQL: SHOW COLUMNS FROM `sw_manager` [ RunTime:0.0010s ]
SQL: SELECT * FROM `sw_manager` WHERE `mg_id` = 3 LIMIT 1   [ RunTime:0.0010s ]
SQL: SHOW COLUMNS FROM `sw_role` [ RunTime:0.0000s ]
SQL: SELECT * FROM `sw_role` WHERE `role_id` = 0 LIMIT 1   [ RunTime:0.0000s ]
SQL: SHOW COLUMNS FROM `sw_category` [ RunTime:0.0000s ]
NOTIC: [8] Undefined index: validate D:\wamp64\www\tp\ThinkPHP\Library\Think\Model.class.php 第 1185 行.

[ 2017-03-09T17:18:45+08:00 ] 127.0.0.1 /index.php/Admin/Goods/cateAdd
INFO: [ app_begin ] --START--
INFO: Run Behavior\ReadHtmlCacheBehavior [ RunTime:0.000000s ]
INFO: [ app_begin ] --END-- [ RunTime:0.002000s ]
SQL: SHOW COLUMNS FROM `sw_manager` [ RunTime:0.0000s ]
SQL: SELECT * FROM `sw_manager` WHERE `mg_id` = 3 LIMIT 1   [ RunTime:0.0000s ]
SQL: SHOW COLUMNS FROM `sw_role` [ RunTime:0.0000s ]
SQL: SELECT * FROM `sw_role` WHERE `role_id` = 0 LIMIT 1   [ RunTime:0.0000s ]
SQL: SHOW COLUMNS FROM `sw_category` [ RunTime:0.0000s ]
NOTIC: [8] Undefined index: validate D:\wamp64\www\tp\ThinkPHP\Library\Think\Model.class.php 第 1185 行.

[ 2017-03-09T17:18:45+08:00 ] 127.0.0.1 /index.php/Admin/Goods/cateAdd
INFO: [ app_begin ] --START--
INFO: Run Behavior\ReadHtmlCacheBehavior [ RunTime:0.001000s ]
INFO: [ app_begin ] --END-- [ RunTime:0.002000s ]
SQL: SHOW COLUMNS FROM `sw_manager` [ RunTime:0.0000s ]
SQL: SELECT * FROM `sw_manager` WHERE `mg_id` = 3 LIMIT 1   [ RunTime:0.0000s ]
SQL: SHOW COLUMNS FROM `sw_role` [ RunTime:0.0000s ]
SQL: SELECT * FROM `sw_role` WHERE `role_id` = 0 LIMIT 1   [ RunTime:0.0000s ]
SQL: SHOW COLUMNS FROM `sw_category` [ RunTime:0.0000s ]
NOTIC: [8] Undefined index: validate D:\wamp64\www\tp\ThinkPHP\Library\Think\Model.class.php 第 1185 行.

[ 2017-03-09T17:18:51+08:00 ] 127.0.0.1 /index.php/Admin/Goods/cateAdd
INFO: [ app_begin ] --START--
INFO: Run Behavior\ReadHtmlCacheBehavior [ RunTime:0.001000s ]
INFO: [ app_begin ] --END-- [ RunTime:0.003000s ]
SQL: SHOW COLUMNS FROM `sw_manager` [ RunTime:0.0000s ]
SQL: SELECT * FROM `sw_manager` WHERE `mg_id` = 3 LIMIT 1   [ RunTime:0.0000s ]
SQL: SHOW COLUMNS FROM `sw_role` [ RunTime:0.0000s ]
SQL: SELECT * FROM `sw_role` WHERE `role_id` = 0 LIMIT 1   [ RunTime:0.0000s ]
SQL: SHOW COLUMNS FROM `sw_category` [ RunTime:0.0000s ]
NOTIC: [8] Undefined index: validate D:\wamp64\www\tp\ThinkPHP\Library\Think\Model.class.php 第 1185 行.

[ 2017-03-09T17:18:58+08:00 ] 127.0.0.1 /index.php/Admin/Goods/cateAdd
INFO: [ app_begin ] --START--
INFO: Run Behavior\ReadHtmlCacheBehavior [ RunTime:0.001000s ]
INFO: [ app_begin ] --END-- [ RunTime:0.002000s ]
SQL: SHOW COLUMNS FROM `sw_manager` [ RunTime:0.0010s ]
SQL: SELECT * FROM `sw_manager` WHERE `mg_id` = 3 LIMIT 1   [ RunTime:0.0010s ]
SQL: SHOW COLUMNS FROM `sw_role` [ RunTime:0.0000s ]
SQL: SELECT * FROM `sw_role` WHERE `role_id` = 0 LIMIT 1   [ RunTime:0.0000s ]
SQL: SHOW COLUMNS FROM `sw_category` [ RunTime:0.0010s ]
NOTIC: [8] Undefined index: validate D:\wamp64\www\tp\ThinkPHP\Library\Think\Model.class.php 第 1185 行.

[ 2017-03-09T17:19:00+08:00 ] 127.0.0.1 /index.php/Admin/Goods/cateAdd
INFO: [ app_begin ] --START--
INFO: Run Behavior\ReadHtmlCacheBehavior [ RunTime:0.001000s ]
INFO: [ app_begin ] --END-- [ RunTime:0.002000s ]
SQL: SHOW COLUMNS FROM `sw_manager` [ RunTime:0.0000s ]
SQL: SELECT * FROM `sw_manager` WHERE `mg_id` = 3 LIMIT 1   [ RunTime:0.0000s ]
SQL: SHOW COLUMNS FROM `sw_role` [ RunTime:0.0000s ]
SQL: SELECT * FROM `sw_role` WHERE `role_id` = 0 LIMIT 1   [ RunTime:0.0010s ]
SQL: SHOW COLUMNS FROM `sw_category` [ RunTime:0.0000s ]
NOTIC: [8] Undefined index: validate D:\wamp64\www\tp\ThinkPHP\Library\Think\Model.class.php 第 1185 行.
SQL: SELECT * FROM `sw_category` WHERE `cat_name` = 'aaa' LIMIT 1   [ RunTime:0.0000s ]
NOTIC: [8] Undefined index: auto D:\wamp64\www\tp\ThinkPHP\Library\Think\Model.class.php 第 1128 行.
INFO: [ app_end ] --START--
INFO: Run Behavior\ShowPageTraceBehavior [ RunTime:0.001000s ]
INFO: [ app_end ] --END-- [ RunTime:0.001000s ]

[ 2017-03-09T17:19:09+08:00 ] 127.0.0.1 /index.php/Admin/Goods/cateAdd
INFO: [ app_begin ] --START--
INFO: Run Behavior\ReadHtmlCacheBehavior [ RunTime:0.001000s ]
INFO: [ app_begin ] --END-- [ RunTime:0.002000s ]
SQL: SHOW COLUMNS FROM `sw_manager` [ RunTime:0.0000s ]
SQL: SELECT * FROM `sw_manager` WHERE `mg_id` = 3 LIMIT 1   [ RunTime:0.0000s ]
SQL: SHOW COLUMNS FROM `sw_role` [ RunTime:0.0000s ]
SQL: SELECT * FROM `sw_role` WHERE `role_id` = 0 LIMIT 1   [ RunTime:0.0010s ]
SQL: SHOW COLUMNS FROM `sw_category` [ RunTime:0.0000s ]
NOTIC: [8] Undefined index: validate D:\wamp64\www\tp\ThinkPHP\Library\Think\Model.class.php 第 1185 行.
SQL: SELECT * FROM `sw_category` WHERE `cat_name` = 'aaa' LIMIT 1   [ RunTime:0.0000s ]
NOTIC: [8] Undefined index: auto D:\wamp64\www\tp\ThinkPHP\Library\Think\Model.class.php 第 1128 行.
INFO: [ app_end ] --START--
INFO: Run Behavior\ShowPageTraceBehavior [ RunTime:0.000000s ]
INFO: [ app_end ] --END-- [ RunTime:0.000000s ]

[ 2017-03-09T17:19:23+08:00 ] 127.0.0.1 /index.php/Admin/Goods/cateAdd
INFO: [ app_begin ] --START--
INFO: Run Behavior\ReadHtmlCacheBehavior [ RunTime:0.000000s ]
INFO: [ app_begin ] --END-- [ RunTime:0.002000s ]
SQL: SHOW COLUMNS FROM `sw_manager` [ RunTime:0.0000s ]
SQL: SELECT * FROM `sw_manager` WHERE `mg_id` = 3 LIMIT 1   [ RunTime:0.0000s ]
SQL: SHOW COLUMNS FROM `sw_role` [ RunTime:0.0000s ]
SQL: SELECT * FROM `sw_role` WHERE `role_id` = 0 LIMIT 1   [ RunTime:0.0000s ]
SQL: SHOW COLUMNS FROM `sw_category` [ RunTime:0.0010s ]
NOTIC: [8] Undefined index: validate D:\wamp64\www\tp\ThinkPHP\Library\Think\Model.class.php 第 1185 行.
SQL: SELECT * FROM `sw_category` WHERE `cat_name` = '添加分类' LIMIT 1   [ RunTime:0.0000s ]
NOTIC: [8] Undefined index: auto D:\wamp64\www\tp\ThinkPHP\Library\Think\Model.class.php 第 1128 行.
INFO: [ app_end ] --START--
INFO: Run Behavior\ShowPageTraceBehavior [ RunTime:0.001000s ]
INFO: [ app_end ] --END-- [ RunTime:0.001000s ]

[ 2017-03-09T17:19:27+08:00 ] 127.0.0.1 /index.php/Admin/Goods/cateAdd
INFO: [ app_begin ] --START--
INFO: Run Behavior\ReadHtmlCacheBehavior [ RunTime:0.001000s ]
INFO: [ app_begin ] --END-- [ RunTime:0.002000s ]
SQL: SHOW COLUMNS FROM `sw_manager` [ RunTime:0.0010s ]
SQL: SELECT * FROM `sw_manager` WHERE `mg_id` = 3 LIMIT 1   [ RunTime:0.0010s ]
SQL: SHOW COLUMNS FROM `sw_role` [ RunTime:0.0010s ]
SQL: SELECT * FROM `sw_role` WHERE `role_id` = 0 LIMIT 1   [ RunTime:0.0000s ]
SQL: SHOW COLUMNS FROM `sw_category` [ RunTime:0.0010s ]
NOTIC: [8] Undefined index: validate D:\wamp64\www\tp\ThinkPHP\Library\Think\Model.class.php 第 1185 行.
SQL: SELECT * FROM `sw_category` WHERE `cat_name` = '添加分类' LIMIT 1   [ RunTime:0.0000s ]
NOTIC: [8] Undefined index: auto D:\wamp64\www\tp\ThinkPHP\Library\Think\Model.class.php 第 1128 行.
INFO: [ app_end ] --START--
INFO: Run Behavior\ShowPageTraceBehavior [ RunTime:0.000000s ]
INFO: [ app_end ] --END-- [ RunTime:0.001000s ]

[ 2017-03-09T17:20:25+08:00 ] 127.0.0.1 /index.php/Admin/Goods/cateAdd
INFO: [ app_begin ] --START--
INFO: Run Behavior\ReadHtmlCacheBehavior [ RunTime:0.001000s ]
INFO: [ app_begin ] --END-- [ RunTime:0.002000s ]
SQL: SHOW COLUMNS FROM `sw_manager` [ RunTime:0.0000s ]
SQL: SELECT * FROM `sw_manager` WHERE `mg_id` = 3 LIMIT 1   [ RunTime:0.0000s ]
SQL: SHOW COLUMNS FROM `sw_role` [ RunTime:0.0000s ]
SQL: SELECT * FROM `sw_role` WHERE `role_id` = 0 LIMIT 1   [ RunTime:0.0000s ]
SQL: SHOW COLUMNS FROM `sw_category` [ RunTime:0.0000s ]
NOTIC: [8] Undefined index: validate D:\wamp64\www\tp\ThinkPHP\Library\Think\Model.class.php 第 1185 行.

[ 2017-03-09T17:20:30+08:00 ] 127.0.0.1 /index.php/Admin/Goods/cateAdd
INFO: [ app_begin ] --START--
INFO: Run Behavior\ReadHtmlCacheBehavior [ RunTime:0.000000s ]
INFO: [ app_begin ] --END-- [ RunTime:0.001000s ]
SQL: SHOW COLUMNS FROM `sw_manager` [ RunTime:0.0000s ]
SQL: SELECT * FROM `sw_manager` WHERE `mg_id` = 3 LIMIT 1   [ RunTime:0.0000s ]
SQL: SHOW COLUMNS FROM `sw_role` [ RunTime:0.0000s ]
SQL: SELECT * FROM `sw_role` WHERE `role_id` = 0 LIMIT 1   [ RunTime:0.0010s ]
SQL: SHOW COLUMNS FROM `sw_category` [ RunTime:0.0010s ]
NOTIC: [8] Undefined index: validate D:\wamp64\www\tp\ThinkPHP\Library\Think\Model.class.php 第 1185 行.
SQL: SELECT * FROM `sw_category` WHERE `cat_name` = 'a' LIMIT 1   [ RunTime:0.0010s ]
NOTIC: [8] Undefined index: auto D:\wamp64\www\tp\ThinkPHP\Library\Think\Model.class.php 第 1128 行.
INFO: [ app_end ] --START--
INFO: Run Behavior\ShowPageTraceBehavior [ RunTime:0.001000s ]
INFO: [ app_end ] --END-- [ RunTime:0.001000s ]

[ 2017-03-09T17:21:08+08:00 ] 127.0.0.1 /index.php/Admin/Goods/cateAdd
INFO: [ app_begin ] --START--
INFO: Run Behavior\ReadHtmlCacheBehavior [ RunTime:0.001000s ]
INFO: [ app_begin ] --END-- [ RunTime:0.001000s ]
SQL: SHOW COLUMNS FROM `sw_manager` [ RunTime:0.0010s ]
SQL: SELECT * FROM `sw_manager` WHERE `mg_id` = 3 LIMIT 1   [ RunTime:0.0010s ]
SQL: SHOW COLUMNS FROM `sw_role` [ RunTime:0.0010s ]
SQL: SELECT * FROM `sw_role` WHERE `role_id` = 0 LIMIT 1   [ RunTime:0.0000s ]
SQL: SHOW COLUMNS FROM `sw_category` [ RunTime:0.0000s ]
NOTIC: [8] Undefined index: validate D:\wamp64\www\tp\ThinkPHP\Library\Think\Model.class.php 第 1185 行.

[ 2017-03-09T17:21:10+08:00 ] 127.0.0.1 /index.php/Admin/Goods/cateAdd
INFO: [ app_begin ] --START--
INFO: Run Behavior\ReadHtmlCacheBehavior [ RunTime:0.001000s ]
INFO: [ app_begin ] --END-- [ RunTime:0.002000s ]
SQL: SHOW COLUMNS FROM `sw_manager` [ RunTime:0.0010s ]
SQL: SELECT * FROM `sw_manager` WHERE `mg_id` = 3 LIMIT 1   [ RunTime:0.0000s ]
SQL: SHOW COLUMNS FROM `sw_role` [ RunTime:0.0000s ]
SQL: SELECT * FROM `sw_role` WHERE `role_id` = 0 LIMIT 1   [ RunTime:0.0000s ]
SQL: SHOW COLUMNS FROM `sw_category` [ RunTime:0.0000s ]
NOTIC: [8] Undefined index: validate D:\wamp64\www\tp\ThinkPHP\Library\Think\Model.class.php 第 1185 行.

