[ 2017-03-04T14:17:55+08:00 ] 127.0.0.1 /index.php/Admin/Manager/%3Cdiv%20style=
ERR: 非法操作:

[ 2017-03-04T14:18:05+08:00 ] 127.0.0.1 /index.php/Admin/Manager/%3Cdiv%20style=
ERR: 非法操作:

[ 2017-03-04T14:18:20+08:00 ] 127.0.0.1 /index.php/Admin/Manager/%3Cdiv%20style=
ERR: 非法操作:

[ 2017-03-04T14:42:21+08:00 ] 127.0.0.1 /index.php/admin/login
ERR: 无法加载控制器:Login

[ 2017-03-04T14:42:35+08:00 ] 127.0.0.1 /index.php/Admin/Manager/login
INFO: [ app_begin ] --START--
INFO: Run Behavior\ReadHtmlCacheBehavior [ RunTime:0.000000s ]
INFO: [ app_begin ] --END-- [ RunTime:0.002000s ]
SQL: SHOW COLUMNS FROM `sw_manager` [ RunTime:0.0010s ]
SQL: SELECT * FROM `sw_manager` LIMIT 1   [ RunTime:0.0000s ]
SQL: SHOW COLUMNS FROM `sw_role` [ RunTime:0.0010s ]
SQL: SELECT * FROM `sw_role` WHERE `role_id` = 100 LIMIT 1   [ RunTime:0.0000s ]

[ 2017-03-04T14:42:44+08:00 ] 127.0.0.1 /index.php/Admin/Manager/login
INFO: [ app_begin ] --START--
INFO: Run Behavior\ReadHtmlCacheBehavior [ RunTime:0.000000s ]
INFO: [ app_begin ] --END-- [ RunTime:0.001000s ]
SQL: SHOW COLUMNS FROM `sw_manager` [ RunTime:0.0000s ]
SQL: SELECT * FROM `sw_manager` LIMIT 1   [ RunTime:0.0000s ]
SQL: SHOW COLUMNS FROM `sw_role` [ RunTime:0.0000s ]
SQL: SELECT * FROM `sw_role` WHERE `role_id` = 100 LIMIT 1   [ RunTime:0.0000s ]

[ 2017-03-04T14:42:44+08:00 ] 127.0.0.1 /index.php/Admin/Manager/login
INFO: [ app_begin ] --START--
INFO: Run Behavior\ReadHtmlCacheBehavior [ RunTime:0.001000s ]
INFO: [ app_begin ] --END-- [ RunTime:0.002000s ]
SQL: SHOW COLUMNS FROM `sw_manager` [ RunTime:0.0010s ]
SQL: SELECT * FROM `sw_manager` LIMIT 1   [ RunTime:0.0000s ]
SQL: SHOW COLUMNS FROM `sw_role` [ RunTime:0.0010s ]
SQL: SELECT * FROM `sw_role` WHERE `role_id` = 100 LIMIT 1   [ RunTime:0.0000s ]

[ 2017-03-04T14:42:44+08:00 ] 127.0.0.1 /index.php/Admin/Manager/login
INFO: [ app_begin ] --START--
INFO: Run Behavior\ReadHtmlCacheBehavior [ RunTime:0.001000s ]
INFO: [ app_begin ] --END-- [ RunTime:0.001000s ]
SQL: SHOW COLUMNS FROM `sw_manager` [ RunTime:0.0010s ]
SQL: SELECT * FROM `sw_manager` LIMIT 1   [ RunTime:0.0010s ]
SQL: SHOW COLUMNS FROM `sw_role` [ RunTime:0.0000s ]
SQL: SELECT * FROM `sw_role` WHERE `role_id` = 100 LIMIT 1   [ RunTime:0.0000s ]

[ 2017-03-04T14:42:46+08:00 ] 127.0.0.1 /index.php/Admin/Manager/login
INFO: [ app_begin ] --START--
INFO: Run Behavior\ReadHtmlCacheBehavior [ RunTime:0.001000s ]
INFO: [ app_begin ] --END-- [ RunTime:0.002000s ]
SQL: SHOW COLUMNS FROM `sw_manager` [ RunTime:0.0000s ]
SQL: SELECT * FROM `sw_manager` LIMIT 1   [ RunTime:0.0000s ]
SQL: SHOW COLUMNS FROM `sw_role` [ RunTime:0.0010s ]
SQL: SELECT * FROM `sw_role` WHERE `role_id` = 100 LIMIT 1   [ RunTime:0.0000s ]

[ 2017-03-04T14:42:51+08:00 ] 127.0.0.1 /index.php/Admin/Manager/login
INFO: [ app_begin ] --START--
INFO: Run Behavior\ReadHtmlCacheBehavior [ RunTime:0.001001s ]
INFO: [ app_begin ] --END-- [ RunTime:0.002001s ]
SQL: SHOW COLUMNS FROM `sw_manager` [ RunTime:0.0010s ]
SQL: SELECT * FROM `sw_manager` LIMIT 1   [ RunTime:0.0010s ]
SQL: SHOW COLUMNS FROM `sw_role` [ RunTime:0.0010s ]
SQL: SELECT * FROM `sw_role` WHERE `role_id` = 100 LIMIT 1   [ RunTime:0.0010s ]

[ 2017-03-04T14:42:54+08:00 ] 127.0.0.1 /index.php/Admin/Manager/login
INFO: [ app_begin ] --START--
INFO: Run Behavior\ReadHtmlCacheBehavior [ RunTime:0.001001s ]
INFO: [ app_begin ] --END-- [ RunTime:0.002001s ]
SQL: SHOW COLUMNS FROM `sw_manager` [ RunTime:0.0000s ]
SQL: SELECT * FROM `sw_manager` LIMIT 1   [ RunTime:0.0000s ]
SQL: SHOW COLUMNS FROM `sw_role` [ RunTime:0.0010s ]
SQL: SELECT * FROM `sw_role` WHERE `role_id` = 100 LIMIT 1   [ RunTime:0.0000s ]

[ 2017-03-04T14:43:45+08:00 ] 127.0.0.1 /index.php/Admin/Manager/login
INFO: [ app_begin ] --START--
INFO: Run Behavior\ReadHtmlCacheBehavior [ RunTime:0.001000s ]
INFO: [ app_begin ] --END-- [ RunTime:0.001000s ]

[ 2017-03-04T14:44:08+08:00 ] 127.0.0.1 /index.php/Admin/Manager/login
INFO: [ app_begin ] --START--
INFO: Run Behavior\ReadHtmlCacheBehavior [ RunTime:0.001000s ]
INFO: [ app_begin ] --END-- [ RunTime:0.001000s ]
SQL: SHOW COLUMNS FROM `sw_manager` [ RunTime:0.0010s ]
SQL: SELECT * FROM `sw_manager` LIMIT 1   [ RunTime:0.0000s ]
SQL: SHOW COLUMNS FROM `sw_role` [ RunTime:0.0000s ]
SQL: SELECT * FROM `sw_role` WHERE `role_id` = 100 LIMIT 1   [ RunTime:0.0000s ]

[ 2017-03-04T14:45:21+08:00 ] 127.0.0.1 /index.php/Admin/Manager/login
INFO: [ app_begin ] --START--
INFO: Run Behavior\ReadHtmlCacheBehavior [ RunTime:0.001000s ]
INFO: [ app_begin ] --END-- [ RunTime:0.002000s ]
SQL: SHOW COLUMNS FROM `sw_manager` [ RunTime:0.0010s ]
SQL: SELECT * FROM `sw_manager` LIMIT 1   [ RunTime:0.0010s ]
SQL: SHOW COLUMNS FROM `sw_role` [ RunTime:0.0000s ]
SQL: SELECT * FROM `sw_role` WHERE `role_id` = 100 LIMIT 1   [ RunTime:0.0000s ]

[ 2017-03-04T14:45:25+08:00 ] 127.0.0.1 /index.php/Admin/Manager/login
INFO: [ app_begin ] --START--
INFO: Run Behavior\ReadHtmlCacheBehavior [ RunTime:0.001000s ]
INFO: [ app_begin ] --END-- [ RunTime:0.001000s ]
SQL: SHOW COLUMNS FROM `sw_manager` [ RunTime:0.0010s ]
SQL: SELECT * FROM `sw_manager` LIMIT 1   [ RunTime:0.0000s ]
SQL: SHOW COLUMNS FROM `sw_role` [ RunTime:0.0000s ]
SQL: SELECT * FROM `sw_role` WHERE `role_id` = 100 LIMIT 1   [ RunTime:0.0000s ]

[ 2017-03-04T14:45:55+08:00 ] 127.0.0.1 /index.php/Admin/Manager/login
INFO: [ app_begin ] --START--
INFO: Run Behavior\ReadHtmlCacheBehavior [ RunTime:0.001000s ]
INFO: [ app_begin ] --END-- [ RunTime:0.001000s ]
SQL: SHOW COLUMNS FROM `sw_manager` [ RunTime:0.0010s ]
SQL: SELECT * FROM `sw_manager` LIMIT 1   [ RunTime:0.0000s ]
SQL: SHOW COLUMNS FROM `sw_role` [ RunTime:0.0010s ]
SQL: SELECT * FROM `sw_role` WHERE `role_id` = 100 LIMIT 1   [ RunTime:0.0000s ]

[ 2017-03-04T14:46:02+08:00 ] 127.0.0.1 /index.php/Admin/Manager/login
INFO: [ app_begin ] --START--
INFO: Run Behavior\ReadHtmlCacheBehavior [ RunTime:0.000000s ]
INFO: [ app_begin ] --END-- [ RunTime:0.002000s ]
SQL: SHOW COLUMNS FROM `sw_manager` [ RunTime:0.0010s ]
SQL: SELECT * FROM `sw_manager` LIMIT 1   [ RunTime:0.0000s ]
SQL: SHOW COLUMNS FROM `sw_role` [ RunTime:0.0000s ]
SQL: SELECT * FROM `sw_role` WHERE `role_id` = 100 LIMIT 1   [ RunTime:0.0000s ]

[ 2017-03-04T14:46:12+08:00 ] 127.0.0.1 /index.php/Admin/Manager/login
INFO: [ app_begin ] --START--
INFO: Run Behavior\ReadHtmlCacheBehavior [ RunTime:0.001000s ]
INFO: [ app_begin ] --END-- [ RunTime:0.002000s ]
SQL: SHOW COLUMNS FROM `sw_manager` [ RunTime:0.0000s ]
SQL: SELECT * FROM `sw_manager` LIMIT 1   [ RunTime:0.0000s ]
SQL: SHOW COLUMNS FROM `sw_role` [ RunTime:0.0010s ]
SQL: SELECT * FROM `sw_role` WHERE `role_id` = 100 LIMIT 1   [ RunTime:0.0000s ]

[ 2017-03-04T14:46:50+08:00 ] 127.0.0.1 /index.php/Admin/Manager/login
INFO: [ app_begin ] --START--
INFO: Run Behavior\ReadHtmlCacheBehavior [ RunTime:0.000000s ]
INFO: [ app_begin ] --END-- [ RunTime:0.001000s ]
SQL: SHOW COLUMNS FROM `sw_manager` [ RunTime:0.0000s ]
SQL: SELECT * FROM `sw_manager` LIMIT 1   [ RunTime:0.0000s ]
SQL: SHOW COLUMNS FROM `sw_role` [ RunTime:0.0000s ]
SQL: SELECT * FROM `sw_role` WHERE `role_id` = 100 LIMIT 1   [ RunTime:0.0010s ]

[ 2017-03-04T14:46:53+08:00 ] 127.0.0.1 /index.php/Admin/Manager/login
INFO: [ app_begin ] --START--
INFO: Run Behavior\ReadHtmlCacheBehavior [ RunTime:0.001000s ]
INFO: [ app_begin ] --END-- [ RunTime:0.003000s ]
SQL: SHOW COLUMNS FROM `sw_manager` [ RunTime:0.0000s ]
SQL: SELECT * FROM `sw_manager` LIMIT 1   [ RunTime:0.0000s ]
SQL: SHOW COLUMNS FROM `sw_role` [ RunTime:0.0010s ]
SQL: SELECT * FROM `sw_role` WHERE `role_id` = 100 LIMIT 1   [ RunTime:0.0000s ]

[ 2017-03-04T14:46:55+08:00 ] 127.0.0.1 /index.php/Admin/Manager/login
INFO: [ app_begin ] --START--
INFO: Run Behavior\ReadHtmlCacheBehavior [ RunTime:0.001000s ]
INFO: [ app_begin ] --END-- [ RunTime:0.001000s ]
SQL: SHOW COLUMNS FROM `sw_manager` [ RunTime:0.0010s ]
SQL: SELECT * FROM `sw_manager` LIMIT 1   [ RunTime:0.0000s ]
SQL: SHOW COLUMNS FROM `sw_role` [ RunTime:0.0000s ]
SQL: SELECT * FROM `sw_role` WHERE `role_id` = 100 LIMIT 1   [ RunTime:0.0000s ]

[ 2017-03-04T14:47:40+08:00 ] 127.0.0.1 /index.php/Admin/Manager/login
INFO: [ app_begin ] --START--
INFO: Run Behavior\ReadHtmlCacheBehavior [ RunTime:0.001000s ]
INFO: [ app_begin ] --END-- [ RunTime:0.001000s ]
SQL: SHOW COLUMNS FROM `sw_manager` [ RunTime:0.0000s ]
SQL: SELECT * FROM `sw_manager` LIMIT 1   [ RunTime:0.0000s ]
SQL: SHOW COLUMNS FROM `sw_role` [ RunTime:0.0000s ]
SQL: SELECT * FROM `sw_role` WHERE `role_id` = 100 LIMIT 1   [ RunTime:0.0010s ]

[ 2017-03-04T14:47:41+08:00 ] 127.0.0.1 /index.php/Admin/Manager/login
INFO: [ app_begin ] --START--
INFO: Run Behavior\ReadHtmlCacheBehavior [ RunTime:0.000000s ]
INFO: [ app_begin ] --END-- [ RunTime:0.002000s ]
SQL: SHOW COLUMNS FROM `sw_manager` [ RunTime:0.0000s ]
SQL: SELECT * FROM `sw_manager` LIMIT 1   [ RunTime:0.0000s ]
SQL: SHOW COLUMNS FROM `sw_role` [ RunTime:0.0000s ]
SQL: SELECT * FROM `sw_role` WHERE `role_id` = 100 LIMIT 1   [ RunTime:0.0000s ]

[ 2017-03-04T14:47:43+08:00 ] 127.0.0.1 /index.php/Admin/Manager/login
INFO: [ app_begin ] --START--
INFO: Run Behavior\ReadHtmlCacheBehavior [ RunTime:0.002001s ]
INFO: [ app_begin ] --END-- [ RunTime:0.002001s ]
SQL: SHOW COLUMNS FROM `sw_manager` [ RunTime:0.0010s ]
SQL: SELECT * FROM `sw_manager` LIMIT 1   [ RunTime:0.0000s ]
SQL: SHOW COLUMNS FROM `sw_role` [ RunTime:0.0010s ]
SQL: SELECT * FROM `sw_role` WHERE `role_id` = 100 LIMIT 1   [ RunTime:0.0010s ]

[ 2017-03-04T14:48:15+08:00 ] 127.0.0.1 /index.php/Admin/Manager/login
INFO: [ app_begin ] --START--
INFO: Run Behavior\ReadHtmlCacheBehavior [ RunTime:0.000000s ]
INFO: [ app_begin ] --END-- [ RunTime:0.002000s ]
SQL: SHOW COLUMNS FROM `sw_manager` [ RunTime:0.0010s ]
SQL: SELECT * FROM `sw_manager` LIMIT 1   [ RunTime:0.0000s ]
SQL: SHOW COLUMNS FROM `sw_role` [ RunTime:0.0010s ]
SQL: SELECT * FROM `sw_role` WHERE `role_id` = 100 LIMIT 1   [ RunTime:0.0010s ]

[ 2017-03-04T14:48:17+08:00 ] 127.0.0.1 /index.php/Admin/Manager/login
INFO: [ app_begin ] --START--
INFO: Run Behavior\ReadHtmlCacheBehavior [ RunTime:0.001001s ]
INFO: [ app_begin ] --END-- [ RunTime:0.002001s ]
SQL: SHOW COLUMNS FROM `sw_manager` [ RunTime:0.0000s ]
SQL: SELECT * FROM `sw_manager` LIMIT 1   [ RunTime:0.0000s ]
SQL: SHOW COLUMNS FROM `sw_role` [ RunTime:0.0010s ]
SQL: SELECT * FROM `sw_role` WHERE `role_id` = 100 LIMIT 1   [ RunTime:0.0000s ]

[ 2017-03-04T14:48:20+08:00 ] 127.0.0.1 /index.php/Admin/Manager/login
INFO: [ app_begin ] --START--
INFO: Run Behavior\ReadHtmlCacheBehavior [ RunTime:0.001000s ]
INFO: [ app_begin ] --END-- [ RunTime:0.002000s ]
SQL: SHOW COLUMNS FROM `sw_manager` [ RunTime:0.0010s ]
SQL: SELECT * FROM `sw_manager` LIMIT 1   [ RunTime:0.0010s ]
SQL: SHOW COLUMNS FROM `sw_role` [ RunTime:0.0010s ]
SQL: SELECT * FROM `sw_role` WHERE `role_id` = 100 LIMIT 1   [ RunTime:0.0000s ]

[ 2017-03-04T14:48:26+08:00 ] 127.0.0.1 /index.php/Admin/Manager/login
INFO: [ app_begin ] --START--
INFO: Run Behavior\ReadHtmlCacheBehavior [ RunTime:0.002001s ]
INFO: [ app_begin ] --END-- [ RunTime:0.003001s ]
SQL: SHOW COLUMNS FROM `sw_manager` [ RunTime:0.0000s ]
SQL: SELECT * FROM `sw_manager` LIMIT 1   [ RunTime:0.0000s ]
SQL: SHOW COLUMNS FROM `sw_role` [ RunTime:0.0010s ]
SQL: SELECT * FROM `sw_role` WHERE `role_id` = 100 LIMIT 1   [ RunTime:0.0000s ]

[ 2017-03-04T14:48:58+08:00 ] 127.0.0.1 /index.php/Admin/Manager/login
INFO: [ app_begin ] --START--
INFO: Run Behavior\ReadHtmlCacheBehavior [ RunTime:0.000000s ]
INFO: [ app_begin ] --END-- [ RunTime:0.001000s ]
SQL: SHOW COLUMNS FROM `sw_manager` [ RunTime:0.0000s ]
SQL: SELECT * FROM `sw_manager` LIMIT 1   [ RunTime:0.0000s ]
SQL: SHOW COLUMNS FROM `sw_role` [ RunTime:0.0000s ]
SQL: SELECT * FROM `sw_role` WHERE `role_id` = 100 LIMIT 1   [ RunTime:0.0010s ]

[ 2017-03-04T14:49:02+08:00 ] 127.0.0.1 /index.php/Admin/Manager/login
INFO: [ app_begin ] --START--
INFO: Run Behavior\ReadHtmlCacheBehavior [ RunTime:0.001000s ]
INFO: [ app_begin ] --END-- [ RunTime:0.002000s ]
SQL: SHOW COLUMNS FROM `sw_manager` [ RunTime:0.0000s ]
SQL: SELECT * FROM `sw_manager` LIMIT 1   [ RunTime:0.0000s ]
SQL: SHOW COLUMNS FROM `sw_role` [ RunTime:0.0010s ]
SQL: SELECT * FROM `sw_role` WHERE `role_id` = 100 LIMIT 1   [ RunTime:0.0000s ]
SQL: SELECT * FROM `sw_manager` WHERE `mg_name` = '' AND `mg_pwd` = '' LIMIT 1   [ RunTime:0.0000s ]

[ 2017-03-04T14:49:05+08:00 ] 127.0.0.1 /index.php/Admin/Manager/login
INFO: [ app_begin ] --START--
INFO: Run Behavior\ReadHtmlCacheBehavior [ RunTime:0.001000s ]
INFO: [ app_begin ] --END-- [ RunTime:0.002000s ]
SQL: SHOW COLUMNS FROM `sw_manager` [ RunTime:0.0000s ]
SQL: SELECT * FROM `sw_manager` LIMIT 1   [ RunTime:0.0000s ]
SQL: SHOW COLUMNS FROM `sw_role` [ RunTime:0.0010s ]
SQL: SELECT * FROM `sw_role` WHERE `role_id` = 100 LIMIT 1   [ RunTime:0.0000s ]

[ 2017-03-04T14:49:13+08:00 ] 127.0.0.1 /index.php/Admin/Manager/login
INFO: [ app_begin ] --START--
INFO: Run Behavior\ReadHtmlCacheBehavior [ RunTime:0.001000s ]
INFO: [ app_begin ] --END-- [ RunTime:0.001000s ]
SQL: SHOW COLUMNS FROM `sw_manager` [ RunTime:0.0010s ]
SQL: SELECT * FROM `sw_manager` LIMIT 1   [ RunTime:0.0000s ]
SQL: SHOW COLUMNS FROM `sw_role` [ RunTime:0.0000s ]
SQL: SELECT * FROM `sw_role` WHERE `role_id` = 100 LIMIT 1   [ RunTime:0.0000s ]

[ 2017-03-04T14:49:17+08:00 ] 127.0.0.1 /index.php/Admin/Manager/login
INFO: [ app_begin ] --START--
INFO: Run Behavior\ReadHtmlCacheBehavior [ RunTime:0.001000s ]
INFO: [ app_begin ] --END-- [ RunTime:0.002000s ]
SQL: SHOW COLUMNS FROM `sw_manager` [ RunTime:0.0010s ]
SQL: SELECT * FROM `sw_manager` LIMIT 1   [ RunTime:0.0000s ]
SQL: SHOW COLUMNS FROM `sw_role` [ RunTime:0.0000s ]
SQL: SELECT * FROM `sw_role` WHERE `role_id` = 100 LIMIT 1   [ RunTime:0.0000s ]

[ 2017-03-04T14:49:22+08:00 ] 127.0.0.1 /index.php/Admin/Manager/login
INFO: [ app_begin ] --START--
INFO: Run Behavior\ReadHtmlCacheBehavior [ RunTime:0.001000s ]
INFO: [ app_begin ] --END-- [ RunTime:0.002000s ]
SQL: SHOW COLUMNS FROM `sw_manager` [ RunTime:0.0000s ]
SQL: SELECT * FROM `sw_manager` LIMIT 1   [ RunTime:0.0000s ]
SQL: SHOW COLUMNS FROM `sw_role` [ RunTime:0.0010s ]
SQL: SELECT * FROM `sw_role` WHERE `role_id` = 100 LIMIT 1   [ RunTime:0.0000s ]

[ 2017-03-04T14:49:28+08:00 ] 127.0.0.1 /index.php/Admin/Manager/login
INFO: [ app_begin ] --START--
INFO: Run Behavior\ReadHtmlCacheBehavior [ RunTime:0.001000s ]
INFO: [ app_begin ] --END-- [ RunTime:0.001000s ]
SQL: SHOW COLUMNS FROM `sw_manager` [ RunTime:0.0010s ]
SQL: SELECT * FROM `sw_manager` LIMIT 1   [ RunTime:0.0000s ]
SQL: SHOW COLUMNS FROM `sw_role` [ RunTime:0.0000s ]
SQL: SELECT * FROM `sw_role` WHERE `role_id` = 100 LIMIT 1   [ RunTime:0.0000s ]

[ 2017-03-04T14:49:35+08:00 ] 127.0.0.1 /index.php/Admin/Manager/login
INFO: [ app_begin ] --START--
INFO: Run Behavior\ReadHtmlCacheBehavior [ RunTime:0.001000s ]
INFO: [ app_begin ] --END-- [ RunTime:0.002000s ]
SQL: SHOW COLUMNS FROM `sw_manager` [ RunTime:0.0010s ]
SQL: SELECT * FROM `sw_manager` LIMIT 1   [ RunTime:0.0000s ]
SQL: SHOW COLUMNS FROM `sw_role` [ RunTime:0.0000s ]
SQL: SELECT * FROM `sw_role` WHERE `role_id` = 100 LIMIT 1   [ RunTime:0.0000s ]

[ 2017-03-04T14:49:41+08:00 ] 127.0.0.1 /index.php/Admin/Manager/login
INFO: [ app_begin ] --START--
INFO: Run Behavior\ReadHtmlCacheBehavior [ RunTime:0.001000s ]
INFO: [ app_begin ] --END-- [ RunTime:0.002000s ]
SQL: SHOW COLUMNS FROM `sw_manager` [ RunTime:0.0010s ]
SQL: SELECT * FROM `sw_manager` LIMIT 1   [ RunTime:0.0000s ]
SQL: SHOW COLUMNS FROM `sw_role` [ RunTime:0.0010s ]
SQL: SELECT * FROM `sw_role` WHERE `role_id` = 100 LIMIT 1   [ RunTime:0.0000s ]
SQL: SELECT * FROM `sw_manager` WHERE `mg_name` = '' AND `mg_pwd` = '' LIMIT 1   [ RunTime:0.0000s ]

[ 2017-03-04T14:49:43+08:00 ] 127.0.0.1 /index.php/Admin/Manager/login
INFO: [ app_begin ] --START--
INFO: Run Behavior\ReadHtmlCacheBehavior [ RunTime:0.002000s ]
INFO: [ app_begin ] --END-- [ RunTime:0.002000s ]
SQL: SHOW COLUMNS FROM `sw_manager` [ RunTime:0.0010s ]
SQL: SELECT * FROM `sw_manager` LIMIT 1   [ RunTime:0.0000s ]
SQL: SHOW COLUMNS FROM `sw_role` [ RunTime:0.0000s ]
SQL: SELECT * FROM `sw_role` WHERE `role_id` = 100 LIMIT 1   [ RunTime:0.0010s ]

[ 2017-03-04T14:49:44+08:00 ] 127.0.0.1 /index.php/Admin/Manager/login
INFO: [ app_begin ] --START--
INFO: Run Behavior\ReadHtmlCacheBehavior [ RunTime:0.001000s ]
INFO: [ app_begin ] --END-- [ RunTime:0.002000s ]
SQL: SHOW COLUMNS FROM `sw_manager` [ RunTime:0.0010s ]
SQL: SELECT * FROM `sw_manager` LIMIT 1   [ RunTime:0.0000s ]
SQL: SHOW COLUMNS FROM `sw_role` [ RunTime:0.0000s ]
SQL: SELECT * FROM `sw_role` WHERE `role_id` = 100 LIMIT 1   [ RunTime:0.0000s ]

[ 2017-03-04T14:49:49+08:00 ] 127.0.0.1 /index.php/Admin/Manager/login
INFO: [ app_begin ] --START--
INFO: Run Behavior\ReadHtmlCacheBehavior [ RunTime:0.001000s ]
INFO: [ app_begin ] --END-- [ RunTime:0.002000s ]
SQL: SHOW COLUMNS FROM `sw_manager` [ RunTime:0.0010s ]
SQL: SELECT * FROM `sw_manager` LIMIT 1   [ RunTime:0.0000s ]
SQL: SHOW COLUMNS FROM `sw_role` [ RunTime:0.0000s ]
SQL: SELECT * FROM `sw_role` WHERE `role_id` = 100 LIMIT 1   [ RunTime:0.0000s ]

[ 2017-03-04T14:49:55+08:00 ] 127.0.0.1 /index.php/Admin/Manager/login
INFO: [ app_begin ] --START--
INFO: Run Behavior\ReadHtmlCacheBehavior [ RunTime:0.001000s ]
INFO: [ app_begin ] --END-- [ RunTime:0.002000s ]
SQL: SHOW COLUMNS FROM `sw_manager` [ RunTime:0.0010s ]
SQL: SELECT * FROM `sw_manager` LIMIT 1   [ RunTime:0.0000s ]
SQL: SHOW COLUMNS FROM `sw_role` [ RunTime:0.0000s ]
SQL: SELECT * FROM `sw_role` WHERE `role_id` = 100 LIMIT 1   [ RunTime:0.0000s ]

[ 2017-03-04T14:50:00+08:00 ] 127.0.0.1 /index.php/Admin/Manager/login
INFO: [ app_begin ] --START--
INFO: Run Behavior\ReadHtmlCacheBehavior [ RunTime:0.002000s ]
INFO: [ app_begin ] --END-- [ RunTime:0.003000s ]
SQL: SHOW COLUMNS FROM `sw_manager` [ RunTime:0.0010s ]
SQL: SELECT * FROM `sw_manager` LIMIT 1   [ RunTime:0.0010s ]
SQL: SHOW COLUMNS FROM `sw_role` [ RunTime:0.0010s ]
SQL: SELECT * FROM `sw_role` WHERE `role_id` = 100 LIMIT 1   [ RunTime:0.0000s ]

[ 2017-03-04T14:50:19+08:00 ] 127.0.0.1 /index.php/Admin/Manager/login
INFO: [ app_begin ] --START--
INFO: Run Behavior\ReadHtmlCacheBehavior [ RunTime:0.001001s ]
INFO: [ app_begin ] --END-- [ RunTime:0.002001s ]
SQL: SHOW COLUMNS FROM `sw_manager` [ RunTime:0.0000s ]
SQL: SELECT * FROM `sw_manager` LIMIT 1   [ RunTime:0.0000s ]
SQL: SHOW COLUMNS FROM `sw_role` [ RunTime:0.0000s ]
SQL: SELECT * FROM `sw_role` WHERE `role_id` = 100 LIMIT 1   [ RunTime:0.0000s ]
SQL: SELECT * FROM `sw_manager` WHERE `mg_name` = 'admin' AND `mg_pwd` = '123456' LIMIT 1   [ RunTime:0.0000s ]

[ 2017-03-04T14:50:19+08:00 ] 127.0.0.1 /index.php/Admin/Index/index.html
INFO: [ app_begin ] --START--
INFO: Run Behavior\ReadHtmlCacheBehavior [ RunTime:0.000000s ]
INFO: [ app_begin ] --END-- [ RunTime:0.001000s ]
SQL: SHOW COLUMNS FROM `sw_manager` [ RunTime:0.0000s ]
SQL: SELECT * FROM `sw_manager` WHERE `mg_id` = 3 LIMIT 1   [ RunTime:0.0000s ]
SQL: SHOW COLUMNS FROM `sw_role` [ RunTime:0.0000s ]
SQL: SELECT * FROM `sw_role` WHERE `role_id` = 0 LIMIT 1   [ RunTime:0.0000s ]
SQL: SELECT * FROM `sw_manager` WHERE `mg_id` = 3 LIMIT 1   [ RunTime:0.0000s ]
SQL: SELECT * FROM `sw_role` WHERE `role_id` = 0 LIMIT 1   [ RunTime:0.0010s ]
SQL: SHOW COLUMNS FROM `sw_auth` [ RunTime:0.0010s ]
SQL: SELECT * FROM `sw_auth` WHERE ( auth_level=0 )  [ RunTime:0.0010s ]
SQL: SELECT * FROM `sw_auth` WHERE ( auth_level=1 )  [ RunTime:0.0000s ]
INFO: [ view_parse ] --START--
NOTIC: [2] filemtime(): stat failed for D:/wamp64/www/tp/shop/Runtime/Cache\b85863970230c711f035b39a4cc88f28cf2c98c3.file.index.html.php D:\wamp64\www\tp\ThinkPHP\Library\Vendor\Smarty\sysplugins\smarty_resource.php 第 683 行.
NOTIC: [2] unlink(D:/wamp64/www/tp/shop/Runtime/Cache\b85863970230c711f035b39a4cc88f28cf2c98c3.file.index.html.php): No such file or directory D:\wamp64\www\tp\ThinkPHP\Library\Vendor\Smarty\sysplugins\smarty_internal_write_file.php 第 49 行.
INFO: Run Behavior\ParseTemplateBehavior [ RunTime:0.143009s ]
INFO: [ view_parse ] --END-- [ RunTime:0.143009s ]
INFO: [ view_filter ] --START--
INFO: Run Behavior\WriteHtmlCacheBehavior [ RunTime:0.000000s ]
INFO: [ view_filter ] --END-- [ RunTime:0.000000s ]
INFO: [ app_end ] --START--
INFO: Run Behavior\ShowPageTraceBehavior [ RunTime:0.000000s ]
INFO: [ app_end ] --END-- [ RunTime:0.000000s ]

[ 2017-03-04T14:50:23+08:00 ] 127.0.0.1 /index.php/Admin/Manager/login
INFO: [ app_begin ] --START--
INFO: Run Behavior\ReadHtmlCacheBehavior [ RunTime:0.001000s ]
INFO: [ app_begin ] --END-- [ RunTime:0.002000s ]
SQL: SHOW COLUMNS FROM `sw_manager` [ RunTime:0.0000s ]
SQL: SELECT * FROM `sw_manager` WHERE `mg_id` = 3 LIMIT 1   [ RunTime:0.0000s ]
SQL: SHOW COLUMNS FROM `sw_role` [ RunTime:0.0010s ]
SQL: SELECT * FROM `sw_role` WHERE `role_id` = 0 LIMIT 1   [ RunTime:0.0000s ]

[ 2017-03-04T14:51:17+08:00 ] 127.0.0.1 /index.php/Admin/Manager/login
INFO: [ app_begin ] --START--
INFO: Run Behavior\ReadHtmlCacheBehavior [ RunTime:0.001000s ]
INFO: [ app_begin ] --END-- [ RunTime:0.001000s ]
SQL: SHOW COLUMNS FROM `sw_manager` [ RunTime:0.0000s ]
SQL: SELECT * FROM `sw_manager` WHERE `mg_id` = 3 LIMIT 1   [ RunTime:0.0000s ]
SQL: SHOW COLUMNS FROM `sw_role` [ RunTime:0.0000s ]
SQL: SELECT * FROM `sw_role` WHERE `role_id` = 0 LIMIT 1   [ RunTime:0.0010s ]

[ 2017-03-04T14:51:24+08:00 ] 127.0.0.1 /index.php/Admin/Manager/login
INFO: [ app_begin ] --START--
INFO: Run Behavior\ReadHtmlCacheBehavior [ RunTime:0.001000s ]
INFO: [ app_begin ] --END-- [ RunTime:0.002000s ]
SQL: SHOW COLUMNS FROM `sw_manager` [ RunTime:0.0010s ]
SQL: SELECT * FROM `sw_manager` WHERE `mg_id` = 3 LIMIT 1   [ RunTime:0.0010s ]
SQL: SHOW COLUMNS FROM `sw_role` [ RunTime:0.0010s ]
SQL: SELECT * FROM `sw_role` WHERE `role_id` = 0 LIMIT 1   [ RunTime:0.0000s ]

[ 2017-03-04T14:51:36+08:00 ] 127.0.0.1 /index.php/Admin/Manager/login
INFO: [ app_begin ] --START--
INFO: Run Behavior\ReadHtmlCacheBehavior [ RunTime:0.001000s ]
INFO: [ app_begin ] --END-- [ RunTime:0.002000s ]
SQL: SHOW COLUMNS FROM `sw_manager` [ RunTime:0.0010s ]
SQL: SELECT * FROM `sw_manager` WHERE `mg_id` = 3 LIMIT 1   [ RunTime:0.0000s ]
SQL: SHOW COLUMNS FROM `sw_role` [ RunTime:0.0010s ]
SQL: SELECT * FROM `sw_role` WHERE `role_id` = 0 LIMIT 1   [ RunTime:0.0000s ]
SQL: SELECT * FROM `sw_manager` WHERE `mg_name` = '' AND `mg_pwd` = '' LIMIT 1   [ RunTime:0.0000s ]

[ 2017-03-04T14:51:38+08:00 ] 127.0.0.1 /index.php/Admin/Manager/login
INFO: [ app_begin ] --START--
INFO: Run Behavior\ReadHtmlCacheBehavior [ RunTime:0.001000s ]
INFO: [ app_begin ] --END-- [ RunTime:0.002000s ]
SQL: SHOW COLUMNS FROM `sw_manager` [ RunTime:0.0010s ]
SQL: SELECT * FROM `sw_manager` WHERE `mg_id` = 3 LIMIT 1   [ RunTime:0.0010s ]
SQL: SHOW COLUMNS FROM `sw_role` [ RunTime:0.0010s ]
SQL: SELECT * FROM `sw_role` WHERE `role_id` = 0 LIMIT 1   [ RunTime:0.0010s ]

[ 2017-03-04T14:53:04+08:00 ] 127.0.0.1 /index.php/Admin/Manager/login
INFO: [ app_begin ] --START--
INFO: Run Behavior\ReadHtmlCacheBehavior [ RunTime:0.001000s ]
INFO: [ app_begin ] --END-- [ RunTime:0.002000s ]
SQL: SHOW COLUMNS FROM `sw_manager` [ RunTime:0.0010s ]
SQL: SELECT * FROM `sw_manager` WHERE `mg_id` = 3 LIMIT 1   [ RunTime:0.0000s ]
SQL: SHOW COLUMNS FROM `sw_role` [ RunTime:0.0010s ]
SQL: SELECT * FROM `sw_role` WHERE `role_id` = 0 LIMIT 1   [ RunTime:0.0010s ]
SQL: SELECT * FROM `sw_manager` WHERE `mg_name` = '' AND `mg_pwd` = '' LIMIT 1   [ RunTime:0.0010s ]

[ 2017-03-04T14:53:07+08:00 ] 127.0.0.1 /index.php/Admin/Manager/login
INFO: [ app_begin ] --START--
INFO: Run Behavior\ReadHtmlCacheBehavior [ RunTime:0.002000s ]
INFO: [ app_begin ] --END-- [ RunTime:0.003000s ]
SQL: SHOW COLUMNS FROM `sw_manager` [ RunTime:0.0010s ]
SQL: SELECT * FROM `sw_manager` WHERE `mg_id` = 3 LIMIT 1   [ RunTime:0.0000s ]
SQL: SHOW COLUMNS FROM `sw_role` [ RunTime:0.0000s ]
SQL: SELECT * FROM `sw_role` WHERE `role_id` = 0 LIMIT 1   [ RunTime:0.0010s ]

[ 2017-03-04T14:53:09+08:00 ] 127.0.0.1 /index.php/Admin/Manager/login
INFO: [ app_begin ] --START--
INFO: Run Behavior\ReadHtmlCacheBehavior [ RunTime:0.001000s ]
INFO: [ app_begin ] --END-- [ RunTime:0.003000s ]
SQL: SHOW COLUMNS FROM `sw_manager` [ RunTime:0.0010s ]
SQL: SELECT * FROM `sw_manager` WHERE `mg_id` = 3 LIMIT 1   [ RunTime:0.0010s ]
SQL: SHOW COLUMNS FROM `sw_role` [ RunTime:0.0010s ]
SQL: SELECT * FROM `sw_role` WHERE `role_id` = 0 LIMIT 1   [ RunTime:0.0010s ]

[ 2017-03-04T14:53:20+08:00 ] 127.0.0.1 /index.php/Admin/Manager/login
INFO: [ app_begin ] --START--
INFO: Run Behavior\ReadHtmlCacheBehavior [ RunTime:0.001000s ]
INFO: [ app_begin ] --END-- [ RunTime:0.002000s ]
SQL: SHOW COLUMNS FROM `sw_manager` [ RunTime:0.0010s ]
SQL: SELECT * FROM `sw_manager` WHERE `mg_id` = 3 LIMIT 1   [ RunTime:0.0000s ]
SQL: SHOW COLUMNS FROM `sw_role` [ RunTime:0.0010s ]
SQL: SELECT * FROM `sw_role` WHERE `role_id` = 0 LIMIT 1   [ RunTime:0.0010s ]
SQL: SELECT * FROM `sw_manager` WHERE `mg_name` = '' AND `mg_pwd` = '' LIMIT 1   [ RunTime:0.0000s ]

[ 2017-03-04T14:53:25+08:00 ] 127.0.0.1 /index.php/Admin/Manager/login
INFO: [ app_begin ] --START--
INFO: Run Behavior\ReadHtmlCacheBehavior [ RunTime:0.001000s ]
INFO: [ app_begin ] --END-- [ RunTime:0.002000s ]
SQL: SHOW COLUMNS FROM `sw_manager` [ RunTime:0.0000s ]
SQL: SELECT * FROM `sw_manager` WHERE `mg_id` = 3 LIMIT 1   [ RunTime:0.0000s ]
SQL: SHOW COLUMNS FROM `sw_role` [ RunTime:0.0010s ]
SQL: SELECT * FROM `sw_role` WHERE `role_id` = 0 LIMIT 1   [ RunTime:0.0000s ]

[ 2017-03-04T14:53:30+08:00 ] 127.0.0.1 /index.php/Admin/Manager/login
INFO: [ app_begin ] --START--
INFO: Run Behavior\ReadHtmlCacheBehavior [ RunTime:0.001000s ]
INFO: [ app_begin ] --END-- [ RunTime:0.002000s ]
SQL: SHOW COLUMNS FROM `sw_manager` [ RunTime:0.0010s ]
SQL: SELECT * FROM `sw_manager` WHERE `mg_id` = 3 LIMIT 1   [ RunTime:0.0010s ]
SQL: SHOW COLUMNS FROM `sw_role` [ RunTime:0.0000s ]
SQL: SELECT * FROM `sw_role` WHERE `role_id` = 0 LIMIT 1   [ RunTime:0.0010s ]
SQL: SELECT * FROM `sw_manager` WHERE `mg_name` = '' AND `mg_pwd` = '' LIMIT 1   [ RunTime:0.0000s ]

[ 2017-03-04T14:54:16+08:00 ] 127.0.0.1 /index.php/Admin/Manager/login
INFO: [ app_begin ] --START--
INFO: Run Behavior\ReadHtmlCacheBehavior [ RunTime:0.001000s ]
INFO: [ app_begin ] --END-- [ RunTime:0.002000s ]
SQL: SHOW COLUMNS FROM `sw_manager` [ RunTime:0.0010s ]
SQL: SELECT * FROM `sw_manager` WHERE `mg_id` = 3 LIMIT 1   [ RunTime:0.0000s ]
SQL: SHOW COLUMNS FROM `sw_role` [ RunTime:0.0010s ]
SQL: SELECT * FROM `sw_role` WHERE `role_id` = 0 LIMIT 1   [ RunTime:0.0000s ]
SQL: SELECT * FROM `sw_manager` WHERE `mg_name` = 'admin' AND `mg_pwd` = '123456' LIMIT 1   [ RunTime:0.0000s ]

[ 2017-03-04T14:54:22+08:00 ] 127.0.0.1 /index.php/Admin/Manager/login
INFO: [ app_begin ] --START--
INFO: Run Behavior\ReadHtmlCacheBehavior [ RunTime:0.000000s ]
INFO: [ app_begin ] --END-- [ RunTime:0.002000s ]
SQL: SHOW COLUMNS FROM `sw_manager` [ RunTime:0.0010s ]
SQL: SELECT * FROM `sw_manager` WHERE `mg_id` = 3 LIMIT 1   [ RunTime:0.0000s ]
SQL: SHOW COLUMNS FROM `sw_role` [ RunTime:0.0010s ]
SQL: SELECT * FROM `sw_role` WHERE `role_id` = 0 LIMIT 1   [ RunTime:0.0010s ]

[ 2017-03-04T14:55:01+08:00 ] 127.0.0.1 /index.php/Admin/Manager/login
INFO: [ app_begin ] --START--
INFO: Run Behavior\ReadHtmlCacheBehavior [ RunTime:0.001000s ]
INFO: [ app_begin ] --END-- [ RunTime:0.001000s ]
SQL: SHOW COLUMNS FROM `sw_manager` [ RunTime:0.0010s ]
SQL: SELECT * FROM `sw_manager` WHERE `mg_id` = 3 LIMIT 1   [ RunTime:0.0000s ]
SQL: SHOW COLUMNS FROM `sw_role` [ RunTime:0.0000s ]
SQL: SELECT * FROM `sw_role` WHERE `role_id` = 0 LIMIT 1   [ RunTime:0.0010s ]
SQL: SELECT * FROM `sw_manager` WHERE `mg_name` = 'admin' AND `mg_pwd` = '123456' LIMIT 1   [ RunTime:0.0010s ]

[ 2017-03-04T15:07:52+08:00 ] 127.0.0.1 /index.php/Admin/Manager/login
INFO: [ app_begin ] --START--
INFO: Run Behavior\ReadHtmlCacheBehavior [ RunTime:0.001000s ]
INFO: [ app_begin ] --END-- [ RunTime:0.001000s ]
SQL: SHOW COLUMNS FROM `sw_manager` [ RunTime:0.0020s ]
SQL: SELECT * FROM `sw_manager` LIMIT 1   [ RunTime:0.0010s ]
SQL: SHOW COLUMNS FROM `sw_role` [ RunTime:0.0010s ]
SQL: SELECT * FROM `sw_role` WHERE `role_id` = 100 LIMIT 1   [ RunTime:0.0000s ]

[ 2017-03-04T15:07:54+08:00 ] 127.0.0.1 /index.php/Admin/Manager/login
INFO: [ app_begin ] --START--
INFO: Run Behavior\ReadHtmlCacheBehavior [ RunTime:0.000000s ]
INFO: [ app_begin ] --END-- [ RunTime:0.002000s ]
SQL: SHOW COLUMNS FROM `sw_manager` [ RunTime:0.0000s ]
SQL: SELECT * FROM `sw_manager` LIMIT 1   [ RunTime:0.0000s ]
SQL: SHOW COLUMNS FROM `sw_role` [ RunTime:0.0000s ]
SQL: SELECT * FROM `sw_role` WHERE `role_id` = 100 LIMIT 1   [ RunTime:0.0000s ]

[ 2017-03-04T15:11:25+08:00 ] 127.0.0.1 /index.php/Admin/Manager/login
INFO: [ app_begin ] --START--
INFO: Run Behavior\ReadHtmlCacheBehavior [ RunTime:0.001000s ]
INFO: [ app_begin ] --END-- [ RunTime:0.001000s ]
SQL: SHOW COLUMNS FROM `sw_manager` [ RunTime:0.0010s ]
SQL: SELECT * FROM `sw_manager` LIMIT 1   [ RunTime:0.0010s ]
SQL: SHOW COLUMNS FROM `sw_role` [ RunTime:0.0010s ]
SQL: SELECT * FROM `sw_role` WHERE `role_id` = 100 LIMIT 1   [ RunTime:0.0000s ]
SQL: SELECT * FROM `sw_manager` WHERE `mg_name` = 'admin' AND `mg_pwd` = '123456' LIMIT 1   [ RunTime:0.0000s ]

[ 2017-03-04T15:15:40+08:00 ] 127.0.0.1 /index.php/Admin/Manager/login.html
INFO: [ app_begin ] --START--
INFO: Run Behavior\ReadHtmlCacheBehavior [ RunTime:0.000000s ]
INFO: [ app_begin ] --END-- [ RunTime:0.001000s ]
SQL: SHOW COLUMNS FROM `sw_manager` [ RunTime:0.0000s ]
SQL: SELECT * FROM `sw_manager` LIMIT 1   [ RunTime:0.0000s ]
SQL: SHOW COLUMNS FROM `sw_role` [ RunTime:0.0000s ]
SQL: SELECT * FROM `sw_role` WHERE `role_id` = 100 LIMIT 1   [ RunTime:0.0010s ]

[ 2017-03-04T15:17:17+08:00 ] 127.0.0.1 /index.php/Admin/Manager/login.html
INFO: [ app_begin ] --START--
INFO: Run Behavior\ReadHtmlCacheBehavior [ RunTime:0.001000s ]
INFO: [ app_begin ] --END-- [ RunTime:0.002000s ]
SQL: SHOW COLUMNS FROM `sw_manager` [ RunTime:0.0010s ]
SQL: SELECT * FROM `sw_manager` LIMIT 1   [ RunTime:0.0000s ]
SQL: SHOW COLUMNS FROM `sw_role` [ RunTime:0.0000s ]
SQL: SELECT * FROM `sw_role` WHERE `role_id` = 100 LIMIT 1   [ RunTime:0.0000s ]

[ 2017-03-04T15:17:20+08:00 ] 127.0.0.1 /index.php/Admin/Manager/login.html
INFO: [ app_begin ] --START--
INFO: Run Behavior\ReadHtmlCacheBehavior [ RunTime:0.001000s ]
INFO: [ app_begin ] --END-- [ RunTime:0.002000s ]
SQL: SHOW COLUMNS FROM `sw_manager` [ RunTime:0.0010s ]
SQL: SELECT * FROM `sw_manager` LIMIT 1   [ RunTime:0.0000s ]
SQL: SHOW COLUMNS FROM `sw_role` [ RunTime:0.0000s ]
SQL: SELECT * FROM `sw_role` WHERE `role_id` = 100 LIMIT 1   [ RunTime:0.0000s ]

[ 2017-03-04T15:17:24+08:00 ] 127.0.0.1 /index.php/Admin/Manager/login.html
INFO: [ app_begin ] --START--
INFO: Run Behavior\ReadHtmlCacheBehavior [ RunTime:0.001000s ]
INFO: [ app_begin ] --END-- [ RunTime:0.001000s ]
SQL: SHOW COLUMNS FROM `sw_manager` [ RunTime:0.0000s ]
SQL: SELECT * FROM `sw_manager` LIMIT 1   [ RunTime:0.0000s ]
SQL: SHOW COLUMNS FROM `sw_role` [ RunTime:0.0000s ]
SQL: SELECT * FROM `sw_role` WHERE `role_id` = 100 LIMIT 1   [ RunTime:0.0000s ]

[ 2017-03-04T15:17:39+08:00 ] 127.0.0.1 /index.php/Admin/Manager/login.html
INFO: [ app_begin ] --START--
INFO: Run Behavior\ReadHtmlCacheBehavior [ RunTime:0.001000s ]
INFO: [ app_begin ] --END-- [ RunTime:0.002000s ]
SQL: SHOW COLUMNS FROM `sw_manager` [ RunTime:0.0000s ]
SQL: SELECT * FROM `sw_manager` LIMIT 1   [ RunTime:0.0000s ]
SQL: SHOW COLUMNS FROM `sw_role` [ RunTime:0.0010s ]
SQL: SELECT * FROM `sw_role` WHERE `role_id` = 100 LIMIT 1   [ RunTime:0.0000s ]

