[ 2017-03-08T09:00:54+08:00 ] 127.0.0.1 /index.php/Admin/Manager/login
INFO: [ app_begin ] --START--
INFO: Run Behavior\ReadHtmlCacheBehavior [ RunTime:0.001000s ]
INFO: [ app_begin ] --END-- [ RunTime:0.002000s ]
SQL: SHOW COLUMNS FROM `sw_manager` [ RunTime:0.0010s ]
SQL: SELECT * FROM `sw_manager` LIMIT 1   [ RunTime:0.0010s ]
SQL: SHOW COLUMNS FROM `sw_role` [ RunTime:0.0010s ]
SQL: SELECT * FROM `sw_role` WHERE `role_id` = 100 LIMIT 1   [ RunTime:0.0000s ]
SQL: SELECT * FROM `sw_manager` WHERE `mg_name` = 'admin' AND `mg_pwd` = '123456' LIMIT 1   [ RunTime:0.0010s ]

[ 2017-03-08T09:37:24+08:00 ] 127.0.0.1 /admin/user/login
ERR: 无法加载控制器:User

[ 2017-03-08T09:50:45+08:00 ] 127.0.0.1 /admin/manager/login
INFO: [ app_begin ] --START--
INFO: Run Behavior\ReadHtmlCacheBehavior [ RunTime:0.001000s ]
INFO: [ app_begin ] --END-- [ RunTime:0.002000s ]
SQL: SHOW COLUMNS FROM `sw_manager` [ RunTime:0.0030s ]
SQL: SELECT * FROM `sw_manager` LIMIT 1   [ RunTime:0.0010s ]
SQL: SHOW COLUMNS FROM `sw_role` [ RunTime:0.0020s ]
SQL: SELECT * FROM `sw_role` WHERE `role_id` = 100 LIMIT 1   [ RunTime:0.0000s ]

[ 2017-03-08T09:51:30+08:00 ] 127.0.0.1 /admin/manager/login
INFO: [ app_begin ] --START--
INFO: Run Behavior\ReadHtmlCacheBehavior [ RunTime:0.001000s ]
INFO: [ app_begin ] --END-- [ RunTime:0.002000s ]
SQL: SHOW COLUMNS FROM `sw_manager` [ RunTime:0.0020s ]
SQL: SELECT * FROM `sw_manager` LIMIT 1   [ RunTime:0.0010s ]
SQL: SHOW COLUMNS FROM `sw_role` [ RunTime:0.0010s ]
SQL: SELECT * FROM `sw_role` WHERE `role_id` = 100 LIMIT 1   [ RunTime:0.0000s ]

[ 2017-03-08T09:51:31+08:00 ] 127.0.0.1 /admin/manager/login
INFO: [ app_begin ] --START--
INFO: Run Behavior\ReadHtmlCacheBehavior [ RunTime:0.001000s ]
INFO: [ app_begin ] --END-- [ RunTime:0.002000s ]
SQL: SHOW COLUMNS FROM `sw_manager` [ RunTime:0.0010s ]
SQL: SELECT * FROM `sw_manager` LIMIT 1   [ RunTime:0.0000s ]
SQL: SHOW COLUMNS FROM `sw_role` [ RunTime:0.0010s ]
SQL: SELECT * FROM `sw_role` WHERE `role_id` = 100 LIMIT 1   [ RunTime:0.0000s ]

[ 2017-03-08T11:10:38+08:00 ] 127.0.0.1 /Admin/Manager/login
INFO: [ app_begin ] --START--
INFO: Run Behavior\ReadHtmlCacheBehavior [ RunTime:0.001000s ]
INFO: [ app_begin ] --END-- [ RunTime:0.002000s ]
SQL: SHOW COLUMNS FROM `sw_manager` [ RunTime:0.0000s ]
SQL: SELECT * FROM `sw_manager` LIMIT 1   [ RunTime:0.0000s ]
SQL: SHOW COLUMNS FROM `sw_role` [ RunTime:0.0010s ]
SQL: SELECT * FROM `sw_role` WHERE `role_id` = 100 LIMIT 1   [ RunTime:0.0000s ]
SQL: SELECT * FROM `sw_manager` WHERE `mg_name` = 'admin' AND `mg_pwd` = '123456' LIMIT 1   [ RunTime:0.0000s ]

[ 2017-03-08T11:15:44+08:00 ] 127.0.0.1 /index.php/Admin/Manager/login
INFO: [ app_begin ] --START--
INFO: Run Behavior\ReadHtmlCacheBehavior [ RunTime:0.001000s ]
INFO: [ app_begin ] --END-- [ RunTime:0.001000s ]
SQL: SHOW COLUMNS FROM `sw_manager` [ RunTime:0.0010s ]
SQL: SELECT * FROM `sw_manager` LIMIT 1   [ RunTime:0.0000s ]
SQL: SHOW COLUMNS FROM `sw_role` [ RunTime:0.0000s ]
SQL: SELECT * FROM `sw_role` WHERE `role_id` = 100 LIMIT 1   [ RunTime:0.0010s ]
SQL: SELECT * FROM `sw_manager` WHERE `mg_name` = 'tom' AND `mg_pwd` = '123456' LIMIT 1   [ RunTime:0.0000s ]

[ 2017-03-08T11:21:46+08:00 ] 127.0.0.1 /index.php/Admin/Manager/add
ERR: 非法操作:add

[ 2017-03-08T11:22:54+08:00 ] 127.0.0.1 /index.php/Admin/Manager/add
ERR: 非法操作:add

[ 2017-03-08T11:23:18+08:00 ] 127.0.0.1 /index.php/Admin/Manager/add
ERR: 非法操作:add

[ 2017-03-08T11:41:44+08:00 ] 127.0.0.1 /index.php/Admin/Manager/add
INFO: [ app_begin ] --START--
INFO: Run Behavior\ReadHtmlCacheBehavior [ RunTime:0.001000s ]
INFO: [ app_begin ] --END-- [ RunTime:0.002001s ]
SQL: SHOW COLUMNS FROM `sw_manager` [ RunTime:0.0000s ]
SQL: SELECT * FROM `sw_manager` WHERE `mg_id` = 3 LIMIT 1   [ RunTime:0.0000s ]
SQL: SHOW COLUMNS FROM `sw_role` [ RunTime:0.0010s ]
SQL: SELECT * FROM `sw_role` WHERE `role_id` = 0 LIMIT 1   [ RunTime:0.0000s ]
SQL: SELECT `role_id`,`role_name` FROM `sw_role`  [ RunTime:0.0000s ]
INFO: [ view_parse ] --START--
NOTIC: [8] Undefined index: post D:\wamp64\www\tp\shop\Runtime\Cache\1c15538d8cdd55c3ebee5d271d586ad8d06f1da6.file.add.html.php 第 143 行.
NOTIC: [8] Trying to get property of non-object D:\wamp64\www\tp\shop\Runtime\Cache\1c15538d8cdd55c3ebee5d271d586ad8d06f1da6.file.add.html.php 第 143 行.
NOTIC: [8] Undefined index: errorInfo D:\wamp64\www\tp\shop\Runtime\Cache\1c15538d8cdd55c3ebee5d271d586ad8d06f1da6.file.add.html.php 第 145 行.
NOTIC: [8] Trying to get property of non-object D:\wamp64\www\tp\shop\Runtime\Cache\1c15538d8cdd55c3ebee5d271d586ad8d06f1da6.file.add.html.php 第 145 行.
NOTIC: [8] Undefined index: post D:\wamp64\www\tp\shop\Runtime\Cache\1c15538d8cdd55c3ebee5d271d586ad8d06f1da6.file.add.html.php 第 150 行.
NOTIC: [8] Trying to get property of non-object D:\wamp64\www\tp\shop\Runtime\Cache\1c15538d8cdd55c3ebee5d271d586ad8d06f1da6.file.add.html.php 第 150 行.
NOTIC: [8] Undefined index: errorInfo D:\wamp64\www\tp\shop\Runtime\Cache\1c15538d8cdd55c3ebee5d271d586ad8d06f1da6.file.add.html.php 第 152 行.
NOTIC: [8] Trying to get property of non-object D:\wamp64\www\tp\shop\Runtime\Cache\1c15538d8cdd55c3ebee5d271d586ad8d06f1da6.file.add.html.php 第 152 行.
NOTIC: [8] Undefined index: errorInfo D:\wamp64\www\tp\shop\Runtime\Cache\1c15538d8cdd55c3ebee5d271d586ad8d06f1da6.file.add.html.php 第 170 行.
NOTIC: [8] Trying to get property of non-object D:\wamp64\www\tp\shop\Runtime\Cache\1c15538d8cdd55c3ebee5d271d586ad8d06f1da6.file.add.html.php 第 170 行.
INFO: Run Behavior\ParseTemplateBehavior [ RunTime:0.010001s ]
INFO: [ view_parse ] --END-- [ RunTime:0.010001s ]
INFO: [ view_filter ] --START--
INFO: Run Behavior\WriteHtmlCacheBehavior [ RunTime:0.000000s ]
INFO: [ view_filter ] --END-- [ RunTime:0.000000s ]
INFO: [ app_end ] --START--
INFO: Run Behavior\ShowPageTraceBehavior [ RunTime:0.001000s ]
INFO: [ app_end ] --END-- [ RunTime:0.001000s ]

[ 2017-03-08T11:50:42+08:00 ] 127.0.0.1 /index.php/Admin/User/showlist
ERR: 无法加载控制器:User

[ 2017-03-08T11:53:18+08:00 ] 127.0.0.1 /index.php/Admin/User/showlist
ERR: 无法加载控制器:User

[ 2017-03-08T11:53:25+08:00 ] 127.0.0.1 /index.php/Admin/Order/showlist
ERR: 无法加载控制器:Order

[ 2017-03-08T13:31:54+08:00 ] 127.0.0.1 /index.php/Admin/Manager/add
INFO: [ app_begin ] --START--
INFO: Run Behavior\ReadHtmlCacheBehavior [ RunTime:0.002000s ]
INFO: [ app_begin ] --END-- [ RunTime:0.003000s ]
SQL: SHOW COLUMNS FROM `sw_manager` [ RunTime:0.0010s ]
SQL: SELECT * FROM `sw_manager` WHERE `mg_id` = 3 LIMIT 1   [ RunTime:0.0000s ]
SQL: SHOW COLUMNS FROM `sw_role` [ RunTime:0.0010s ]
SQL: SELECT * FROM `sw_role` WHERE `role_id` = 0 LIMIT 1   [ RunTime:0.0000s ]
SQL: SELECT `role_id`,`role_name` FROM `sw_role`  [ RunTime:0.0000s ]
INFO: [ view_parse ] --START--
NOTIC: [8] Undefined index: post D:\wamp64\www\tp\shop\Runtime\Cache\1c15538d8cdd55c3ebee5d271d586ad8d06f1da6.file.add.html.php 第 143 行.
NOTIC: [8] Trying to get property of non-object D:\wamp64\www\tp\shop\Runtime\Cache\1c15538d8cdd55c3ebee5d271d586ad8d06f1da6.file.add.html.php 第 143 行.
NOTIC: [8] Undefined index: errorInfo D:\wamp64\www\tp\shop\Runtime\Cache\1c15538d8cdd55c3ebee5d271d586ad8d06f1da6.file.add.html.php 第 145 行.
NOTIC: [8] Trying to get property of non-object D:\wamp64\www\tp\shop\Runtime\Cache\1c15538d8cdd55c3ebee5d271d586ad8d06f1da6.file.add.html.php 第 145 行.
NOTIC: [8] Undefined index: post D:\wamp64\www\tp\shop\Runtime\Cache\1c15538d8cdd55c3ebee5d271d586ad8d06f1da6.file.add.html.php 第 150 行.
NOTIC: [8] Trying to get property of non-object D:\wamp64\www\tp\shop\Runtime\Cache\1c15538d8cdd55c3ebee5d271d586ad8d06f1da6.file.add.html.php 第 150 行.
NOTIC: [8] Undefined index: errorInfo D:\wamp64\www\tp\shop\Runtime\Cache\1c15538d8cdd55c3ebee5d271d586ad8d06f1da6.file.add.html.php 第 152 行.
NOTIC: [8] Trying to get property of non-object D:\wamp64\www\tp\shop\Runtime\Cache\1c15538d8cdd55c3ebee5d271d586ad8d06f1da6.file.add.html.php 第 152 行.
NOTIC: [8] Undefined index: errorInfo D:\wamp64\www\tp\shop\Runtime\Cache\1c15538d8cdd55c3ebee5d271d586ad8d06f1da6.file.add.html.php 第 170 行.
NOTIC: [8] Trying to get property of non-object D:\wamp64\www\tp\shop\Runtime\Cache\1c15538d8cdd55c3ebee5d271d586ad8d06f1da6.file.add.html.php 第 170 行.
INFO: Run Behavior\ParseTemplateBehavior [ RunTime:0.015000s ]
INFO: [ view_parse ] --END-- [ RunTime:0.015000s ]
INFO: [ view_filter ] --START--
INFO: Run Behavior\WriteHtmlCacheBehavior [ RunTime:0.000000s ]
INFO: [ view_filter ] --END-- [ RunTime:0.000000s ]
INFO: [ app_end ] --START--
INFO: Run Behavior\ShowPageTraceBehavior [ RunTime:0.001000s ]
INFO: [ app_end ] --END-- [ RunTime:0.001000s ]

[ 2017-03-08T13:32:39+08:00 ] 127.0.0.1 /index.php/Admin/Manager/add
INFO: [ app_begin ] --START--
INFO: Run Behavior\ReadHtmlCacheBehavior [ RunTime:0.001000s ]
INFO: [ app_begin ] --END-- [ RunTime:0.001000s ]
SQL: SHOW COLUMNS FROM `sw_manager` [ RunTime:0.0000s ]
SQL: SELECT * FROM `sw_manager` WHERE `mg_id` = 3 LIMIT 1   [ RunTime:0.0000s ]
SQL: SHOW COLUMNS FROM `sw_role` [ RunTime:0.0000s ]
SQL: SELECT * FROM `sw_role` WHERE `role_id` = 0 LIMIT 1   [ RunTime:0.0000s ]
SQL: SELECT `role_id`,`role_name` FROM `sw_role`  [ RunTime:0.0000s ]
INFO: [ view_parse ] --START--
NOTIC: [8] Undefined index: post D:\wamp64\www\tp\shop\Runtime\Cache\1c15538d8cdd55c3ebee5d271d586ad8d06f1da6.file.add.html.php 第 143 行.
NOTIC: [8] Trying to get property of non-object D:\wamp64\www\tp\shop\Runtime\Cache\1c15538d8cdd55c3ebee5d271d586ad8d06f1da6.file.add.html.php 第 143 行.
NOTIC: [8] Undefined index: errorInfo D:\wamp64\www\tp\shop\Runtime\Cache\1c15538d8cdd55c3ebee5d271d586ad8d06f1da6.file.add.html.php 第 145 行.
NOTIC: [8] Trying to get property of non-object D:\wamp64\www\tp\shop\Runtime\Cache\1c15538d8cdd55c3ebee5d271d586ad8d06f1da6.file.add.html.php 第 145 行.
NOTIC: [8] Undefined index: post D:\wamp64\www\tp\shop\Runtime\Cache\1c15538d8cdd55c3ebee5d271d586ad8d06f1da6.file.add.html.php 第 150 行.
NOTIC: [8] Trying to get property of non-object D:\wamp64\www\tp\shop\Runtime\Cache\1c15538d8cdd55c3ebee5d271d586ad8d06f1da6.file.add.html.php 第 150 行.
NOTIC: [8] Undefined index: errorInfo D:\wamp64\www\tp\shop\Runtime\Cache\1c15538d8cdd55c3ebee5d271d586ad8d06f1da6.file.add.html.php 第 152 行.
NOTIC: [8] Trying to get property of non-object D:\wamp64\www\tp\shop\Runtime\Cache\1c15538d8cdd55c3ebee5d271d586ad8d06f1da6.file.add.html.php 第 152 行.
NOTIC: [8] Undefined index: errorInfo D:\wamp64\www\tp\shop\Runtime\Cache\1c15538d8cdd55c3ebee5d271d586ad8d06f1da6.file.add.html.php 第 170 行.
NOTIC: [8] Trying to get property of non-object D:\wamp64\www\tp\shop\Runtime\Cache\1c15538d8cdd55c3ebee5d271d586ad8d06f1da6.file.add.html.php 第 170 行.
INFO: Run Behavior\ParseTemplateBehavior [ RunTime:0.009001s ]
INFO: [ view_parse ] --END-- [ RunTime:0.009001s ]
INFO: [ view_filter ] --START--
INFO: Run Behavior\WriteHtmlCacheBehavior [ RunTime:0.000000s ]
INFO: [ view_filter ] --END-- [ RunTime:0.000000s ]
INFO: [ app_end ] --START--
INFO: Run Behavior\ShowPageTraceBehavior [ RunTime:0.000000s ]
INFO: [ app_end ] --END-- [ RunTime:0.000000s ]

[ 2017-03-08T13:33:06+08:00 ] 127.0.0.1 /index.php/Admin/Manager/add
INFO: [ app_begin ] --START--
INFO: Run Behavior\ReadHtmlCacheBehavior [ RunTime:0.000000s ]
INFO: [ app_begin ] --END-- [ RunTime:0.001000s ]
SQL: SHOW COLUMNS FROM `sw_manager` [ RunTime:0.0000s ]
SQL: SELECT * FROM `sw_manager` WHERE `mg_id` = 3 LIMIT 1   [ RunTime:0.0000s ]
SQL: SHOW COLUMNS FROM `sw_role` [ RunTime:0.0000s ]
SQL: SELECT * FROM `sw_role` WHERE `role_id` = 0 LIMIT 1   [ RunTime:0.0000s ]
INFO: [ app_end ] --START--
INFO: Run Behavior\ShowPageTraceBehavior [ RunTime:0.001000s ]
INFO: [ app_end ] --END-- [ RunTime:0.002000s ]

[ 2017-03-08T13:38:36+08:00 ] 127.0.0.1 /index.php/Admin/Manager/add
INFO: [ app_begin ] --START--
INFO: Run Behavior\ReadHtmlCacheBehavior [ RunTime:0.000000s ]
INFO: [ app_begin ] --END-- [ RunTime:0.001000s ]
SQL: SHOW COLUMNS FROM `sw_manager` [ RunTime:0.0000s ]
SQL: SELECT * FROM `sw_manager` WHERE `mg_id` = 3 LIMIT 1   [ RunTime:0.0000s ]
SQL: SHOW COLUMNS FROM `sw_role` [ RunTime:0.0000s ]
SQL: SELECT * FROM `sw_role` WHERE `role_id` = 0 LIMIT 1   [ RunTime:0.0000s ]
INFO: [ app_end ] --START--
INFO: Run Behavior\ShowPageTraceBehavior [ RunTime:0.000000s ]
INFO: [ app_end ] --END-- [ RunTime:0.000000s ]

[ 2017-03-08T13:40:16+08:00 ] 127.0.0.1 /index.php/Admin/Manager/add
INFO: [ app_begin ] --START--
INFO: Run Behavior\ReadHtmlCacheBehavior [ RunTime:0.002000s ]
INFO: [ app_begin ] --END-- [ RunTime:0.002000s ]
SQL: SHOW COLUMNS FROM `sw_manager` [ RunTime:0.0000s ]
SQL: SELECT * FROM `sw_manager` WHERE `mg_id` = 3 LIMIT 1   [ RunTime:0.0000s ]
SQL: SHOW COLUMNS FROM `sw_role` [ RunTime:0.0000s ]
SQL: SELECT * FROM `sw_role` WHERE `role_id` = 0 LIMIT 1   [ RunTime:0.0010s ]
INFO: [ app_end ] --START--
INFO: Run Behavior\ShowPageTraceBehavior [ RunTime:0.000000s ]
INFO: [ app_end ] --END-- [ RunTime:0.000000s ]

[ 2017-03-08T13:40:29+08:00 ] 127.0.0.1 /index.php/Admin/Manager/add
INFO: [ app_begin ] --START--
INFO: Run Behavior\ReadHtmlCacheBehavior [ RunTime:0.001000s ]
INFO: [ app_begin ] --END-- [ RunTime:0.001000s ]
SQL: SHOW COLUMNS FROM `sw_manager` [ RunTime:0.0000s ]
SQL: SELECT * FROM `sw_manager` WHERE `mg_id` = 3 LIMIT 1   [ RunTime:0.0000s ]
SQL: SHOW COLUMNS FROM `sw_role` [ RunTime:0.0010s ]
SQL: SELECT * FROM `sw_role` WHERE `role_id` = 0 LIMIT 1   [ RunTime:0.0000s ]
INFO: [ app_end ] --START--
INFO: Run Behavior\ShowPageTraceBehavior [ RunTime:0.000000s ]
INFO: [ app_end ] --END-- [ RunTime:0.000000s ]

[ 2017-03-08T13:43:15+08:00 ] 127.0.0.1 /index.php/Admin/Manager/add
INFO: [ app_begin ] --START--
INFO: Run Behavior\ReadHtmlCacheBehavior [ RunTime:0.002000s ]
INFO: [ app_begin ] --END-- [ RunTime:0.002000s ]
SQL: SHOW COLUMNS FROM `sw_manager` [ RunTime:0.0000s ]
SQL: SELECT * FROM `sw_manager` WHERE `mg_id` = 3 LIMIT 1   [ RunTime:0.0000s ]
SQL: SHOW COLUMNS FROM `sw_role` [ RunTime:0.0010s ]
SQL: SELECT * FROM `sw_role` WHERE `role_id` = 0 LIMIT 1   [ RunTime:0.0010s ]

[ 2017-03-08T13:44:41+08:00 ] 127.0.0.1 /index.php/Admin/Manager/add
INFO: [ app_begin ] --START--
INFO: Run Behavior\ReadHtmlCacheBehavior [ RunTime:0.001001s ]
INFO: [ app_begin ] --END-- [ RunTime:0.002001s ]
SQL: SHOW COLUMNS FROM `sw_manager` [ RunTime:0.0010s ]
SQL: SELECT * FROM `sw_manager` WHERE `mg_id` = 3 LIMIT 1   [ RunTime:0.0000s ]
SQL: SHOW COLUMNS FROM `sw_role` [ RunTime:0.0010s ]
SQL: SELECT * FROM `sw_role` WHERE `role_id` = 0 LIMIT 1   [ RunTime:0.0010s ]
SQL: SELECT * FROM `sw_role` WHERE `role_id` = 100 LIMIT 1   [ RunTime:0.0010s ]
INFO: [ app_end ] --START--
INFO: Run Behavior\ShowPageTraceBehavior [ RunTime:0.001000s ]
INFO: [ app_end ] --END-- [ RunTime:0.001000s ]

[ 2017-03-08T13:45:10+08:00 ] 127.0.0.1 /index.php/Admin/Manager/add
INFO: [ app_begin ] --START--
INFO: Run Behavior\ReadHtmlCacheBehavior [ RunTime:0.000000s ]
INFO: [ app_begin ] --END-- [ RunTime:0.001000s ]
SQL: SHOW COLUMNS FROM `sw_manager` [ RunTime:0.0000s ]
SQL: SELECT * FROM `sw_manager` WHERE `mg_id` = 3 LIMIT 1   [ RunTime:0.0000s ]
SQL: SHOW COLUMNS FROM `sw_role` [ RunTime:0.0000s ]
SQL: SELECT * FROM `sw_role` WHERE `role_id` = 0 LIMIT 1   [ RunTime:0.0000s ]
SQL: SELECT * FROM `sw_role` WHERE `role_id` = 300 LIMIT 1   [ RunTime:0.0010s ]

[ 2017-03-08T13:46:38+08:00 ] 127.0.0.1 /index.php/Admin/Manager/add
INFO: [ app_begin ] --START--
INFO: Run Behavior\ReadHtmlCacheBehavior [ RunTime:0.001000s ]
INFO: [ app_begin ] --END-- [ RunTime:0.001000s ]
SQL: SHOW COLUMNS FROM `sw_manager` [ RunTime:0.0000s ]
SQL: SELECT * FROM `sw_manager` WHERE `mg_id` = 3 LIMIT 1   [ RunTime:0.0000s ]
SQL: SHOW COLUMNS FROM `sw_role` [ RunTime:0.0000s ]
SQL: SELECT * FROM `sw_role` WHERE `role_id` = 0 LIMIT 1   [ RunTime:0.0010s ]
SQL: SELECT * FROM `sw_role` WHERE `role_id` = 100 LIMIT 1   [ RunTime:0.0000s ]
NOTIC: [8] Undefined index: validate D:\wamp64\www\tp\ThinkPHP\Library\Think\Model.class.php 第 1185 行.
INFO: [ app_end ] --START--
INFO: Run Behavior\ShowPageTraceBehavior [ RunTime:0.000000s ]
INFO: [ app_end ] --END-- [ RunTime:0.000000s ]

[ 2017-03-08T13:46:43+08:00 ] 127.0.0.1 /index.php/Admin/Manager/add
INFO: [ app_begin ] --START--
INFO: Run Behavior\ReadHtmlCacheBehavior [ RunTime:0.000000s ]
INFO: [ app_begin ] --END-- [ RunTime:0.002000s ]
SQL: SHOW COLUMNS FROM `sw_manager` [ RunTime:0.0010s ]
SQL: SELECT * FROM `sw_manager` WHERE `mg_id` = 3 LIMIT 1   [ RunTime:0.0000s ]
SQL: SHOW COLUMNS FROM `sw_role` [ RunTime:0.0000s ]
SQL: SELECT * FROM `sw_role` WHERE `role_id` = 0 LIMIT 1   [ RunTime:0.0000s ]
SQL: SELECT * FROM `sw_role` WHERE `role_id` = 100 LIMIT 1   [ RunTime:0.0000s ]
NOTIC: [8] Undefined index: validate D:\wamp64\www\tp\ThinkPHP\Library\Think\Model.class.php 第 1185 行.
INFO: [ app_end ] --START--
INFO: Run Behavior\ShowPageTraceBehavior [ RunTime:0.000000s ]
INFO: [ app_end ] --END-- [ RunTime:0.000000s ]

[ 2017-03-08T13:48:42+08:00 ] 127.0.0.1 /index.php/Admin/Manager/add
INFO: [ app_begin ] --START--
INFO: Run Behavior\ReadHtmlCacheBehavior [ RunTime:0.000000s ]
INFO: [ app_begin ] --END-- [ RunTime:0.001000s ]
SQL: SHOW COLUMNS FROM `sw_manager` [ RunTime:0.0000s ]
SQL: SELECT * FROM `sw_manager` WHERE `mg_id` = 3 LIMIT 1   [ RunTime:0.0000s ]
SQL: SHOW COLUMNS FROM `sw_role` [ RunTime:0.0000s ]
SQL: SELECT * FROM `sw_role` WHERE `role_id` = 0 LIMIT 1   [ RunTime:0.0010s ]
SQL: SELECT * FROM `sw_role` WHERE `role_id` = 100 LIMIT 1   [ RunTime:0.0000s ]
NOTIC: [8] Undefined index: validate D:\wamp64\www\tp\ThinkPHP\Library\Think\Model.class.php 第 1185 行.
INFO: [ app_end ] --START--
INFO: Run Behavior\ShowPageTraceBehavior [ RunTime:0.001000s ]
INFO: [ app_end ] --END-- [ RunTime:0.001000s ]

[ 2017-03-08T13:49:39+08:00 ] 127.0.0.1 /index.php/Admin/Manager/add
INFO: [ app_begin ] --START--
INFO: Run Behavior\ReadHtmlCacheBehavior [ RunTime:0.001000s ]
INFO: [ app_begin ] --END-- [ RunTime:0.001000s ]
SQL: SHOW COLUMNS FROM `sw_manager` [ RunTime:0.0010s ]
SQL: SELECT * FROM `sw_manager` WHERE `mg_id` = 3 LIMIT 1   [ RunTime:0.0010s ]
SQL: SHOW COLUMNS FROM `sw_role` [ RunTime:0.0010s ]
SQL: SELECT * FROM `sw_role` WHERE `role_id` = 0 LIMIT 1   [ RunTime:0.0000s ]
SQL: SELECT * FROM `sw_role` WHERE `role_id` = 100 LIMIT 1   [ RunTime:0.0010s ]
NOTIC: [8] Undefined index: validate D:\wamp64\www\tp\ThinkPHP\Library\Think\Model.class.php 第 1185 行.

[ 2017-03-08T13:51:37+08:00 ] 127.0.0.1 /index.php/Admin/Manager/add
INFO: [ app_begin ] --START--
INFO: Run Behavior\ReadHtmlCacheBehavior [ RunTime:0.001000s ]
INFO: [ app_begin ] --END-- [ RunTime:0.001000s ]
SQL: SHOW COLUMNS FROM `sw_manager` [ RunTime:0.0000s ]
SQL: SELECT * FROM `sw_manager` WHERE `mg_id` = 3 LIMIT 1   [ RunTime:0.0000s ]
SQL: SHOW COLUMNS FROM `sw_role` [ RunTime:0.0010s ]
SQL: SELECT * FROM `sw_role` WHERE `role_id` = 0 LIMIT 1   [ RunTime:0.0000s ]
SQL: SELECT * FROM `sw_role` WHERE `role_id` = 100 LIMIT 1   [ RunTime:0.0000s ]
NOTIC: [8] Undefined index: validate D:\wamp64\www\tp\ThinkPHP\Library\Think\Model.class.php 第 1185 行.
SQL: SELECT * FROM `sw_manager` WHERE `mg_name` = '保坤' LIMIT 1   [ RunTime:0.0000s ]
NOTIC: [8] Undefined index: auto D:\wamp64\www\tp\ThinkPHP\Library\Think\Model.class.php 第 1128 行.
ERR: Think\Model:insert方法不存在！

[ 2017-03-08T13:51:41+08:00 ] 127.0.0.1 /index.php/Admin/Manager/add
INFO: [ app_begin ] --START--
INFO: Run Behavior\ReadHtmlCacheBehavior [ RunTime:0.001000s ]
INFO: [ app_begin ] --END-- [ RunTime:0.002000s ]
SQL: SHOW COLUMNS FROM `sw_manager` [ RunTime:0.0000s ]
SQL: SELECT * FROM `sw_manager` WHERE `mg_id` = 3 LIMIT 1   [ RunTime:0.0000s ]
SQL: SHOW COLUMNS FROM `sw_role` [ RunTime:0.0000s ]
SQL: SELECT * FROM `sw_role` WHERE `role_id` = 0 LIMIT 1   [ RunTime:0.0010s ]
SQL: SELECT * FROM `sw_role` WHERE `role_id` = 100 LIMIT 1   [ RunTime:0.0010s ]
NOTIC: [8] Undefined index: validate D:\wamp64\www\tp\ThinkPHP\Library\Think\Model.class.php 第 1185 行.
SQL: SELECT * FROM `sw_manager` WHERE `mg_name` = '保坤' LIMIT 1   [ RunTime:0.0000s ]
NOTIC: [8] Undefined index: auto D:\wamp64\www\tp\ThinkPHP\Library\Think\Model.class.php 第 1128 行.
ERR: Think\Model:insert方法不存在！

[ 2017-03-08T13:54:12+08:00 ] 127.0.0.1 /index.php/Admin/Manager/add
INFO: [ app_begin ] --START--
INFO: Run Behavior\ReadHtmlCacheBehavior [ RunTime:0.001000s ]
INFO: [ app_begin ] --END-- [ RunTime:0.002001s ]
SQL: SHOW COLUMNS FROM `sw_manager` [ RunTime:0.0000s ]
SQL: SELECT * FROM `sw_manager` WHERE `mg_id` = 3 LIMIT 1   [ RunTime:0.0010s ]
SQL: SHOW COLUMNS FROM `sw_role` [ RunTime:0.0000s ]
SQL: SELECT * FROM `sw_role` WHERE `role_id` = 0 LIMIT 1   [ RunTime:0.0000s ]
SQL: SELECT * FROM `sw_role` WHERE `role_id` = 100 LIMIT 1   [ RunTime:0.0000s ]
NOTIC: [8] Undefined index: validate D:\wamp64\www\tp\ThinkPHP\Library\Think\Model.class.php 第 1185 行.

[ 2017-03-08T13:54:14+08:00 ] 127.0.0.1 /index.php/Admin/Manager/add
INFO: [ app_begin ] --START--
INFO: Run Behavior\ReadHtmlCacheBehavior [ RunTime:0.001000s ]
INFO: [ app_begin ] --END-- [ RunTime:0.002000s ]
SQL: SHOW COLUMNS FROM `sw_manager` [ RunTime:0.0010s ]
SQL: SELECT * FROM `sw_manager` WHERE `mg_id` = 3 LIMIT 1   [ RunTime:0.0000s ]
SQL: SHOW COLUMNS FROM `sw_role` [ RunTime:0.0000s ]
SQL: SELECT * FROM `sw_role` WHERE `role_id` = 0 LIMIT 1   [ RunTime:0.0000s ]
SQL: SELECT * FROM `sw_role` WHERE `role_id` = 100 LIMIT 1   [ RunTime:0.0000s ]
NOTIC: [8] Undefined index: validate D:\wamp64\www\tp\ThinkPHP\Library\Think\Model.class.php 第 1185 行.

[ 2017-03-08T13:54:17+08:00 ] 127.0.0.1 /index.php/Admin/Manager/add
INFO: [ app_begin ] --START--
INFO: Run Behavior\ReadHtmlCacheBehavior [ RunTime:0.001000s ]
INFO: [ app_begin ] --END-- [ RunTime:0.001000s ]
SQL: SHOW COLUMNS FROM `sw_manager` [ RunTime:0.0000s ]
SQL: SELECT * FROM `sw_manager` WHERE `mg_id` = 3 LIMIT 1   [ RunTime:0.0000s ]
SQL: SHOW COLUMNS FROM `sw_role` [ RunTime:0.0000s ]
SQL: SELECT * FROM `sw_role` WHERE `role_id` = 0 LIMIT 1   [ RunTime:0.0010s ]
SQL: SELECT * FROM `sw_role` WHERE `role_id` = 100 LIMIT 1   [ RunTime:0.0000s ]
NOTIC: [8] Undefined index: validate D:\wamp64\www\tp\ThinkPHP\Library\Think\Model.class.php 第 1185 行.

[ 2017-03-08T13:54:23+08:00 ] 127.0.0.1 /index.php/Admin/Manager/add
INFO: [ app_begin ] --START--
INFO: Run Behavior\ReadHtmlCacheBehavior [ RunTime:0.001000s ]
INFO: [ app_begin ] --END-- [ RunTime:0.002000s ]
SQL: SHOW COLUMNS FROM `sw_manager` [ RunTime:0.0000s ]
SQL: SELECT * FROM `sw_manager` WHERE `mg_id` = 3 LIMIT 1   [ RunTime:0.0000s ]
SQL: SHOW COLUMNS FROM `sw_role` [ RunTime:0.0000s ]
SQL: SELECT * FROM `sw_role` WHERE `role_id` = 0 LIMIT 1   [ RunTime:0.0000s ]
SQL: SELECT * FROM `sw_role` WHERE `role_id` = 100 LIMIT 1   [ RunTime:0.0000s ]
NOTIC: [8] Undefined index: validate D:\wamp64\www\tp\ThinkPHP\Library\Think\Model.class.php 第 1185 行.
SQL: SELECT * FROM `sw_manager` WHERE `mg_name` = '46789' LIMIT 1   [ RunTime:0.0010s ]

[ 2017-03-08T13:55:45+08:00 ] 127.0.0.1 /index.php/Admin/Manager/add
INFO: [ app_begin ] --START--
INFO: Run Behavior\ReadHtmlCacheBehavior [ RunTime:0.001000s ]
INFO: [ app_begin ] --END-- [ RunTime:0.002000s ]
SQL: SHOW COLUMNS FROM `sw_manager` [ RunTime:0.0000s ]
SQL: SELECT * FROM `sw_manager` WHERE `mg_id` = 3 LIMIT 1   [ RunTime:0.0000s ]
SQL: SHOW COLUMNS FROM `sw_role` [ RunTime:0.0010s ]
SQL: SELECT * FROM `sw_role` WHERE `role_id` = 0 LIMIT 1   [ RunTime:0.0000s ]
SQL: SELECT * FROM `sw_role` WHERE `role_id` = 100 LIMIT 1   [ RunTime:0.0000s ]
NOTIC: [8] Undefined index: validate D:\wamp64\www\tp\ThinkPHP\Library\Think\Model.class.php 第 1185 行.
SQL: SELECT * FROM `sw_manager` WHERE `mg_name` = '郑保坤' LIMIT 1   [ RunTime:0.0010s ]
NOTIC: [8] Undefined index: auto D:\wamp64\www\tp\ThinkPHP\Library\Think\Model.class.php 第 1128 行.
NOTIC: [8] Undefined index: password D:\wamp64\www\tp\shop\Admin\Controller\ManagerController.class.php 第 45 行.
SQL: SHOW COLUMNS FROM `sw_manager` [ RunTime:0.0000s ]
ERR: Think\Model:insert方法不存在！

[ 2017-03-08T13:55:49+08:00 ] 127.0.0.1 /index.php/Admin/Manager/add
INFO: [ app_begin ] --START--
INFO: Run Behavior\ReadHtmlCacheBehavior [ RunTime:0.001000s ]
INFO: [ app_begin ] --END-- [ RunTime:0.001000s ]
SQL: SHOW COLUMNS FROM `sw_manager` [ RunTime:0.0000s ]
SQL: SELECT * FROM `sw_manager` WHERE `mg_id` = 3 LIMIT 1   [ RunTime:0.0000s ]
SQL: SHOW COLUMNS FROM `sw_role` [ RunTime:0.0000s ]
SQL: SELECT * FROM `sw_role` WHERE `role_id` = 0 LIMIT 1   [ RunTime:0.0000s ]
SQL: SELECT * FROM `sw_role` WHERE `role_id` = 100 LIMIT 1   [ RunTime:0.0000s ]
NOTIC: [8] Undefined index: validate D:\wamp64\www\tp\ThinkPHP\Library\Think\Model.class.php 第 1185 行.
SQL: SELECT * FROM `sw_manager` WHERE `mg_name` = '郑保坤' LIMIT 1   [ RunTime:0.0000s ]
NOTIC: [8] Undefined index: auto D:\wamp64\www\tp\ThinkPHP\Library\Think\Model.class.php 第 1128 行.
NOTIC: [8] Undefined index: password D:\wamp64\www\tp\shop\Admin\Controller\ManagerController.class.php 第 45 行.
SQL: SHOW COLUMNS FROM `sw_manager` [ RunTime:0.0010s ]
ERR: Think\Model:insert方法不存在！

[ 2017-03-08T13:56:26+08:00 ] 127.0.0.1 /index.php/Admin/Manager/add
INFO: [ app_begin ] --START--
INFO: Run Behavior\ReadHtmlCacheBehavior [ RunTime:0.001000s ]
INFO: [ app_begin ] --END-- [ RunTime:0.002000s ]
SQL: SHOW COLUMNS FROM `sw_manager` [ RunTime:0.0000s ]
SQL: SELECT * FROM `sw_manager` WHERE `mg_id` = 3 LIMIT 1   [ RunTime:0.0000s ]
SQL: SHOW COLUMNS FROM `sw_role` [ RunTime:0.0000s ]
SQL: SELECT * FROM `sw_role` WHERE `role_id` = 0 LIMIT 1   [ RunTime:0.0000s ]
SQL: SELECT * FROM `sw_role` WHERE `role_id` = 100 LIMIT 1   [ RunTime:0.0000s ]
NOTIC: [8] Undefined index: validate D:\wamp64\www\tp\ThinkPHP\Library\Think\Model.class.php 第 1185 行.
SQL: SELECT * FROM `sw_manager` WHERE `mg_name` = '郑保坤' LIMIT 1   [ RunTime:0.0000s ]
NOTIC: [8] Undefined index: auto D:\wamp64\www\tp\ThinkPHP\Library\Think\Model.class.php 第 1128 行.
NOTIC: [8] Undefined index: password D:\wamp64\www\tp\shop\Admin\Controller\ManagerController.class.php 第 45 行.
ERR: 1364:Field 'mg_time' doesn't have a default value
 [ SQL语句 ] : INSERT INTO `sw_manager` (`mg_name`,`mg_pwd`,`mg_role_id`) VALUES ('郑保坤','123456','100')
ERR: 1364:Field 'mg_time' doesn't have a default value
 [ SQL语句 ] : INSERT INTO `sw_manager` (`mg_name`,`mg_pwd`,`mg_role_id`) VALUES ('郑保坤','123456','100')

[ 2017-03-08T13:57:30+08:00 ] 127.0.0.1 /index.php/Admin/Manager/add
INFO: [ app_begin ] --START--
INFO: Run Behavior\ReadHtmlCacheBehavior [ RunTime:0.000000s ]
INFO: [ app_begin ] --END-- [ RunTime:0.001000s ]
SQL: SHOW COLUMNS FROM `sw_manager` [ RunTime:0.0000s ]
SQL: SELECT * FROM `sw_manager` WHERE `mg_id` = 3 LIMIT 1   [ RunTime:0.0010s ]
SQL: SHOW COLUMNS FROM `sw_role` [ RunTime:0.0010s ]
SQL: SELECT * FROM `sw_role` WHERE `role_id` = 0 LIMIT 1   [ RunTime:0.0000s ]
SQL: SELECT * FROM `sw_role` WHERE `role_id` = 100 LIMIT 1   [ RunTime:0.0000s ]
NOTIC: [8] Undefined index: validate D:\wamp64\www\tp\ThinkPHP\Library\Think\Model.class.php 第 1185 行.
SQL: SELECT * FROM `sw_manager` WHERE `mg_name` = '郑保坤' LIMIT 1   [ RunTime:0.0010s ]
NOTIC: [8] Undefined index: auto D:\wamp64\www\tp\ThinkPHP\Library\Think\Model.class.php 第 1128 行.
NOTIC: [8] Undefined index: password D:\wamp64\www\tp\shop\Admin\Controller\ManagerController.class.php 第 45 行.
ERR: 1364:Field 'mg_time' doesn't have a default value
 [ SQL语句 ] : INSERT INTO `sw_manager` (`mg_name`,`mg_pwd`,`mg_role_id`) VALUES ('郑保坤','123456','100')
ERR: 1364:Field 'mg_time' doesn't have a default value
 [ SQL语句 ] : INSERT INTO `sw_manager` (`mg_name`,`mg_pwd`,`mg_role_id`) VALUES ('郑保坤','123456','100')

[ 2017-03-08T13:58:06+08:00 ] 127.0.0.1 /index.php/Admin/Manager/add
INFO: [ app_begin ] --START--
INFO: Run Behavior\ReadHtmlCacheBehavior [ RunTime:0.001001s ]
INFO: [ app_begin ] --END-- [ RunTime:0.001001s ]
SQL: SHOW COLUMNS FROM `sw_manager` [ RunTime:0.0000s ]
SQL: SELECT * FROM `sw_manager` WHERE `mg_id` = 3 LIMIT 1   [ RunTime:0.0000s ]
SQL: SHOW COLUMNS FROM `sw_role` [ RunTime:0.0000s ]
SQL: SELECT * FROM `sw_role` WHERE `role_id` = 0 LIMIT 1   [ RunTime:0.0010s ]
SQL: SELECT * FROM `sw_role` WHERE `role_id` = 100 LIMIT 1   [ RunTime:0.0010s ]
NOTIC: [8] Undefined index: validate D:\wamp64\www\tp\ThinkPHP\Library\Think\Model.class.php 第 1185 行.
SQL: SELECT * FROM `sw_manager` WHERE `mg_name` = '郑保坤' LIMIT 1   [ RunTime:0.0000s ]
NOTIC: [8] Undefined index: auto D:\wamp64\www\tp\ThinkPHP\Library\Think\Model.class.php 第 1128 行.
NOTIC: [8] Undefined index: password D:\wamp64\www\tp\shop\Admin\Controller\ManagerController.class.php 第 45 行.

[ 2017-03-08T13:58:33+08:00 ] 127.0.0.1 /index.php/Admin/Manager/add
INFO: [ app_begin ] --START--
INFO: Run Behavior\ReadHtmlCacheBehavior [ RunTime:0.001000s ]
INFO: [ app_begin ] --END-- [ RunTime:0.002000s ]
SQL: SHOW COLUMNS FROM `sw_manager` [ RunTime:0.0000s ]
SQL: SELECT * FROM `sw_manager` WHERE `mg_id` = 3 LIMIT 1   [ RunTime:0.0000s ]
SQL: SHOW COLUMNS FROM `sw_role` [ RunTime:0.0000s ]
SQL: SELECT * FROM `sw_role` WHERE `role_id` = 0 LIMIT 1   [ RunTime:0.0010s ]
SQL: SELECT * FROM `sw_role` WHERE `role_id` = 100 LIMIT 1   [ RunTime:0.0000s ]
NOTIC: [8] Undefined index: validate D:\wamp64\www\tp\ThinkPHP\Library\Think\Model.class.php 第 1185 行.
SQL: SELECT * FROM `sw_manager` WHERE `mg_name` = '郑保坤' LIMIT 1   [ RunTime:0.0000s ]
NOTIC: [8] Undefined index: auto D:\wamp64\www\tp\ThinkPHP\Library\Think\Model.class.php 第 1128 行.

[ 2017-03-08T13:58:48+08:00 ] 127.0.0.1 /index.php/Admin/Manager/add
INFO: [ app_begin ] --START--
INFO: Run Behavior\ReadHtmlCacheBehavior [ RunTime:0.001000s ]
INFO: [ app_begin ] --END-- [ RunTime:0.002000s ]
SQL: SHOW COLUMNS FROM `sw_manager` [ RunTime:0.0000s ]
SQL: SELECT * FROM `sw_manager` WHERE `mg_id` = 3 LIMIT 1   [ RunTime:0.0000s ]
SQL: SHOW COLUMNS FROM `sw_role` [ RunTime:0.0000s ]
SQL: SELECT * FROM `sw_role` WHERE `role_id` = 0 LIMIT 1   [ RunTime:0.0000s ]
SQL: SELECT * FROM `sw_role` WHERE `role_id` = 100 LIMIT 1   [ RunTime:0.0000s ]
NOTIC: [8] Undefined index: validate D:\wamp64\www\tp\ThinkPHP\Library\Think\Model.class.php 第 1185 行.
SQL: SELECT * FROM `sw_manager` WHERE `mg_name` = '郑保坤' LIMIT 1   [ RunTime:0.0000s ]
NOTIC: [8] Undefined index: auto D:\wamp64\www\tp\ThinkPHP\Library\Think\Model.class.php 第 1128 行.
ERR: 1364:Field 'mg_time' doesn't have a default value
 [ SQL语句 ] : INSERT INTO `sw_manager` (`mg_name`,`mg_pwd`,`mg_role_id`) VALUES ('郑保坤','a66abb5684c45962d887564f08346e8d','100')
ERR: 1364:Field 'mg_time' doesn't have a default value
 [ SQL语句 ] : INSERT INTO `sw_manager` (`mg_name`,`mg_pwd`,`mg_role_id`) VALUES ('郑保坤','a66abb5684c45962d887564f08346e8d','100')

[ 2017-03-08T13:58:53+08:00 ] 127.0.0.1 /index.php/Admin/Manager/add
INFO: [ app_begin ] --START--
INFO: Run Behavior\ReadHtmlCacheBehavior [ RunTime:0.001000s ]
INFO: [ app_begin ] --END-- [ RunTime:0.002000s ]
SQL: SHOW COLUMNS FROM `sw_manager` [ RunTime:0.0000s ]
SQL: SELECT * FROM `sw_manager` WHERE `mg_id` = 3 LIMIT 1   [ RunTime:0.0000s ]
SQL: SHOW COLUMNS FROM `sw_role` [ RunTime:0.0010s ]
SQL: SELECT * FROM `sw_role` WHERE `role_id` = 0 LIMIT 1   [ RunTime:0.0000s ]
SQL: SELECT * FROM `sw_role` WHERE `role_id` = 100 LIMIT 1   [ RunTime:0.0000s ]
NOTIC: [8] Undefined index: validate D:\wamp64\www\tp\ThinkPHP\Library\Think\Model.class.php 第 1185 行.
SQL: SELECT * FROM `sw_manager` WHERE `mg_name` = '郑保坤' LIMIT 1   [ RunTime:0.0000s ]
NOTIC: [8] Undefined index: auto D:\wamp64\www\tp\ThinkPHP\Library\Think\Model.class.php 第 1128 行.
ERR: 1364:Field 'mg_time' doesn't have a default value
 [ SQL语句 ] : INSERT INTO `sw_manager` (`mg_name`,`mg_pwd`,`mg_role_id`) VALUES ('郑保坤','a66abb5684c45962d887564f08346e8d','100')
ERR: 1364:Field 'mg_time' doesn't have a default value
 [ SQL语句 ] : INSERT INTO `sw_manager` (`mg_name`,`mg_pwd`,`mg_role_id`) VALUES ('郑保坤','a66abb5684c45962d887564f08346e8d','100')

[ 2017-03-08T14:00:00+08:00 ] 127.0.0.1 /index.php/Admin/Manager/add
INFO: [ app_begin ] --START--
INFO: Run Behavior\ReadHtmlCacheBehavior [ RunTime:0.000000s ]
INFO: [ app_begin ] --END-- [ RunTime:0.001000s ]
SQL: SHOW COLUMNS FROM `sw_manager` [ RunTime:0.0010s ]
SQL: SELECT * FROM `sw_manager` WHERE `mg_id` = 3 LIMIT 1   [ RunTime:0.0000s ]
SQL: SHOW COLUMNS FROM `sw_role` [ RunTime:0.0010s ]
SQL: SELECT * FROM `sw_role` WHERE `role_id` = 0 LIMIT 1   [ RunTime:0.0010s ]
SQL: SELECT * FROM `sw_role` WHERE `role_id` = 100 LIMIT 1   [ RunTime:0.0000s ]
NOTIC: [8] Undefined index: validate D:\wamp64\www\tp\ThinkPHP\Library\Think\Model.class.php 第 1185 行.
SQL: SELECT * FROM `sw_manager` WHERE `mg_name` = '郑保坤' LIMIT 1   [ RunTime:0.0010s ]
NOTIC: [8] Undefined index: auto D:\wamp64\www\tp\ThinkPHP\Library\Think\Model.class.php 第 1128 行.
SQL: INSERT INTO `sw_manager` (`mg_name`,`mg_pwd`,`mg_role_id`,`create_time`) VALUES ('郑保坤','a66abb5684c45962d887564f08346e8d','100','1488952800') [ RunTime:0.0450s ]

[ 2017-03-08T14:00:01+08:00 ] 127.0.0.1 /index.php/Admin/Manager/Manager/showlist
ERR: 非法操作:Manager

[ 2017-03-08T14:00:34+08:00 ] 127.0.0.1 /index.php/Admin/Manager/add
INFO: [ app_begin ] --START--
INFO: Run Behavior\ReadHtmlCacheBehavior [ RunTime:0.001000s ]
INFO: [ app_begin ] --END-- [ RunTime:0.001000s ]
SQL: SHOW COLUMNS FROM `sw_manager` [ RunTime:0.0010s ]
SQL: SELECT * FROM `sw_manager` WHERE `mg_id` = 3 LIMIT 1   [ RunTime:0.0000s ]
SQL: SHOW COLUMNS FROM `sw_role` [ RunTime:0.0010s ]
SQL: SELECT * FROM `sw_role` WHERE `role_id` = 0 LIMIT 1   [ RunTime:0.0000s ]
SQL: SELECT * FROM `sw_role` WHERE `role_id` = 100 LIMIT 1   [ RunTime:0.0000s ]
NOTIC: [8] Undefined index: validate D:\wamp64\www\tp\ThinkPHP\Library\Think\Model.class.php 第 1185 行.
SQL: SELECT * FROM `sw_manager` WHERE `mg_name` = '郑保坤' LIMIT 1   [ RunTime:0.0010s ]

[ 2017-03-08T14:00:38+08:00 ] 127.0.0.1 /index.php/Admin/Manager/add
INFO: [ app_begin ] --START--
INFO: Run Behavior\ReadHtmlCacheBehavior [ RunTime:0.002000s ]
INFO: [ app_begin ] --END-- [ RunTime:0.002000s ]
SQL: SHOW COLUMNS FROM `sw_manager` [ RunTime:0.0010s ]
SQL: SELECT * FROM `sw_manager` WHERE `mg_id` = 3 LIMIT 1   [ RunTime:0.0000s ]
SQL: SHOW COLUMNS FROM `sw_role` [ RunTime:0.0000s ]
SQL: SELECT * FROM `sw_role` WHERE `role_id` = 0 LIMIT 1   [ RunTime:0.0000s ]
SQL: SELECT * FROM `sw_role` WHERE `role_id` = 100 LIMIT 1   [ RunTime:0.0000s ]
NOTIC: [8] Undefined index: validate D:\wamp64\www\tp\ThinkPHP\Library\Think\Model.class.php 第 1185 行.
SQL: SELECT * FROM `sw_manager` WHERE `mg_name` = '保坤' LIMIT 1   [ RunTime:0.0000s ]
NOTIC: [8] Undefined index: auto D:\wamp64\www\tp\ThinkPHP\Library\Think\Model.class.php 第 1128 行.
SQL: INSERT INTO `sw_manager` (`mg_name`,`mg_pwd`,`mg_role_id`,`create_time`) VALUES ('保坤','a66abb5684c45962d887564f08346e8d','100','1488952838') [ RunTime:0.0590s ]

[ 2017-03-08T14:00:57+08:00 ] 127.0.0.1 /index.php/Admin/Manager/add
INFO: [ app_begin ] --START--
INFO: Run Behavior\ReadHtmlCacheBehavior [ RunTime:0.001000s ]
INFO: [ app_begin ] --END-- [ RunTime:0.001000s ]
SQL: SHOW COLUMNS FROM `sw_manager` [ RunTime:0.0020s ]
SQL: SELECT * FROM `sw_manager` WHERE `mg_id` = 3 LIMIT 1   [ RunTime:0.0010s ]
SQL: SHOW COLUMNS FROM `sw_role` [ RunTime:0.0010s ]
SQL: SELECT * FROM `sw_role` WHERE `role_id` = 0 LIMIT 1   [ RunTime:0.0010s ]
SQL: SELECT * FROM `sw_role` WHERE `role_id` = 100 LIMIT 1   [ RunTime:0.0010s ]
NOTIC: [8] Undefined index: validate D:\wamp64\www\tp\ThinkPHP\Library\Think\Model.class.php 第 1185 行.
SQL: SELECT * FROM `sw_manager` WHERE `mg_name` = '保坤 ' LIMIT 1   [ RunTime:0.0010s ]

[ 2017-03-08T14:01:04+08:00 ] 127.0.0.1 /index.php/Admin/Manager/add
INFO: [ app_begin ] --START--
INFO: Run Behavior\ReadHtmlCacheBehavior [ RunTime:0.001000s ]
INFO: [ app_begin ] --END-- [ RunTime:0.001000s ]
SQL: SHOW COLUMNS FROM `sw_manager` [ RunTime:0.0010s ]
SQL: SELECT * FROM `sw_manager` WHERE `mg_id` = 3 LIMIT 1   [ RunTime:0.0000s ]
SQL: SHOW COLUMNS FROM `sw_role` [ RunTime:0.0000s ]
SQL: SELECT * FROM `sw_role` WHERE `role_id` = 0 LIMIT 1   [ RunTime:0.0000s ]
SQL: SELECT * FROM `sw_role` WHERE `role_id` = 100 LIMIT 1   [ RunTime:0.0000s ]
NOTIC: [8] Undefined index: validate D:\wamp64\www\tp\ThinkPHP\Library\Think\Model.class.php 第 1185 行.
SQL: SELECT * FROM `sw_manager` WHERE `mg_name` = '保坤              ' LIMIT 1   [ RunTime:0.0000s ]

[ 2017-03-08T14:01:23+08:00 ] 127.0.0.1 /index.php/Admin/Manager/login.html
INFO: [ app_begin ] --START--
INFO: Run Behavior\ReadHtmlCacheBehavior [ RunTime:0.001000s ]
INFO: [ app_begin ] --END-- [ RunTime:0.001000s ]
SQL: SHOW COLUMNS FROM `sw_manager` [ RunTime:0.0010s ]
SQL: SELECT * FROM `sw_manager` LIMIT 1   [ RunTime:0.0000s ]
SQL: SHOW COLUMNS FROM `sw_role` [ RunTime:0.0010s ]
SQL: SELECT * FROM `sw_role` WHERE `role_id` = 100 LIMIT 1   [ RunTime:0.0000s ]
SQL: SELECT * FROM `sw_manager` WHERE `mg_name` = '保坤' AND `mg_pwd` = '123456' LIMIT 1   [ RunTime:0.0000s ]

[ 2017-03-08T14:01:35+08:00 ] 127.0.0.1 /index.php/Admin/Manager/login.html
INFO: [ app_begin ] --START--
INFO: Run Behavior\ReadHtmlCacheBehavior [ RunTime:0.001000s ]
INFO: [ app_begin ] --END-- [ RunTime:0.002001s ]
SQL: SHOW COLUMNS FROM `sw_manager` [ RunTime:0.0000s ]
SQL: SELECT * FROM `sw_manager` LIMIT 1   [ RunTime:0.0000s ]
SQL: SHOW COLUMNS FROM `sw_role` [ RunTime:0.0010s ]
SQL: SELECT * FROM `sw_role` WHERE `role_id` = 100 LIMIT 1   [ RunTime:0.0000s ]
SQL: SELECT * FROM `sw_manager` WHERE `mg_name` = '郑保坤' AND `mg_pwd` = '123456' LIMIT 1   [ RunTime:0.0000s ]

[ 2017-03-08T14:03:19+08:00 ] 127.0.0.1 /admin/login
ERR: 无法加载控制器:Login

[ 2017-03-08T14:03:34+08:00 ] 127.0.0.1 /index.php/Admin/Manager/login
INFO: [ app_begin ] --START--
INFO: Run Behavior\ReadHtmlCacheBehavior [ RunTime:0.001001s ]
INFO: [ app_begin ] --END-- [ RunTime:0.001001s ]
SQL: SHOW COLUMNS FROM `sw_manager` [ RunTime:0.0010s ]
SQL: SELECT * FROM `sw_manager` LIMIT 1   [ RunTime:0.0010s ]
SQL: SHOW COLUMNS FROM `sw_role` [ RunTime:0.0010s ]
SQL: SELECT * FROM `sw_role` WHERE `role_id` = 100 LIMIT 1   [ RunTime:0.0000s ]
SQL: SELECT * FROM `sw_manager` WHERE `mg_name` = 'admin' AND `mg_pwd` = 'a66abb5684c45962d887564f08346e8d' LIMIT 1   [ RunTime:0.0000s ]

[ 2017-03-08T14:03:49+08:00 ] 127.0.0.1 /index.php/Admin/Manager/login
INFO: [ app_begin ] --START--
INFO: Run Behavior\ReadHtmlCacheBehavior [ RunTime:0.001000s ]
INFO: [ app_begin ] --END-- [ RunTime:0.002001s ]
SQL: SHOW COLUMNS FROM `sw_manager` [ RunTime:0.0000s ]
SQL: SELECT * FROM `sw_manager` LIMIT 1   [ RunTime:0.0000s ]
SQL: SHOW COLUMNS FROM `sw_role` [ RunTime:0.0010s ]
SQL: SELECT * FROM `sw_role` WHERE `role_id` = 100 LIMIT 1   [ RunTime:0.0000s ]

[ 2017-03-08T14:03:56+08:00 ] 127.0.0.1 /index.php/Admin/Manager/login
INFO: [ app_begin ] --START--
INFO: Run Behavior\ReadHtmlCacheBehavior [ RunTime:0.002000s ]
INFO: [ app_begin ] --END-- [ RunTime:0.002000s ]
SQL: SHOW COLUMNS FROM `sw_manager` [ RunTime:0.0000s ]
SQL: SELECT * FROM `sw_manager` LIMIT 1   [ RunTime:0.0000s ]
SQL: SHOW COLUMNS FROM `sw_role` [ RunTime:0.0010s ]
SQL: SELECT * FROM `sw_role` WHERE `role_id` = 100 LIMIT 1   [ RunTime:0.0010s ]
SQL: SELECT * FROM `sw_manager` WHERE `mg_name` = 'admin' AND `mg_pwd` = 'a66abb5684c45962d887564f08346e8d' LIMIT 1   [ RunTime:0.0010s ]

[ 2017-03-08T14:04:18+08:00 ] 127.0.0.1 /index.php/Admin/Manager/login.html
INFO: [ app_begin ] --START--
INFO: Run Behavior\ReadHtmlCacheBehavior [ RunTime:0.001000s ]
INFO: [ app_begin ] --END-- [ RunTime:0.001000s ]
SQL: SHOW COLUMNS FROM `sw_manager` [ RunTime:0.0010s ]
SQL: SELECT * FROM `sw_manager` LIMIT 1   [ RunTime:0.0000s ]
SQL: SHOW COLUMNS FROM `sw_role` [ RunTime:0.0000s ]
SQL: SELECT * FROM `sw_role` WHERE `role_id` = 100 LIMIT 1   [ RunTime:0.0000s ]
SQL: SELECT * FROM `sw_manager` WHERE `mg_name` = '郑保坤' AND `mg_pwd` = 'a66abb5684c45962d887564f08346e8d' LIMIT 1   [ RunTime:0.0010s ]

[ 2017-03-08T14:04:39+08:00 ] 127.0.0.1 /index.php/Admin/Manager/login.html
INFO: [ app_begin ] --START--
INFO: Run Behavior\ReadHtmlCacheBehavior [ RunTime:0.001000s ]
INFO: [ app_begin ] --END-- [ RunTime:0.001000s ]
SQL: SHOW COLUMNS FROM `sw_manager` [ RunTime:0.0000s ]
SQL: SELECT * FROM `sw_manager` LIMIT 1   [ RunTime:0.0000s ]
SQL: SHOW COLUMNS FROM `sw_role` [ RunTime:0.0010s ]
SQL: SELECT * FROM `sw_role` WHERE `role_id` = 100 LIMIT 1   [ RunTime:0.0000s ]
SQL: SELECT * FROM `sw_manager` WHERE `mg_name` = 'admin' AND `mg_pwd` = 'a66abb5684c45962d887564f08346e8d' LIMIT 1   [ RunTime:0.0000s ]

[ 2017-03-08T14:05:31+08:00 ] 127.0.0.1 /index.php/Admin/Manager/login.html
INFO: [ app_begin ] --START--
INFO: Run Behavior\ReadHtmlCacheBehavior [ RunTime:0.001000s ]
INFO: [ app_begin ] --END-- [ RunTime:0.002000s ]
SQL: SHOW COLUMNS FROM `sw_manager` [ RunTime:0.0000s ]
SQL: SELECT * FROM `sw_manager` LIMIT 1   [ RunTime:0.0000s ]
SQL: SHOW COLUMNS FROM `sw_role` [ RunTime:0.0010s ]
SQL: SELECT * FROM `sw_role` WHERE `role_id` = 100 LIMIT 1   [ RunTime:0.0000s ]
SQL: SELECT * FROM `sw_manager` WHERE `mg_name` = '郑保坤' AND `mg_pwd` = 'a66abb5684c45962d887564f08346e8d' LIMIT 1   [ RunTime:0.0000s ]

[ 2017-03-08T14:05:57+08:00 ] 127.0.0.1 /index.php/Admin/Manager/login.html
INFO: [ app_begin ] --START--
INFO: Run Behavior\ReadHtmlCacheBehavior [ RunTime:0.001000s ]
INFO: [ app_begin ] --END-- [ RunTime:0.001000s ]
SQL: SHOW COLUMNS FROM `sw_manager` [ RunTime:0.0000s ]
SQL: SELECT * FROM `sw_manager` LIMIT 1   [ RunTime:0.0000s ]
SQL: SHOW COLUMNS FROM `sw_role` [ RunTime:0.0000s ]
SQL: SELECT * FROM `sw_role` WHERE `role_id` = 100 LIMIT 1   [ RunTime:0.0000s ]
SQL: SELECT * FROM `sw_manager` WHERE `mg_name` = 'admin' AND `mg_pwd` = 'a66abb5684c45962d887564f08346e8d' LIMIT 1   [ RunTime:0.0000s ]

[ 2017-03-08T14:11:22+08:00 ] 127.0.0.1 /index.php/Admin/Manager/login.html
INFO: [ app_begin ] --START--
INFO: Run Behavior\ReadHtmlCacheBehavior [ RunTime:0.001000s ]
INFO: [ app_begin ] --END-- [ RunTime:0.002000s ]
SQL: SHOW COLUMNS FROM `sw_manager` [ RunTime:0.0000s ]
SQL: SELECT * FROM `sw_manager` LIMIT 1   [ RunTime:0.0000s ]
SQL: SHOW COLUMNS FROM `sw_role` [ RunTime:0.0000s ]
SQL: SELECT * FROM `sw_role` WHERE `role_id` = 100 LIMIT 1   [ RunTime:0.0000s ]
SQL: SELECT * FROM `sw_manager` WHERE `mg_name` = 'admin' AND `mg_pwd` = 'a66abb5684c45962d887564f08346e8d' LIMIT 1   [ RunTime:0.0000s ]

[ 2017-03-08T14:17:13+08:00 ] 127.0.0.1 /index.php/Admin/Manager/login.html
INFO: [ app_begin ] --START--
INFO: Run Behavior\ReadHtmlCacheBehavior [ RunTime:0.001000s ]
INFO: [ app_begin ] --END-- [ RunTime:0.001000s ]
SQL: SHOW COLUMNS FROM `sw_manager` [ RunTime:0.0000s ]
SQL: SELECT * FROM `sw_manager` LIMIT 1   [ RunTime:0.0000s ]
SQL: SHOW COLUMNS FROM `sw_role` [ RunTime:0.0000s ]
SQL: SELECT * FROM `sw_role` WHERE `role_id` = 100 LIMIT 1   [ RunTime:0.0010s ]
SQL: SELECT * FROM `sw_manager` WHERE `mg_name` = 'tom' AND `mg_pwd` = 'a66abb5684c45962d887564f08346e8d' LIMIT 1   [ RunTime:0.0000s ]

[ 2017-03-08T14:17:16+08:00 ] 127.0.0.1 /index.php/Admin/Manager/login.html
INFO: [ app_begin ] --START--
INFO: Run Behavior\ReadHtmlCacheBehavior [ RunTime:0.001001s ]
INFO: [ app_begin ] --END-- [ RunTime:0.002001s ]
SQL: SHOW COLUMNS FROM `sw_manager` [ RunTime:0.0010s ]
SQL: SELECT * FROM `sw_manager` LIMIT 1   [ RunTime:0.0010s ]
SQL: SHOW COLUMNS FROM `sw_role` [ RunTime:0.0000s ]
SQL: SELECT * FROM `sw_role` WHERE `role_id` = 100 LIMIT 1   [ RunTime:0.0000s ]

[ 2017-03-08T14:17:23+08:00 ] 127.0.0.1 /index.php/Admin/Manager/login.html
INFO: [ app_begin ] --START--
INFO: Run Behavior\ReadHtmlCacheBehavior [ RunTime:0.001000s ]
INFO: [ app_begin ] --END-- [ RunTime:0.002000s ]
SQL: SHOW COLUMNS FROM `sw_manager` [ RunTime:0.0020s ]
SQL: SELECT * FROM `sw_manager` LIMIT 1   [ RunTime:0.0000s ]
SQL: SHOW COLUMNS FROM `sw_role` [ RunTime:0.0010s ]
SQL: SELECT * FROM `sw_role` WHERE `role_id` = 100 LIMIT 1   [ RunTime:0.0000s ]
SQL: SELECT * FROM `sw_manager` WHERE `mg_name` = 'toma' AND `mg_pwd` = 'a66abb5684c45962d887564f08346e8d' LIMIT 1   [ RunTime:0.0000s ]

[ 2017-03-08T14:18:05+08:00 ] 127.0.0.1 /index.php/Admin/Manager/login.html
INFO: [ app_begin ] --START--
INFO: Run Behavior\ReadHtmlCacheBehavior [ RunTime:0.001000s ]
INFO: [ app_begin ] --END-- [ RunTime:0.001000s ]
SQL: SHOW COLUMNS FROM `sw_manager` [ RunTime:0.0010s ]
SQL: SELECT * FROM `sw_manager` LIMIT 1   [ RunTime:0.0000s ]
SQL: SHOW COLUMNS FROM `sw_role` [ RunTime:0.0010s ]
SQL: SELECT * FROM `sw_role` WHERE `role_id` = 100 LIMIT 1   [ RunTime:0.0010s ]

[ 2017-03-08T14:18:15+08:00 ] 127.0.0.1 /index.php/Admin/Manager/login.html
INFO: [ app_begin ] --START--
INFO: Run Behavior\ReadHtmlCacheBehavior [ RunTime:0.001000s ]
INFO: [ app_begin ] --END-- [ RunTime:0.002000s ]
SQL: SHOW COLUMNS FROM `sw_manager` [ RunTime:0.0010s ]
SQL: SELECT * FROM `sw_manager` LIMIT 1   [ RunTime:0.0000s ]
SQL: SHOW COLUMNS FROM `sw_role` [ RunTime:0.0000s ]
SQL: SELECT * FROM `sw_role` WHERE `role_id` = 100 LIMIT 1   [ RunTime:0.0010s ]
SQL: SELECT * FROM `sw_manager` WHERE `mg_name` = 'tom' AND `mg_pwd` = 'a66abb5684c45962d887564f08346e8d' LIMIT 1   [ RunTime:0.0000s ]

[ 2017-03-08T14:18:21+08:00 ] 127.0.0.1 /index.php/Admin/Manager/login.html
INFO: [ app_begin ] --START--
INFO: Run Behavior\ReadHtmlCacheBehavior [ RunTime:0.001000s ]
INFO: [ app_begin ] --END-- [ RunTime:0.002000s ]
SQL: SHOW COLUMNS FROM `sw_manager` [ RunTime:0.0010s ]
SQL: SELECT * FROM `sw_manager` LIMIT 1   [ RunTime:0.0010s ]
SQL: SHOW COLUMNS FROM `sw_role` [ RunTime:0.0010s ]
SQL: SELECT * FROM `sw_role` WHERE `role_id` = 100 LIMIT 1   [ RunTime:0.0000s ]
SQL: SELECT * FROM `sw_manager` WHERE `mg_name` = 'toma' AND `mg_pwd` = 'a66abb5684c45962d887564f08346e8d' LIMIT 1   [ RunTime:0.0000s ]

[ 2017-03-08T14:18:33+08:00 ] 127.0.0.1 /index.php/Admin/Manager/login.html
INFO: [ app_begin ] --START--
INFO: Run Behavior\ReadHtmlCacheBehavior [ RunTime:0.001000s ]
INFO: [ app_begin ] --END-- [ RunTime:0.002000s ]
SQL: SHOW COLUMNS FROM `sw_manager` [ RunTime:0.0010s ]
SQL: SELECT * FROM `sw_manager` LIMIT 1   [ RunTime:0.0000s ]
SQL: SHOW COLUMNS FROM `sw_role` [ RunTime:0.0000s ]
SQL: SELECT * FROM `sw_role` WHERE `role_id` = 100 LIMIT 1   [ RunTime:0.0000s ]
SQL: SELECT * FROM `sw_manager` WHERE `mg_name` = 'admin' AND `mg_pwd` = 'a66abb5684c45962d887564f08346e8d' LIMIT 1   [ RunTime:0.0010s ]

[ 2017-03-08T14:22:33+08:00 ] 127.0.0.1 /index.php/Admin/Manager/login
INFO: [ app_begin ] --START--
INFO: Run Behavior\ReadHtmlCacheBehavior [ RunTime:0.001000s ]
INFO: [ app_begin ] --END-- [ RunTime:0.001000s ]
SQL: SHOW COLUMNS FROM `sw_manager` [ RunTime:0.0000s ]
SQL: SELECT * FROM `sw_manager` LIMIT 1   [ RunTime:0.0000s ]
SQL: SHOW COLUMNS FROM `sw_role` [ RunTime:0.0000s ]
SQL: SELECT * FROM `sw_role` WHERE `role_id` = 100 LIMIT 1   [ RunTime:0.0000s ]
SQL: SELECT * FROM `sw_manager` WHERE `mg_name` = '郑保坤' AND `mg_pwd` = 'a66abb5684c45962d887564f08346e8d' LIMIT 1   [ RunTime:0.0000s ]

[ 2017-03-08T14:25:15+08:00 ] 127.0.0.1 /index.php/Admin/Goods/upd
ERR: 参数错误或者未定义:goods_id

[ 2017-03-08T14:25:42+08:00 ] 127.0.0.1 /index.php/Admin/Manager/login
INFO: [ app_begin ] --START--
INFO: Run Behavior\ReadHtmlCacheBehavior [ RunTime:0.001000s ]
INFO: [ app_begin ] --END-- [ RunTime:0.001000s ]
SQL: SHOW COLUMNS FROM `sw_manager` [ RunTime:0.0010s ]
SQL: SELECT * FROM `sw_manager` LIMIT 1   [ RunTime:0.0000s ]
SQL: SHOW COLUMNS FROM `sw_role` [ RunTime:0.0010s ]
SQL: SELECT * FROM `sw_role` WHERE `role_id` = 100 LIMIT 1   [ RunTime:0.0000s ]
SQL: SELECT * FROM `sw_manager` WHERE `mg_name` = '郑保坤' AND `mg_pwd` = 'a66abb5684c45962d887564f08346e8d' LIMIT 1   [ RunTime:0.0000s ]

[ 2017-03-08T14:35:29+08:00 ] 127.0.0.1 /index.php/Admin/Manager/login.html
INFO: [ app_begin ] --START--
INFO: Run Behavior\ReadHtmlCacheBehavior [ RunTime:0.001000s ]
INFO: [ app_begin ] --END-- [ RunTime:0.002000s ]
SQL: SHOW COLUMNS FROM `sw_manager` [ RunTime:0.0000s ]
SQL: SELECT * FROM `sw_manager` LIMIT 1   [ RunTime:0.0000s ]
SQL: SHOW COLUMNS FROM `sw_role` [ RunTime:0.0000s ]
SQL: SELECT * FROM `sw_role` WHERE `role_id` = 100 LIMIT 1   [ RunTime:0.0010s ]
SQL: SELECT * FROM `sw_manager` WHERE `mg_name` = 'tom' AND `mg_pwd` = 'a66abb5684c45962d887564f08346e8d' LIMIT 1   [ RunTime:0.0000s ]

[ 2017-03-08T14:35:41+08:00 ] 127.0.0.1 /index.php/Admin/Manager/login.html
INFO: [ app_begin ] --START--
INFO: Run Behavior\ReadHtmlCacheBehavior [ RunTime:0.001000s ]
INFO: [ app_begin ] --END-- [ RunTime:0.002000s ]
SQL: SHOW COLUMNS FROM `sw_manager` [ RunTime:0.0010s ]
SQL: SELECT * FROM `sw_manager` LIMIT 1   [ RunTime:0.0010s ]
SQL: SHOW COLUMNS FROM `sw_role` [ RunTime:0.0000s ]
SQL: SELECT * FROM `sw_role` WHERE `role_id` = 100 LIMIT 1   [ RunTime:0.0010s ]
SQL: SELECT * FROM `sw_manager` WHERE `mg_name` = '郑保坤' AND `mg_pwd` = 'a66abb5684c45962d887564f08346e8d' LIMIT 1   [ RunTime:0.0010s ]

[ 2017-03-08T14:35:56+08:00 ] 127.0.0.1 /index.php/Admin/Goods/upd/goods_id/
ERR: 参数错误或者未定义:goods_id

[ 2017-03-08T14:36:04+08:00 ] 127.0.0.1 /index.php/Admin/Goods/upd/goods_id/
ERR: 参数错误或者未定义:goods_id

[ 2017-03-08T14:36:55+08:00 ] 127.0.0.1 /index.php/Admin/Manager/login.html
INFO: [ app_begin ] --START--
INFO: Run Behavior\ReadHtmlCacheBehavior [ RunTime:0.001000s ]
INFO: [ app_begin ] --END-- [ RunTime:0.002000s ]
SQL: SHOW COLUMNS FROM `sw_manager` [ RunTime:0.0010s ]
SQL: SELECT * FROM `sw_manager` LIMIT 1   [ RunTime:0.0000s ]
SQL: SHOW COLUMNS FROM `sw_role` [ RunTime:0.0000s ]
SQL: SELECT * FROM `sw_role` WHERE `role_id` = 100 LIMIT 1   [ RunTime:0.0000s ]
SQL: SELECT * FROM `sw_manager` WHERE `mg_name` = 'admin' AND `mg_pwd` = 'a66abb5684c45962d887564f08346e8d' LIMIT 1   [ RunTime:0.0010s ]

[ 2017-03-08T14:37:01+08:00 ] 127.0.0.1 /index.php/Admin/Goods/upd
ERR: 参数错误或者未定义:goods_id

[ 2017-03-08T14:40:49+08:00 ] 127.0.0.1 /index.php/Admin/Manager/login.html
INFO: [ app_begin ] --START--
INFO: Run Behavior\ReadHtmlCacheBehavior [ RunTime:0.001000s ]
INFO: [ app_begin ] --END-- [ RunTime:0.001000s ]
SQL: SHOW COLUMNS FROM `sw_manager` [ RunTime:0.0010s ]
SQL: SELECT * FROM `sw_manager` LIMIT 1   [ RunTime:0.0000s ]
SQL: SHOW COLUMNS FROM `sw_role` [ RunTime:0.0000s ]
SQL: SELECT * FROM `sw_role` WHERE `role_id` = 100 LIMIT 1   [ RunTime:0.0000s ]
SQL: SELECT * FROM `sw_manager` WHERE `mg_name` = 'tom' AND `mg_pwd` = 'a66abb5684c45962d887564f08346e8d' LIMIT 1   [ RunTime:0.0000s ]

[ 2017-03-08T14:41:01+08:00 ] 127.0.0.1 /index.php/Admin/Manager/login.html
INFO: [ app_begin ] --START--
INFO: Run Behavior\ReadHtmlCacheBehavior [ RunTime:0.001000s ]
INFO: [ app_begin ] --END-- [ RunTime:0.001000s ]
SQL: SHOW COLUMNS FROM `sw_manager` [ RunTime:0.0010s ]
SQL: SELECT * FROM `sw_manager` LIMIT 1   [ RunTime:0.0010s ]
SQL: SHOW COLUMNS FROM `sw_role` [ RunTime:0.0000s ]
SQL: SELECT * FROM `sw_role` WHERE `role_id` = 100 LIMIT 1   [ RunTime:0.0000s ]
SQL: SELECT * FROM `sw_manager` WHERE `mg_name` = 'admin' AND `mg_pwd` = 'a66abb5684c45962d887564f08346e8d' LIMIT 1   [ RunTime:0.0000s ]

[ 2017-03-08T14:41:24+08:00 ] 127.0.0.1 /index.php/Admin/Manager/login.html
INFO: [ app_begin ] --START--
INFO: Run Behavior\ReadHtmlCacheBehavior [ RunTime:0.001000s ]
INFO: [ app_begin ] --END-- [ RunTime:0.002000s ]
SQL: SHOW COLUMNS FROM `sw_manager` [ RunTime:0.0000s ]
SQL: SELECT * FROM `sw_manager` LIMIT 1   [ RunTime:0.0000s ]
SQL: SHOW COLUMNS FROM `sw_role` [ RunTime:0.0000s ]
SQL: SELECT * FROM `sw_role` WHERE `role_id` = 100 LIMIT 1   [ RunTime:0.0010s ]
SQL: SELECT * FROM `sw_manager` WHERE `mg_name` = 'admin' AND `mg_pwd` = 'a66abb5684c45962d887564f08346e8d' LIMIT 1   [ RunTime:0.0000s ]

[ 2017-03-08T14:41:40+08:00 ] 127.0.0.1 /index.php/Admin/Manager/login.html
INFO: [ app_begin ] --START--
INFO: Run Behavior\ReadHtmlCacheBehavior [ RunTime:0.002001s ]
INFO: [ app_begin ] --END-- [ RunTime:0.002001s ]
SQL: SHOW COLUMNS FROM `sw_manager` [ RunTime:0.0010s ]
SQL: SELECT * FROM `sw_manager` LIMIT 1   [ RunTime:0.0000s ]
SQL: SHOW COLUMNS FROM `sw_role` [ RunTime:0.0000s ]
SQL: SELECT * FROM `sw_role` WHERE `role_id` = 100 LIMIT 1   [ RunTime:0.0000s ]
SQL: SELECT * FROM `sw_manager` WHERE `mg_name` = 'admin' AND `mg_pwd` = 'a66abb5684c45962d887564f08346e8d' LIMIT 1   [ RunTime:0.0010s ]

[ 2017-03-08T15:40:51+08:00 ] 127.0.0.1 /index.php/Admin/Goods/
ERR: 非法操作:index

[ 2017-03-08T15:45:58+08:00 ] 127.0.0.1 /index.php/Admin/Goods/
ERR: 非法操作:index

